<?xml version="1.0" encoding="UTF-8"?>
<!-- Generated by org.testng.reporters.JUnitXMLReporter -->
<testsuite ignored="0" hostname="Mi-Bebecito.local" failures="2" tests="3" name="Gradle test" time="31.238" errors="0" timestamp="2025-12-29T19:43:02 ICT">
  <testcase classname="testcases.purchasepage.SeatSelectionTest" name="TC01_Verify_Booking_Requires_Login" time="2.868"/>
  <testcase classname="testcases.purchasepage.SeatSelectionTest" name="TC01_Verify_Seat_Selection_Functionality" time="13.021">
    <failure type="org.openqa.selenium.TimeoutException" message="Expected condition failed: waiting for visibility of element located by By.cssSelector: div[role=&amp;apos;dialog&amp;apos;] (tried for 10 second(s) with 500 milliseconds interval)
Build info: version: &amp;apos;4.35.0&amp;apos;, revision: &amp;apos;1c58e5028b&amp;apos;
System info: os.name: &amp;apos;Mac OS X&amp;apos;, os.arch: &amp;apos;aarch64&amp;apos;, os.version: &amp;apos;15.7.2&amp;apos;, java.version: &amp;apos;21.0.8&amp;apos;
Driver info: org.openqa.selenium.chrome.ChromeDriver
Capabilities {acceptInsecureCerts: false, browserName: chrome, browserVersion: 143.0.7499.170, chrome: {chromedriverVersion: 143.0.7499.169 (164b20aab62..., userDataDir: /var/folders/2x/c_66mg6d27s...}, fedcm:accounts: true, goog:chromeOptions: {debuggerAddress: localhost:53480}, goog:processID: 78638, networkConnectionEnabled: false, pageLoadStrategy: normal, platformName: mac, proxy: Proxy(), se:cdp: ws://localhost:53480/devtoo..., se:cdpVersion: 143.0.7499.170, setWindowRect: true, strictFileInteractability: false, timeouts: {implicit: 0, pageLoad: 300000, script: 30000}, unhandledPromptBehavior: dismiss and notify, webauthn:extension:credBlob: true, webauthn:extension:largeBlob: true, webauthn:extension:minPinLength: true, webauthn:extension:prf: true, webauthn:virtualAuthenticators: true}
Session ID: 9c7c6e13c5acb4b6167be74a93c8541f">
      <![CDATA[org.openqa.selenium.TimeoutException: Expected condition failed: waiting for visibility of element located by By.cssSelector: div[role='dialog'] (tried for 10 second(s) with 500 milliseconds interval)
Build info: version: '4.35.0', revision: '1c58e5028b'
System info: os.name: 'Mac OS X', os.arch: 'aarch64', os.version: '15.7.2', java.version: '21.0.8'
Driver info: org.openqa.selenium.chrome.ChromeDriver
Capabilities {acceptInsecureCerts: false, browserName: chrome, browserVersion: 143.0.7499.170, chrome: {chromedriverVersion: 143.0.7499.169 (164b20aab62..., userDataDir: /var/folders/2x/c_66mg6d27s...}, fedcm:accounts: true, goog:chromeOptions: {debuggerAddress: localhost:53480}, goog:processID: 78638, networkConnectionEnabled: false, pageLoadStrategy: normal, platformName: mac, proxy: Proxy(), se:cdp: ws://localhost:53480/devtoo..., se:cdpVersion: 143.0.7499.170, setWindowRect: true, strictFileInteractability: false, timeouts: {implicit: 0, pageLoad: 300000, script: 30000}, unhandledPromptBehavior: dismiss and notify, webauthn:extension:credBlob: true, webauthn:extension:largeBlob: true, webauthn:extension:minPinLength: true, webauthn:extension:prf: true, webauthn:virtualAuthenticators: true}
Session ID: 9c7c6e13c5acb4b6167be74a93c8541f
at org.openqa.selenium.support.ui.WebDriverWait.timeoutException(WebDriverWait.java:84)
at org.openqa.selenium.support.ui.FluentWait.until(FluentWait.java:228)
at base.BasePage.waitForVisibilityOfElementLocated(BasePage.java:24)
at base.BasePage.waitForVisibilityOfElementLocated(BasePage.java:28)
at pages.PurchasePage.isModalVisible(PurchasePage.java:106)
at testcases.purchasepage.SeatSelectionTest.TC01_Verify_Seat_Selection_Functionality(SeatSelectionTest.java:113)
at java.base/java.util.ArrayList.forEach(ArrayList.java:1596)
at jdk.proxy1/jdk.proxy1.$Proxy4.stop(Unknown Source)
... Removed 40 stack frames]]>
    </failure>
  </testcase> <!-- TC01_Verify_Seat_Selection_Functionality -->
  <testcase classname="testcases.purchasepage.SeatSelectionTest" name="TC02_Verify_Summary_And_Booking_Success" time="13.166">
    <failure type="org.openqa.selenium.TimeoutException" message="Expected condition failed: waiting for element to be clickable: By.xpath: //button[.=&amp;apos;160&amp;apos;] (tried for 10 second(s) with 500 milliseconds interval)
Build info: version: &amp;apos;4.35.0&amp;apos;, revision: &amp;apos;1c58e5028b&amp;apos;
System info: os.name: &amp;apos;Mac OS X&amp;apos;, os.arch: &amp;apos;aarch64&amp;apos;, os.version: &amp;apos;15.7.2&amp;apos;, java.version: &amp;apos;21.0.8&amp;apos;
Driver info: org.openqa.selenium.chrome.ChromeDriver
Capabilities {acceptInsecureCerts: false, browserName: chrome, browserVersion: 143.0.7499.170, chrome: {chromedriverVersion: 143.0.7499.169 (164b20aab62..., userDataDir: /var/folders/2x/c_66mg6d27s...}, fedcm:accounts: true, goog:chromeOptions: {debuggerAddress: localhost:53480}, goog:processID: 78638, networkConnectionEnabled: false, pageLoadStrategy: normal, platformName: mac, proxy: Proxy(), se:cdp: ws://localhost:53480/devtoo..., se:cdpVersion: 143.0.7499.170, setWindowRect: true, strictFileInteractability: false, timeouts: {implicit: 0, pageLoad: 300000, script: 30000}, unhandledPromptBehavior: dismiss and notify, webauthn:extension:credBlob: true, webauthn:extension:largeBlob: true, webauthn:extension:minPinLength: true, webauthn:extension:prf: true, webauthn:virtualAuthenticators: true}
Session ID: 9c7c6e13c5acb4b6167be74a93c8541f">
      <![CDATA[org.openqa.selenium.TimeoutException: Expected condition failed: waiting for element to be clickable: By.xpath: //button[.='160'] (tried for 10 second(s) with 500 milliseconds interval)
Build info: version: '4.35.0', revision: '1c58e5028b'
System info: os.name: 'Mac OS X', os.arch: 'aarch64', os.version: '15.7.2', java.version: '21.0.8'
Driver info: org.openqa.selenium.chrome.ChromeDriver
Capabilities {acceptInsecureCerts: false, browserName: chrome, browserVersion: 143.0.7499.170, chrome: {chromedriverVersion: 143.0.7499.169 (164b20aab62..., userDataDir: /var/folders/2x/c_66mg6d27s...}, fedcm:accounts: true, goog:chromeOptions: {debuggerAddress: localhost:53480}, goog:processID: 78638, networkConnectionEnabled: false, pageLoadStrategy: normal, platformName: mac, proxy: Proxy(), se:cdp: ws://localhost:53480/devtoo..., se:cdpVersion: 143.0.7499.170, setWindowRect: true, strictFileInteractability: false, timeouts: {implicit: 0, pageLoad: 300000, script: 30000}, unhandledPromptBehavior: dismiss and notify, webauthn:extension:credBlob: true, webauthn:extension:largeBlob: true, webauthn:extension:minPinLength: true, webauthn:extension:prf: true, webauthn:virtualAuthenticators: true}
Session ID: 9c7c6e13c5acb4b6167be74a93c8541f
at org.openqa.selenium.support.ui.WebDriverWait.timeoutException(WebDriverWait.java:84)
at org.openqa.selenium.support.ui.FluentWait.until(FluentWait.java:228)
at base.BasePage.waitForElementToBeClickable(BasePage.java:33)
at base.BasePage.click(BasePage.java:61)
at base.BasePage.click(BasePage.java:66)
at pages.PurchasePage.selectSeat(PurchasePage.java:61)
at testcases.purchasepage.SeatSelectionTest.TC02_Verify_Summary_And_Booking_Success(SeatSelectionTest.java:196)
at java.base/java.util.ArrayList.forEach(ArrayList.java:1596)
at jdk.proxy1/jdk.proxy1.$Proxy4.stop(Unknown Source)
... Removed 40 stack frames]]>
    </failure>
  </testcase> <!-- TC02_Verify_Summary_And_Booking_Success -->
</testsuite> <!-- Gradle test -->
