<?xml version="1.0" encoding="UTF-8"?>
<!-- Generated by org.testng.reporters.JUnitXMLReporter -->
<testsuite ignored="0" hostname="Nguyen-Thi-Laptop" failures="1" tests="9" name="Gradle test" time="37.136" errors="0" timestamp="2026-01-07T16:29:27 ICT">
  <testcase classname="testcases.accountpage.AccountPageTest" name="@BeforeMethod setLoginPage" time="10.438">
    <failure type="org.openqa.selenium.TimeoutException" message="Expected condition failed: waiting for element to be clickable: By.xpath: //h3[text()=&amp;apos;Đăng Nhập&amp;apos;]/parent::a (tried for 10 second(s) with 500 milliseconds interval)
Build info: version: &amp;apos;4.35.0&amp;apos;, revision: &amp;apos;1c58e5028b&amp;apos;
System info: os.name: &amp;apos;Windows 11&amp;apos;, os.arch: &amp;apos;amd64&amp;apos;, os.version: &amp;apos;10.0&amp;apos;, java.version: &amp;apos;21.0.8&amp;apos;
Driver info: org.openqa.selenium.chrome.ChromeDriver
Capabilities {acceptInsecureCerts: false, browserName: chrome, browserVersion: 143.0.7499.170, chrome: {chromedriverVersion: 143.0.7499.192 (be2c1f4fd45..., userDataDir: C:\Users\Admin\AppData\Loca...}, fedcm:accounts: true, goog:chromeOptions: {debuggerAddress: localhost:52063}, goog:processID: 14700, networkConnectionEnabled: false, pageLoadStrategy: normal, platformName: windows, proxy: Proxy(), se:cdp: ws://localhost:52063/devtoo..., se:cdpVersion: 143.0.7499.170, setWindowRect: true, strictFileInteractability: false, timeouts: {implicit: 0, pageLoad: 300000, script: 30000}, unhandledPromptBehavior: dismiss and notify, webauthn:extension:credBlob: true, webauthn:extension:largeBlob: true, webauthn:extension:minPinLength: true, webauthn:extension:prf: true, webauthn:virtualAuthenticators: true}
Session ID: ebab6bc911a9e0b15e4685a303a4cda8">
      <![CDATA[org.openqa.selenium.TimeoutException: Expected condition failed: waiting for element to be clickable: By.xpath: //h3[text()='Đăng Nhập']/parent::a (tried for 10 second(s) with 500 milliseconds interval)
Build info: version: '4.35.0', revision: '1c58e5028b'
System info: os.name: 'Windows 11', os.arch: 'amd64', os.version: '10.0', java.version: '21.0.8'
Driver info: org.openqa.selenium.chrome.ChromeDriver
Capabilities {acceptInsecureCerts: false, browserName: chrome, browserVersion: 143.0.7499.170, chrome: {chromedriverVersion: 143.0.7499.192 (be2c1f4fd45..., userDataDir: C:\Users\Admin\AppData\Loca...}, fedcm:accounts: true, goog:chromeOptions: {debuggerAddress: localhost:52063}, goog:processID: 14700, networkConnectionEnabled: false, pageLoadStrategy: normal, platformName: windows, proxy: Proxy(), se:cdp: ws://localhost:52063/devtoo..., se:cdpVersion: 143.0.7499.170, setWindowRect: true, strictFileInteractability: false, timeouts: {implicit: 0, pageLoad: 300000, script: 30000}, unhandledPromptBehavior: dismiss and notify, webauthn:extension:credBlob: true, webauthn:extension:largeBlob: true, webauthn:extension:minPinLength: true, webauthn:extension:prf: true, webauthn:virtualAuthenticators: true}
Session ID: ebab6bc911a9e0b15e4685a303a4cda8
at org.openqa.selenium.support.ui.WebDriverWait.timeoutException(WebDriverWait.java:84)
at org.openqa.selenium.support.ui.FluentWait.until(FluentWait.java:228)
at base.BasePage.waitForElementToBeClickable(BasePage.java:33)
at base.BasePage.click(BasePage.java:61)
at base.BasePage.click(BasePage.java:66)
at components.TopBarNavigation.navigateLoginPage(TopBarNavigation.java:68)
at testcases.accountpage.AccountPageTest.setLoginPage(AccountPageTest.java:39)
at java.base/java.util.ArrayList.forEach(ArrayList.java:1596)
at jdk.proxy1/jdk.proxy1.$Proxy4.stop(Unknown Source)
... Removed 44 stack frames]]>
    </failure>
  </testcase> <!-- @BeforeMethod setLoginPage -->
  <testcase classname="base.BaseTest" name="@AfterMethod afterMethod" time="0.0">
    <skipped/>
  </testcase> <!-- @AfterMethod afterMethod -->
  <testcase classname="base.BaseTest" name="@BeforeMethod beforeMethod" time="0.0">
    <skipped/>
  </testcase> <!-- @BeforeMethod beforeMethod -->
  <testcase classname="testcases.accountpage.AccountPageTest" name="@BeforeMethod setLoginPage" time="0.0">
    <skipped/>
  </testcase> <!-- @BeforeMethod setLoginPage -->
  <testcase classname="base.BaseTest" name="@AfterMethod afterMethod" time="0.0">
    <skipped/>
  </testcase> <!-- @AfterMethod afterMethod -->
  <testcase classname="base.BaseTest" name="@BeforeMethod beforeMethod" time="0.0">
    <skipped/>
  </testcase> <!-- @BeforeMethod beforeMethod -->
  <testcase classname="testcases.accountpage.AccountPageTest" name="@BeforeMethod setLoginPage" time="0.0">
    <skipped/>
  </testcase> <!-- @BeforeMethod setLoginPage -->
  <testcase classname="base.BaseTest" name="@AfterMethod afterMethod" time="0.0">
    <skipped/>
  </testcase> <!-- @AfterMethod afterMethod -->
  <testcase classname="base.BaseTest" name="@BeforeMethod beforeMethod" time="0.0">
    <skipped/>
  </testcase> <!-- @BeforeMethod beforeMethod -->
  <testcase classname="testcases.accountpage.AccountPageTest" name="@BeforeMethod setLoginPage" time="0.0">
    <skipped/>
  </testcase> <!-- @BeforeMethod setLoginPage -->
  <testcase classname="base.BaseTest" name="@AfterMethod afterMethod" time="0.0">
    <skipped/>
  </testcase> <!-- @AfterMethod afterMethod -->
  <testcase classname="base.BaseTest" name="@BeforeMethod beforeMethod" time="0.0">
    <skipped/>
  </testcase> <!-- @BeforeMethod beforeMethod -->
  <testcase classname="testcases.accountpage.AccountPageTest" name="@BeforeMethod setLoginPage" time="0.0">
    <skipped/>
  </testcase> <!-- @BeforeMethod setLoginPage -->
  <testcase classname="base.BaseTest" name="@AfterMethod afterMethod" time="0.0">
    <skipped/>
  </testcase> <!-- @AfterMethod afterMethod -->
  <testcase classname="base.BaseTest" name="@BeforeMethod beforeMethod" time="0.0">
    <skipped/>
  </testcase> <!-- @BeforeMethod beforeMethod -->
  <testcase classname="testcases.accountpage.AccountPageTest" name="@BeforeMethod setLoginPage" time="0.0">
    <skipped/>
  </testcase> <!-- @BeforeMethod setLoginPage -->
  <testcase classname="base.BaseTest" name="@AfterMethod afterMethod" time="0.0">
    <skipped/>
  </testcase> <!-- @AfterMethod afterMethod -->
  <testcase classname="base.BaseTest" name="@BeforeMethod beforeMethod" time="0.0">
    <skipped/>
  </testcase> <!-- @BeforeMethod beforeMethod -->
  <testcase classname="testcases.accountpage.AccountPageTest" name="@BeforeMethod setLoginPage" time="0.0">
    <skipped/>
  </testcase> <!-- @BeforeMethod setLoginPage -->
  <testcase classname="base.BaseTest" name="@AfterMethod afterMethod" time="0.0">
    <skipped/>
  </testcase> <!-- @AfterMethod afterMethod -->
  <testcase classname="base.BaseTest" name="@BeforeMethod beforeMethod" time="0.0">
    <skipped/>
  </testcase> <!-- @BeforeMethod beforeMethod -->
  <testcase classname="testcases.accountpage.AccountPageTest" name="@BeforeMethod setLoginPage" time="0.0">
    <skipped/>
  </testcase> <!-- @BeforeMethod setLoginPage -->
  <testcase classname="base.BaseTest" name="@AfterMethod afterMethod" time="0.0">
    <skipped/>
  </testcase> <!-- @AfterMethod afterMethod -->
  <testcase classname="base.BaseTest" name="@AfterClass afterClass" time="0.0">
    <skipped/>
  </testcase> <!-- @AfterClass afterClass -->
  <testcase classname="testcases.accountpage.AccountPageTest" name="TC_Verify_Update_Profile_Failure_With_Invalid_Email_With_Spaces" time="7.858">
    <failure type="java.lang.AssertionError" message="BUG: Invalid email with spaces but no validation message is displayed expected [false] but found [true]">
      <![CDATA[java.lang.AssertionError: BUG: Invalid email with spaces but no validation message is displayed expected [false] but found [true]
at testcases.accountpage.AccountPageTest.TC_Verify_Update_Profile_Failure_With_Invalid_Email_With_Spaces(AccountPageTest.java:233)
at java.base/java.util.ArrayList.forEach(ArrayList.java:1596)
at jdk.proxy1/jdk.proxy1.$Proxy4.stop(Unknown Source)
... Removed 43 stack frames]]>
    </failure>
  </testcase> <!-- TC_Verify_Update_Profile_Failure_With_Invalid_Email_With_Spaces -->
  <testcase classname="testcases.accountpage.AccountPageTest" name="TC_Verify_Update_Profile_Failure_With_Invalid_Email_Without_Special_Character" time="0.0">
    <skipped/>
  </testcase> <!-- TC_Verify_Update_Profile_Failure_With_Invalid_Email_Without_Special_Character -->
  <testcase classname="testcases.accountpage.AccountPageTest" name="TC_Verify_Update_Profile_Failure_With_Invalid_FullName" time="0.0">
    <skipped/>
  </testcase> <!-- TC_Verify_Update_Profile_Failure_With_Invalid_FullName -->
  <testcase classname="testcases.accountpage.AccountPageTest" name="TC_Verify_Update_Profile_Failure_With_Invalid_Password_Having_Leading_Spaces" time="0.0">
    <skipped/>
  </testcase> <!-- TC_Verify_Update_Profile_Failure_With_Invalid_Password_Having_Leading_Spaces -->
  <testcase classname="testcases.accountpage.AccountPageTest" name="TC_Verify_Update_Profile_Failure_With_Invalid_Password_Less_Than_6_Characters" time="0.0">
    <skipped/>
  </testcase> <!-- TC_Verify_Update_Profile_Failure_With_Invalid_Password_Less_Than_6_Characters -->
  <testcase classname="testcases.accountpage.AccountPageTest" name="TC_Verify_Update_Profile_Failure_With_Invalid_Phone_Less_Than_10_Digits" time="0.0">
    <skipped/>
  </testcase> <!-- TC_Verify_Update_Profile_Failure_With_Invalid_Phone_Less_Than_10_Digits -->
  <testcase classname="testcases.accountpage.AccountPageTest" name="TC_Verify_Update_Profile_Failure_With_Invalid_Phone_More_Than_10_Digits" time="0.0">
    <skipped/>
  </testcase> <!-- TC_Verify_Update_Profile_Failure_With_Invalid_Phone_More_Than_10_Digits -->
  <testcase classname="testcases.accountpage.AccountPageTest" name="TC_Verify_Update_Profile_Failure_With_Invalid_Phone_With_Characters" time="0.0">
    <skipped/>
  </testcase> <!-- TC_Verify_Update_Profile_Failure_With_Invalid_Phone_With_Characters -->
  <testcase classname="testcases.accountpage.AccountPageTest" name="TC_Verify_Update_Profile_Success_With_Valid_Data" time="0.0">
    <skipped/>
  </testcase> <!-- TC_Verify_Update_Profile_Success_With_Valid_Data -->
</testsuite> <!-- Gradle test -->
