<?xml version="1.0" encoding="UTF-8"?>
<!-- Generated by org.testng.reporters.JUnitXMLReporter -->
<testsuite ignored="0" hostname="Mi-Bebecito.local" failures="1" tests="1" name="Gradle test" time="14.105" errors="0" timestamp="2025-12-29T17:04:43 ICT">
  <testcase classname="testcases.accountpage.AccountPageTest" name="TC_Verify_Update_Profile_Failure_With_Invalid_Email_Without_Special_Character" time="10.986">
    <failure type="org.openqa.selenium.TimeoutException" message="Expected condition failed: waiting for visibility of element located by By.xpath: //*/ancestor::div[contains(@class,&amp;apos;MuiFormControl-root&amp;apos;)]//p[contains(@class,&amp;apos;MuiFormHelperText-root&amp;apos;)] (tried for 10 second(s) with 500 milliseconds interval)
Build info: version: &amp;apos;4.35.0&amp;apos;, revision: &amp;apos;1c58e5028b&amp;apos;
System info: os.name: &amp;apos;Mac OS X&amp;apos;, os.arch: &amp;apos;aarch64&amp;apos;, os.version: &amp;apos;15.7.2&amp;apos;, java.version: &amp;apos;21.0.8&amp;apos;
Driver info: org.openqa.selenium.chrome.ChromeDriver
Capabilities {acceptInsecureCerts: false, browserName: chrome, browserVersion: 143.0.7499.170, chrome: {chromedriverVersion: 143.0.7499.169 (164b20aab62..., userDataDir: /var/folders/2x/c_66mg6d27s...}, fedcm:accounts: true, goog:chromeOptions: {debuggerAddress: localhost:60453}, goog:processID: 74830, networkConnectionEnabled: false, pageLoadStrategy: normal, platformName: mac, proxy: Proxy(), se:cdp: ws://localhost:60453/devtoo..., se:cdpVersion: 143.0.7499.170, setWindowRect: true, strictFileInteractability: false, timeouts: {implicit: 0, pageLoad: 300000, script: 30000}, unhandledPromptBehavior: dismiss and notify, webauthn:extension:credBlob: true, webauthn:extension:largeBlob: true, webauthn:extension:minPinLength: true, webauthn:extension:prf: true, webauthn:virtualAuthenticators: true}
Session ID: ce79043f87056b2c1d2ba030823f494a">
      <![CDATA[org.openqa.selenium.TimeoutException: Expected condition failed: waiting for visibility of element located by By.xpath: //*/ancestor::div[contains(@class,'MuiFormControl-root')]//p[contains(@class,'MuiFormHelperText-root')] (tried for 10 second(s) with 500 milliseconds interval)
Build info: version: '4.35.0', revision: '1c58e5028b'
System info: os.name: 'Mac OS X', os.arch: 'aarch64', os.version: '15.7.2', java.version: '21.0.8'
Driver info: org.openqa.selenium.chrome.ChromeDriver
Capabilities {acceptInsecureCerts: false, browserName: chrome, browserVersion: 143.0.7499.170, chrome: {chromedriverVersion: 143.0.7499.169 (164b20aab62..., userDataDir: /var/folders/2x/c_66mg6d27s...}, fedcm:accounts: true, goog:chromeOptions: {debuggerAddress: localhost:60453}, goog:processID: 74830, networkConnectionEnabled: false, pageLoadStrategy: normal, platformName: mac, proxy: Proxy(), se:cdp: ws://localhost:60453/devtoo..., se:cdpVersion: 143.0.7499.170, setWindowRect: true, strictFileInteractability: false, timeouts: {implicit: 0, pageLoad: 300000, script: 30000}, unhandledPromptBehavior: dismiss and notify, webauthn:extension:credBlob: true, webauthn:extension:largeBlob: true, webauthn:extension:minPinLength: true, webauthn:extension:prf: true, webauthn:virtualAuthenticators: true}
Session ID: ce79043f87056b2c1d2ba030823f494a
at org.openqa.selenium.support.ui.WebDriverWait.timeoutException(WebDriverWait.java:84)
at org.openqa.selenium.support.ui.FluentWait.until(FluentWait.java:228)
at base.BasePage.waitForVisibilityOfElementLocated(BasePage.java:24)
at base.BasePage.getText(BasePage.java:71)
at base.BasePage.getText(BasePage.java:76)
at pages.AccountPage.getEmailError(AccountPage.java:212)
at testcases.accountpage.AccountPageTest.TC_Verify_Update_Profile_Failure_With_Invalid_Email_Without_Special_Character(AccountPageTest.java:141)
at java.base/java.util.ArrayList.forEach(ArrayList.java:1596)
at jdk.proxy1/jdk.proxy1.$Proxy4.stop(Unknown Source)
... Removed 40 stack frames]]>
    </failure>
  </testcase> <!-- TC_Verify_Update_Profile_Failure_With_Invalid_Email_Without_Special_Character -->
</testsuite> <!-- Gradle test -->
