<?xml version="1.0" encoding="UTF-8"?>
<!-- Generated by org.testng.reporters.JUnitXMLReporter -->
<testsuite ignored="0" hostname="Mi-Bebecito.local" failures="1" tests="7" name="Gradle test" time="12.537" errors="0" timestamp="2025-12-19T16:24:36 ICT">
  <testcase classname="base.BaseTest" name="@AfterMethod afterMethod" time="0.305">
    <failure type="java.lang.RuntimeException" message="java.io.FileNotFoundException: test-output/screenshots/TC03_Verify_Showtimes_Scroll_20251219_162436.png (No such file or directory)">
      <![CDATA[java.lang.RuntimeException: java.io.FileNotFoundException: test-output/screenshots/TC03_Verify_Showtimes_Scroll_20251219_162436.png (No such file or directory)
at reports.ExtentReportManager.captureScreenshot(ExtentReportManager.java:67)
at base.BaseTest.afterMethod(BaseTest.java:46)
at java.base/java.util.ArrayList.forEach(ArrayList.java:1596)
at jdk.proxy1/jdk.proxy1.$Proxy4.stop(Unknown Source)
Caused by: java.io.FileNotFoundException: test-output/screenshots/TC03_Verify_Showtimes_Scroll_20251219_162436.png (No such file or directory)
at java.base/java.io.FileOutputStream.open0(Native Method)
at java.base/java.io.FileOutputStream.open(FileOutputStream.java:289)
at java.base/java.io.FileOutputStream.<init>(FileOutputStream.java:230)
at com.google.common.io.Files$FileByteSink.openStream(Files.java:195)
at com.google.common.io.Files$FileByteSink.openStream(Files.java:183)
at com.google.common.io.ByteSource.copyTo(ByteSource.java:278)
at com.google.common.io.Files.copy(Files.java:326)
at reports.ExtentReportManager.captureScreenshot(ExtentReportManager.java:63)
... 48 more
... Removed 45 stack frames]]>
    </failure>
  </testcase> <!-- @AfterMethod afterMethod -->
  <testcase classname="base.BaseTest" name="@BeforeMethod beforeMethod" time="0.0">
    <skipped/>
  </testcase> <!-- @BeforeMethod beforeMethod -->
  <testcase classname="testcases.homepage.HeaderNavigationTest" name="@BeforeMethod setUpPages" time="0.0">
    <skipped/>
  </testcase> <!-- @BeforeMethod setUpPages -->
  <testcase classname="base.BaseTest" name="@AfterMethod afterMethod" time="0.0">
    <skipped/>
  </testcase> <!-- @AfterMethod afterMethod -->
  <testcase classname="base.BaseTest" name="@BeforeMethod beforeMethod" time="0.0">
    <skipped/>
  </testcase> <!-- @BeforeMethod beforeMethod -->
  <testcase classname="testcases.homepage.HeaderNavigationTest" name="@BeforeMethod setUpPages" time="0.0">
    <skipped/>
  </testcase> <!-- @BeforeMethod setUpPages -->
  <testcase classname="base.BaseTest" name="@AfterMethod afterMethod" time="0.0">
    <skipped/>
  </testcase> <!-- @AfterMethod afterMethod -->
  <testcase classname="base.BaseTest" name="@BeforeMethod beforeMethod" time="0.0">
    <skipped/>
  </testcase> <!-- @BeforeMethod beforeMethod -->
  <testcase classname="testcases.homepage.HeaderNavigationTest" name="@BeforeMethod setUpPages" time="0.0">
    <skipped/>
  </testcase> <!-- @BeforeMethod setUpPages -->
  <testcase classname="base.BaseTest" name="@AfterMethod afterMethod" time="0.0">
    <skipped/>
  </testcase> <!-- @AfterMethod afterMethod -->
  <testcase classname="base.BaseTest" name="@BeforeMethod beforeMethod" time="0.0">
    <skipped/>
  </testcase> <!-- @BeforeMethod beforeMethod -->
  <testcase classname="testcases.homepage.HeaderNavigationTest" name="@BeforeMethod setUpPages" time="0.0">
    <skipped/>
  </testcase> <!-- @BeforeMethod setUpPages -->
  <testcase classname="base.BaseTest" name="@AfterMethod afterMethod" time="0.0">
    <skipped/>
  </testcase> <!-- @AfterMethod afterMethod -->
  <testcase classname="base.BaseTest" name="@BeforeMethod beforeMethod" time="0.0">
    <skipped/>
  </testcase> <!-- @BeforeMethod beforeMethod -->
  <testcase classname="testcases.homepage.HeaderNavigationTest" name="@BeforeMethod setUpPages" time="0.0">
    <skipped/>
  </testcase> <!-- @BeforeMethod setUpPages -->
  <testcase classname="base.BaseTest" name="@AfterMethod afterMethod" time="0.0">
    <skipped/>
  </testcase> <!-- @AfterMethod afterMethod -->
  <testcase classname="base.BaseTest" name="@AfterClass afterClass" time="0.0">
    <skipped/>
  </testcase> <!-- @AfterClass afterClass -->
  <testcase classname="testcases.homepage.HeaderNavigationTest" name="TC01_Verify_Logo_Displayed" time="0.036"/>
  <testcase classname="testcases.homepage.HeaderNavigationTest" name="TC03_Verify_Showtimes_Scroll" time="10.322">
    <failure type="org.openqa.selenium.TimeoutException" message="Expected condition failed: waiting for visibility of element located by By.id: showtimes (tried for 10 second(s) with 500 milliseconds interval)
Build info: version: &amp;apos;4.35.0&amp;apos;, revision: &amp;apos;1c58e5028b&amp;apos;
System info: os.name: &amp;apos;Mac OS X&amp;apos;, os.arch: &amp;apos;aarch64&amp;apos;, os.version: &amp;apos;15.7.2&amp;apos;, java.version: &amp;apos;21.0.8&amp;apos;
Driver info: org.openqa.selenium.chrome.ChromeDriver
Capabilities {acceptInsecureCerts: false, browserName: chrome, browserVersion: 143.0.7499.110, chrome: {chromedriverVersion: 143.0.7499.169 (164b20aab62..., userDataDir: /var/folders/2x/c_66mg6d27s...}, fedcm:accounts: true, goog:chromeOptions: {debuggerAddress: localhost:52785}, goog:processID: 88812, networkConnectionEnabled: false, pageLoadStrategy: normal, platformName: mac, proxy: Proxy(), se:cdp: ws://localhost:52785/devtoo..., se:cdpVersion: 143.0.7499.110, setWindowRect: true, strictFileInteractability: false, timeouts: {implicit: 0, pageLoad: 300000, script: 30000}, unhandledPromptBehavior: dismiss and notify, webauthn:extension:credBlob: true, webauthn:extension:largeBlob: true, webauthn:extension:minPinLength: true, webauthn:extension:prf: true, webauthn:virtualAuthenticators: true}
Session ID: 6f090cde4e062dd1c6875b92726e88bc">
      <![CDATA[org.openqa.selenium.TimeoutException: Expected condition failed: waiting for visibility of element located by By.id: showtimes (tried for 10 second(s) with 500 milliseconds interval)
Build info: version: '4.35.0', revision: '1c58e5028b'
System info: os.name: 'Mac OS X', os.arch: 'aarch64', os.version: '15.7.2', java.version: '21.0.8'
Driver info: org.openqa.selenium.chrome.ChromeDriver
Capabilities {acceptInsecureCerts: false, browserName: chrome, browserVersion: 143.0.7499.110, chrome: {chromedriverVersion: 143.0.7499.169 (164b20aab62..., userDataDir: /var/folders/2x/c_66mg6d27s...}, fedcm:accounts: true, goog:chromeOptions: {debuggerAddress: localhost:52785}, goog:processID: 88812, networkConnectionEnabled: false, pageLoadStrategy: normal, platformName: mac, proxy: Proxy(), se:cdp: ws://localhost:52785/devtoo..., se:cdpVersion: 143.0.7499.110, setWindowRect: true, strictFileInteractability: false, timeouts: {implicit: 0, pageLoad: 300000, script: 30000}, unhandledPromptBehavior: dismiss and notify, webauthn:extension:credBlob: true, webauthn:extension:largeBlob: true, webauthn:extension:minPinLength: true, webauthn:extension:prf: true, webauthn:virtualAuthenticators: true}
Session ID: 6f090cde4e062dd1c6875b92726e88bc
at org.openqa.selenium.support.ui.WebDriverWait.timeoutException(WebDriverWait.java:84)
at org.openqa.selenium.support.ui.FluentWait.until(FluentWait.java:228)
at base.BasePage.waitForVisibilityOfElementLocated(BasePage.java:24)
at base.BasePage.waitForVisibilityOfElementLocated(BasePage.java:28)
at pages.components.HomeSection.isShowtimesVisible(HomeSection.java:14)
at testcases.homepage.HeaderNavigationTest.TC03_Verify_Showtimes_Scroll(HeaderNavigationTest.java:38)
at java.base/java.util.ArrayList.forEach(ArrayList.java:1596)
at jdk.proxy1/jdk.proxy1.$Proxy4.stop(Unknown Source)
... Removed 40 stack frames]]>
    </failure>
  </testcase> <!-- TC03_Verify_Showtimes_Scroll -->
  <testcase classname="testcases.homepage.HeaderNavigationTest" name="TC04_Verify_Cinemas_Scroll" time="0.0">
    <skipped/>
  </testcase> <!-- TC04_Verify_Cinemas_Scroll -->
  <testcase classname="testcases.homepage.HeaderNavigationTest" name="TC05_Verify_News_Scroll" time="0.0">
    <skipped/>
  </testcase> <!-- TC05_Verify_News_Scroll -->
  <testcase classname="testcases.homepage.HeaderNavigationTest" name="TC06_Verify_MobileApp_Scroll" time="0.0">
    <skipped/>
  </testcase> <!-- TC06_Verify_MobileApp_Scroll -->
  <testcase classname="testcases.homepage.HeaderNavigationTest" name="TC07_Verify_Login_Redirect" time="0.0">
    <skipped/>
  </testcase> <!-- TC07_Verify_Login_Redirect -->
  <testcase classname="testcases.homepage.HeaderNavigationTest" name="TC08_Verify_Register_Redirect" time="0.0">
    <skipped/>
  </testcase> <!-- TC08_Verify_Register_Redirect -->
</testsuite> <!-- Gradle test -->
