[2026-01-04 01:29:26] [INFO ] RegisterTest - beforeSuite - Init Extent Report
[2026-01-04 01:29:26] [INFO ] TestListener - onStart
[2026-01-04 01:29:38] [INFO ] TopBarNavigation - navigateRegisterPage
[2026-01-04 01:29:38] [INFO ] TopBarNavigation - click: By.xpath: //h3[text()='Đăng Ký'] in 10s
[2026-01-04 01:29:38] [INFO ] TopBarNavigation - waitForElementToBeClickable: By.xpath: //h3[text()='Đăng Ký'] in 10s
[2026-01-04 01:29:39] [INFO ] TestListener - onTestStart
[2026-01-04 01:29:39] [INFO ] RegisterTest - TC_Already_Have_Account_Link_Redirects_Login
[2026-01-04 01:29:39] [INFO ] RegisterPage - click: By.xpath: //h3[.='Bạn đã có tài khoản? Đăng nhập'] in 10s
[2026-01-04 01:29:39] [INFO ] RegisterPage - waitForElementToBeClickable: By.xpath: //h3[.='Bạn đã có tài khoản? Đăng nhập'] in 10s
[2026-01-04 01:29:40] [INFO ] TestListener - onTestSuccess: TC_Already_Have_Account_Link_Redirects_Login - PASSED
[2026-01-04 01:29:40] [INFO ] RegisterTest - Test completed
[2026-01-04 01:29:40] [INFO ] TopBarNavigation - navigateRegisterPage
[2026-01-04 01:29:40] [INFO ] TopBarNavigation - click: By.xpath: //h3[text()='Đăng Ký'] in 10s
[2026-01-04 01:29:40] [INFO ] TopBarNavigation - waitForElementToBeClickable: By.xpath: //h3[text()='Đăng Ký'] in 10s
[2026-01-04 01:29:40] [INFO ] TestListener - onTestStart
[2026-01-04 01:29:40] [INFO ] RegisterTest - TC_Double_Click_Register_Only_One_Request
[2026-01-04 01:29:40] [INFO ] RegisterPage - enterAccount: tester_1767464980859
[2026-01-04 01:29:40] [INFO ] RegisterPage - sendKeys: By.id: taiKhoan with tester_1767464980859 in 10s
[2026-01-04 01:29:40] [INFO ] RegisterPage - waitForVisibilityOfElementLocated: By.id: taiKhoan in 10s
[2026-01-04 01:29:41] [INFO ] RegisterPage - enterEmail: tester_1767464980859@example.com
[2026-01-04 01:29:41] [INFO ] RegisterPage - sendKeys: By.id: email with tester_1767464980859@example.com in 10s
[2026-01-04 01:29:41] [INFO ] RegisterPage - waitForVisibilityOfElementLocated: By.id: email in 10s
[2026-01-04 01:29:41] [INFO ] RegisterPage - enterPassword: StrongPass123
[2026-01-04 01:29:41] [INFO ] RegisterPage - sendKeys: By.id: matKhau with StrongPass123 in 10s
[2026-01-04 01:29:41] [INFO ] RegisterPage - waitForVisibilityOfElementLocated: By.id: matKhau in 10s
[2026-01-04 01:29:42] [INFO ] RegisterPage - enterConfirmPassword: StrongPass123
[2026-01-04 01:29:42] [INFO ] RegisterPage - sendKeys: By.id: confirmPassWord with StrongPass123 in 10s
[2026-01-04 01:29:42] [INFO ] RegisterPage - waitForVisibilityOfElementLocated: By.id: confirmPassWord in 10s
[2026-01-04 01:29:42] [INFO ] RegisterPage - enterName: Tester A
[2026-01-04 01:29:42] [INFO ] RegisterPage - sendKeys: By.id: hoTen with Tester A in 10s
[2026-01-04 01:29:42] [INFO ] RegisterPage - waitForVisibilityOfElementLocated: By.id: hoTen in 10s
[2026-01-04 01:29:42] [INFO ] RegisterPage - clickRegister
[2026-01-04 01:29:42] [INFO ] RegisterPage - click: By.xpath: //button[.='Đăng ký'] in 10s
[2026-01-04 01:29:42] [INFO ] RegisterPage - waitForElementToBeClickable: By.xpath: //button[.='Đăng ký'] in 10s
[2026-01-04 01:29:43] [INFO ] RegisterPage - clickRegister
[2026-01-04 01:29:43] [INFO ] RegisterPage - click: By.xpath: //button[.='Đăng ký'] in 10s
[2026-01-04 01:29:43] [INFO ] RegisterPage - waitForElementToBeClickable: By.xpath: //button[.='Đăng ký'] in 10s
[2026-01-04 01:29:43] [INFO ] RegisterTest - VP3.1: 'Đăng nhập thành công' message displays
[2026-01-04 01:29:43] [INFO ] LoginPage - getLoginMsg
[2026-01-04 01:29:43] [INFO ] LoginPage - getText: By.id: swal2-title in 10s
[2026-01-04 01:29:43] [INFO ] LoginPage - waitForVisibilityOfElementLocated: By.id: swal2-title in 10s
[2026-01-04 01:29:44] [INFO ] TestListener - onTestFailure: TC_Double_Click_Register_Only_One_Request - FAILED
[2026-01-04 01:29:45] [INFO ] TestListener - Saved screenshot: D:\Java learning\AutomationCapstone\test-output\screenshots\TC_Double_Click_Register_Only_One_Request_20260104_01_29_45.png
[2026-01-04 01:29:45] [INFO ] RegisterTest - Test completed
[2026-01-04 01:29:46] [INFO ] TopBarNavigation - navigateRegisterPage
[2026-01-04 01:29:46] [INFO ] TopBarNavigation - click: By.xpath: //h3[text()='Đăng Ký'] in 10s
[2026-01-04 01:29:46] [INFO ] TopBarNavigation - waitForElementToBeClickable: By.xpath: //h3[text()='Đăng Ký'] in 10s
[2026-01-04 01:29:46] [INFO ] TestListener - onTestStart
[2026-01-04 01:29:46] [INFO ] RegisterTest - TC_Negative_Register_Test_Cases - Required fields empty
[2026-01-04 01:29:46] [INFO ] RegisterPage - enterAccount: 
[2026-01-04 01:29:46] [INFO ] RegisterPage - sendKeys: By.id: taiKhoan with  in 10s
[2026-01-04 01:29:46] [INFO ] RegisterPage - waitForVisibilityOfElementLocated: By.id: taiKhoan in 10s
[2026-01-04 01:29:47] [INFO ] RegisterPage - enterEmail: 
[2026-01-04 01:29:47] [INFO ] RegisterPage - sendKeys: By.id: email with  in 10s
[2026-01-04 01:29:47] [INFO ] RegisterPage - waitForVisibilityOfElementLocated: By.id: email in 10s
[2026-01-04 01:29:47] [INFO ] RegisterPage - enterPassword: 
[2026-01-04 01:29:47] [INFO ] RegisterPage - sendKeys: By.id: matKhau with  in 10s
[2026-01-04 01:29:47] [INFO ] RegisterPage - waitForVisibilityOfElementLocated: By.id: matKhau in 10s
[2026-01-04 01:29:47] [INFO ] RegisterPage - enterConfirmPassword: 
[2026-01-04 01:29:47] [INFO ] RegisterPage - sendKeys: By.id: confirmPassWord with  in 10s
[2026-01-04 01:29:47] [INFO ] RegisterPage - waitForVisibilityOfElementLocated: By.id: confirmPassWord in 10s
[2026-01-04 01:29:47] [INFO ] RegisterPage - enterName: 
[2026-01-04 01:29:47] [INFO ] RegisterPage - sendKeys: By.id: hoTen with  in 10s
[2026-01-04 01:29:47] [INFO ] RegisterPage - waitForVisibilityOfElementLocated: By.id: hoTen in 10s
[2026-01-04 01:29:48] [INFO ] RegisterPage - clickRegister
[2026-01-04 01:29:48] [INFO ] RegisterPage - click: By.xpath: //button[.='Đăng ký'] in 10s
[2026-01-04 01:29:48] [INFO ] RegisterPage - waitForElementToBeClickable: By.xpath: //button[.='Đăng ký'] in 10s
[2026-01-04 01:29:48] [INFO ] RegisterPage - getFieldErrorMessage
[2026-01-04 01:29:48] [INFO ] RegisterPage - getText: By.id: username-helper-text in 10s
[2026-01-04 01:29:48] [INFO ] RegisterPage - waitForVisibilityOfElementLocated: By.id: username-helper-text in 10s
[2026-01-04 01:29:58] [INFO ] TestListener - onTestFailure: TC_Negative_Register_Test_Cases - FAILED
[2026-01-04 01:30:00] [INFO ] TestListener - Saved screenshot: D:\Java learning\AutomationCapstone\test-output\screenshots\TC_Negative_Register_Test_Cases_20260104_01_30_00.png
[2026-01-04 01:30:00] [INFO ] RegisterTest - Test completed
[2026-01-04 01:30:02] [INFO ] TopBarNavigation - navigateRegisterPage
[2026-01-04 01:30:02] [INFO ] TopBarNavigation - click: By.xpath: //h3[text()='Đăng Ký'] in 10s
[2026-01-04 01:30:02] [INFO ] TopBarNavigation - waitForElementToBeClickable: By.xpath: //h3[text()='Đăng Ký'] in 10s
[2026-01-04 01:30:02] [INFO ] TestListener - onTestStart
[2026-01-04 01:30:02] [INFO ] RegisterTest - TC_Negative_Register_Test_Cases - Username already exists
[2026-01-04 01:30:02] [INFO ] RegisterPage - enterAccount: tester01
[2026-01-04 01:30:02] [INFO ] RegisterPage - sendKeys: By.id: taiKhoan with tester01 in 10s
[2026-01-04 01:30:02] [INFO ] RegisterPage - waitForVisibilityOfElementLocated: By.id: taiKhoan in 10s
[2026-01-04 01:30:03] [INFO ] RegisterPage - enterEmail: 
[2026-01-04 01:30:03] [INFO ] RegisterPage - sendKeys: By.id: email with  in 10s
[2026-01-04 01:30:03] [INFO ] RegisterPage - waitForVisibilityOfElementLocated: By.id: email in 10s
[2026-01-04 01:30:03] [INFO ] RegisterPage - enterPassword: 
[2026-01-04 01:30:03] [INFO ] RegisterPage - sendKeys: By.id: matKhau with  in 10s
[2026-01-04 01:30:03] [INFO ] RegisterPage - waitForVisibilityOfElementLocated: By.id: matKhau in 10s
[2026-01-04 01:30:04] [INFO ] RegisterPage - enterConfirmPassword: 
[2026-01-04 01:30:04] [INFO ] RegisterPage - sendKeys: By.id: confirmPassWord with  in 10s
[2026-01-04 01:30:04] [INFO ] RegisterPage - waitForVisibilityOfElementLocated: By.id: confirmPassWord in 10s
[2026-01-04 01:30:05] [INFO ] RegisterPage - enterName: John S
[2026-01-04 01:30:05] [INFO ] RegisterPage - sendKeys: By.id: hoTen with John S in 10s
[2026-01-04 01:30:05] [INFO ] RegisterPage - waitForVisibilityOfElementLocated: By.id: hoTen in 10s
[2026-01-04 01:30:05] [INFO ] RegisterPage - clickRegister
[2026-01-04 01:30:05] [INFO ] RegisterPage - click: By.xpath: //button[.='Đăng ký'] in 10s
[2026-01-04 01:30:05] [INFO ] RegisterPage - waitForElementToBeClickable: By.xpath: //button[.='Đăng ký'] in 10s
[2026-01-04 01:30:06] [INFO ] RegisterPage - getGlobalMessage
[2026-01-04 01:30:06] [INFO ] RegisterPage - getText: By.cssSelector: div[role='alert'] in 10s
[2026-01-04 01:30:06] [INFO ] RegisterPage - waitForVisibilityOfElementLocated: By.cssSelector: div[role='alert'] in 10s
[2026-01-04 01:30:21] [INFO ] TestListener - onTestFailure: TC_Negative_Register_Test_Cases - FAILED
[2026-01-04 01:30:28] [INFO ] TestListener - Saved screenshot: D:\Java learning\AutomationCapstone\test-output\screenshots\TC_Negative_Register_Test_Cases_20260104_01_30_28.png
[2026-01-04 01:30:28] [INFO ] RegisterTest - Test completed
[2026-01-04 01:30:31] [INFO ] TopBarNavigation - navigateRegisterPage
[2026-01-04 01:30:31] [INFO ] TopBarNavigation - click: By.xpath: //h3[text()='Đăng Ký'] in 10s
[2026-01-04 01:30:31] [INFO ] TopBarNavigation - waitForElementToBeClickable: By.xpath: //h3[text()='Đăng Ký'] in 10s
[2026-01-04 01:30:32] [INFO ] TestListener - onTestStart
[2026-01-04 01:30:32] [INFO ] RegisterTest - TC_Negative_Register_Test_Cases - Email already exists
[2026-01-04 01:30:32] [INFO ] RegisterPage - enterAccount: newuser123
[2026-01-04 01:30:32] [INFO ] RegisterPage - sendKeys: By.id: taiKhoan with newuser123 in 10s
[2026-01-04 01:30:32] [INFO ] RegisterPage - waitForVisibilityOfElementLocated: By.id: taiKhoan in 10s
[2026-01-04 01:30:33] [INFO ] RegisterPage - enterEmail: tester01@example.com
[2026-01-04 01:30:33] [INFO ] RegisterPage - sendKeys: By.id: email with tester01@example.com in 10s
[2026-01-04 01:30:33] [INFO ] RegisterPage - waitForVisibilityOfElementLocated: By.id: email in 10s
[2026-01-04 01:30:34] [INFO ] RegisterPage - enterPassword: StrongPass123
[2026-01-04 01:30:34] [INFO ] RegisterPage - sendKeys: By.id: matKhau with StrongPass123 in 10s
[2026-01-04 01:30:34] [INFO ] RegisterPage - waitForVisibilityOfElementLocated: By.id: matKhau in 10s
[2026-01-04 01:30:35] [INFO ] RegisterPage - enterConfirmPassword: StrongPass123
[2026-01-04 01:30:35] [INFO ] RegisterPage - sendKeys: By.id: confirmPassWord with StrongPass123 in 10s
[2026-01-04 01:30:35] [INFO ] RegisterPage - waitForVisibilityOfElementLocated: By.id: confirmPassWord in 10s
[2026-01-04 01:30:35] [INFO ] RegisterPage - enterName: John S
[2026-01-04 01:30:35] [INFO ] RegisterPage - sendKeys: By.id: hoTen with John S in 10s
[2026-01-04 01:30:36] [INFO ] RegisterPage - waitForVisibilityOfElementLocated: By.id: hoTen in 10s
[2026-01-04 01:30:36] [INFO ] RegisterPage - clickRegister
[2026-01-04 01:30:36] [INFO ] RegisterPage - click: By.xpath: //button[.='Đăng ký'] in 10s
[2026-01-04 01:30:36] [INFO ] RegisterPage - waitForElementToBeClickable: By.xpath: //button[.='Đăng ký'] in 10s
[2026-01-04 01:30:36] [INFO ] RegisterPage - getGlobalMessage
[2026-01-04 01:30:36] [INFO ] RegisterPage - getText: By.cssSelector: div[role='alert'] in 10s
[2026-01-04 01:30:36] [INFO ] RegisterPage - waitForVisibilityOfElementLocated: By.cssSelector: div[role='alert'] in 10s
[2026-01-04 01:30:36] [INFO ] TestListener - onTestSuccess: TC_Negative_Register_Test_Cases - PASSED
[2026-01-04 01:30:36] [INFO ] RegisterTest - Test completed
[2026-01-04 01:30:37] [INFO ] TopBarNavigation - navigateRegisterPage
[2026-01-04 01:30:37] [INFO ] TopBarNavigation - click: By.xpath: //h3[text()='Đăng Ký'] in 10s
[2026-01-04 01:30:37] [INFO ] TopBarNavigation - waitForElementToBeClickable: By.xpath: //h3[text()='Đăng Ký'] in 10s
[2026-01-04 01:30:38] [INFO ] TestListener - onTestStart
[2026-01-04 01:30:38] [INFO ] RegisterTest - TC_Negative_Register_Test_Cases - Passwords do not match
[2026-01-04 01:30:38] [INFO ] RegisterPage - enterAccount: newuser123
[2026-01-04 01:30:38] [INFO ] RegisterPage - sendKeys: By.id: taiKhoan with newuser123 in 10s
[2026-01-04 01:30:38] [INFO ] RegisterPage - waitForVisibilityOfElementLocated: By.id: taiKhoan in 10s
[2026-01-04 01:30:38] [INFO ] RegisterPage - enterEmail: newuser123@example.com
[2026-01-04 01:30:38] [INFO ] RegisterPage - sendKeys: By.id: email with newuser123@example.com in 10s
[2026-01-04 01:30:38] [INFO ] RegisterPage - waitForVisibilityOfElementLocated: By.id: email in 10s
[2026-01-04 01:30:39] [INFO ] RegisterPage - enterPassword: StrongPass123
[2026-01-04 01:30:39] [INFO ] RegisterPage - sendKeys: By.id: matKhau with StrongPass123 in 10s
[2026-01-04 01:30:39] [INFO ] RegisterPage - waitForVisibilityOfElementLocated: By.id: matKhau in 10s
[2026-01-04 01:30:39] [INFO ] RegisterPage - enterConfirmPassword: StrongPass124
[2026-01-04 01:30:39] [INFO ] RegisterPage - sendKeys: By.id: confirmPassWord with StrongPass124 in 10s
[2026-01-04 01:30:39] [INFO ] RegisterPage - waitForVisibilityOfElementLocated: By.id: confirmPassWord in 10s
[2026-01-04 01:30:39] [INFO ] RegisterPage - enterName: John S
[2026-01-04 01:30:39] [INFO ] RegisterPage - sendKeys: By.id: hoTen with John S in 10s
[2026-01-04 01:30:39] [INFO ] RegisterPage - waitForVisibilityOfElementLocated: By.id: hoTen in 10s
[2026-01-04 01:30:39] [INFO ] RegisterPage - clickRegister
[2026-01-04 01:30:39] [INFO ] RegisterPage - click: By.xpath: //button[.='Đăng ký'] in 10s
[2026-01-04 01:30:39] [INFO ] RegisterPage - waitForElementToBeClickable: By.xpath: //button[.='Đăng ký'] in 10s
[2026-01-04 01:30:40] [INFO ] RegisterPage - getFieldErrorMessage
[2026-01-04 01:30:40] [INFO ] RegisterPage - getText: By.id: confirm-helper-text in 10s
[2026-01-04 01:30:40] [INFO ] RegisterPage - waitForVisibilityOfElementLocated: By.id: confirm-helper-text in 10s
[2026-01-04 01:30:50] [INFO ] TestListener - onTestFailure: TC_Negative_Register_Test_Cases - FAILED
[2026-01-04 01:30:51] [INFO ] TestListener - Saved screenshot: D:\Java learning\AutomationCapstone\test-output\screenshots\TC_Negative_Register_Test_Cases_20260104_01_30_51.png
[2026-01-04 01:30:51] [INFO ] RegisterTest - Test completed
[2026-01-04 01:30:53] [INFO ] TopBarNavigation - navigateRegisterPage
[2026-01-04 01:30:53] [INFO ] TopBarNavigation - click: By.xpath: //h3[text()='Đăng Ký'] in 10s
[2026-01-04 01:30:53] [INFO ] TopBarNavigation - waitForElementToBeClickable: By.xpath: //h3[text()='Đăng Ký'] in 10s
[2026-01-04 01:30:53] [INFO ] TestListener - onTestStart
[2026-01-04 01:30:53] [INFO ] RegisterTest - TC_Negative_Register_Test_Cases - Invalid email missing @
[2026-01-04 01:30:53] [INFO ] RegisterPage - enterAccount: newuser123
[2026-01-04 01:30:53] [INFO ] RegisterPage - sendKeys: By.id: taiKhoan with newuser123 in 10s
[2026-01-04 01:30:53] [INFO ] RegisterPage - waitForVisibilityOfElementLocated: By.id: taiKhoan in 10s
[2026-01-04 01:30:53] [INFO ] RegisterPage - enterEmail: test.user.example.com
[2026-01-04 01:30:53] [INFO ] RegisterPage - sendKeys: By.id: email with test.user.example.com in 10s
[2026-01-04 01:30:53] [INFO ] RegisterPage - waitForVisibilityOfElementLocated: By.id: email in 10s
[2026-01-04 01:30:54] [INFO ] RegisterPage - enterPassword: StrongPass123
[2026-01-04 01:30:54] [INFO ] RegisterPage - sendKeys: By.id: matKhau with StrongPass123 in 10s
[2026-01-04 01:30:54] [INFO ] RegisterPage - waitForVisibilityOfElementLocated: By.id: matKhau in 10s
[2026-01-04 01:30:54] [INFO ] RegisterPage - enterConfirmPassword: StrongPass123
[2026-01-04 01:30:54] [INFO ] RegisterPage - sendKeys: By.id: confirmPassWord with StrongPass123 in 10s
[2026-01-04 01:30:54] [INFO ] RegisterPage - waitForVisibilityOfElementLocated: By.id: confirmPassWord in 10s
[2026-01-04 01:30:55] [INFO ] RegisterPage - enterName: John S
[2026-01-04 01:30:55] [INFO ] RegisterPage - sendKeys: By.id: hoTen with John S in 10s
[2026-01-04 01:30:55] [INFO ] RegisterPage - waitForVisibilityOfElementLocated: By.id: hoTen in 10s
[2026-01-04 01:30:55] [INFO ] RegisterPage - clickRegister
[2026-01-04 01:30:55] [INFO ] RegisterPage - click: By.xpath: //button[.='Đăng ký'] in 10s
[2026-01-04 01:30:55] [INFO ] RegisterPage - waitForElementToBeClickable: By.xpath: //button[.='Đăng ký'] in 10s
[2026-01-04 01:30:55] [INFO ] RegisterPage - getFieldErrorMessage
[2026-01-04 01:30:55] [INFO ] RegisterPage - getText: By.id: email-helper-text in 10s
[2026-01-04 01:30:55] [INFO ] RegisterPage - waitForVisibilityOfElementLocated: By.id: email-helper-text in 10s
[2026-01-04 01:31:06] [INFO ] TestListener - onTestFailure: TC_Negative_Register_Test_Cases - FAILED
[2026-01-04 01:31:07] [INFO ] TestListener - Saved screenshot: D:\Java learning\AutomationCapstone\test-output\screenshots\TC_Negative_Register_Test_Cases_20260104_01_31_07.png
[2026-01-04 01:31:07] [INFO ] RegisterTest - Test completed
[2026-01-04 01:31:09] [INFO ] TopBarNavigation - navigateRegisterPage
[2026-01-04 01:31:09] [INFO ] TopBarNavigation - click: By.xpath: //h3[text()='Đăng Ký'] in 10s
[2026-01-04 01:31:09] [INFO ] TopBarNavigation - waitForElementToBeClickable: By.xpath: //h3[text()='Đăng Ký'] in 10s
[2026-01-04 01:31:10] [INFO ] TestListener - onTestStart
[2026-01-04 01:31:10] [INFO ] RegisterTest - TC_Negative_Register_Test_Cases - Password too short
[2026-01-04 01:31:10] [INFO ] RegisterPage - enterAccount: newuser123
[2026-01-04 01:31:10] [INFO ] RegisterPage - sendKeys: By.id: taiKhoan with newuser123 in 10s
[2026-01-04 01:31:10] [INFO ] RegisterPage - waitForVisibilityOfElementLocated: By.id: taiKhoan in 10s
[2026-01-04 01:31:10] [INFO ] RegisterPage - enterEmail: newuser123@example.com
[2026-01-04 01:31:10] [INFO ] RegisterPage - sendKeys: By.id: email with newuser123@example.com in 10s
[2026-01-04 01:31:10] [INFO ] RegisterPage - waitForVisibilityOfElementLocated: By.id: email in 10s
[2026-01-04 01:31:10] [INFO ] RegisterPage - enterPassword: 123
[2026-01-04 01:31:10] [INFO ] RegisterPage - sendKeys: By.id: matKhau with 123 in 10s
[2026-01-04 01:31:10] [INFO ] RegisterPage - waitForVisibilityOfElementLocated: By.id: matKhau in 10s
[2026-01-04 01:31:11] [INFO ] RegisterPage - enterConfirmPassword: 123
[2026-01-04 01:31:11] [INFO ] RegisterPage - sendKeys: By.id: confirmPassWord with 123 in 10s
[2026-01-04 01:31:11] [INFO ] RegisterPage - waitForVisibilityOfElementLocated: By.id: confirmPassWord in 10s
[2026-01-04 01:31:11] [INFO ] RegisterPage - enterName: John S
[2026-01-04 01:31:11] [INFO ] RegisterPage - sendKeys: By.id: hoTen with John S in 10s
[2026-01-04 01:31:11] [INFO ] RegisterPage - waitForVisibilityOfElementLocated: By.id: hoTen in 10s
[2026-01-04 01:31:13] [INFO ] RegisterPage - clickRegister
[2026-01-04 01:31:13] [INFO ] RegisterPage - click: By.xpath: //button[.='Đăng ký'] in 10s
[2026-01-04 01:31:13] [INFO ] RegisterPage - waitForElementToBeClickable: By.xpath: //button[.='Đăng ký'] in 10s
[2026-01-04 01:31:13] [INFO ] RegisterPage - getFieldErrorMessage
[2026-01-04 01:31:13] [INFO ] RegisterPage - getText: By.id: password-helper-text in 10s
[2026-01-04 01:31:13] [INFO ] RegisterPage - waitForVisibilityOfElementLocated: By.id: password-helper-text in 10s
[2026-01-04 01:31:23] [INFO ] TestListener - onTestFailure: TC_Negative_Register_Test_Cases - FAILED
[2026-01-04 01:31:26] [INFO ] TestListener - Saved screenshot: D:\Java learning\AutomationCapstone\test-output\screenshots\TC_Negative_Register_Test_Cases_20260104_01_31_26.png
[2026-01-04 01:31:27] [INFO ] RegisterTest - Test completed
[2026-01-04 01:31:29] [INFO ] TopBarNavigation - navigateRegisterPage
[2026-01-04 01:31:29] [INFO ] TopBarNavigation - click: By.xpath: //h3[text()='Đăng Ký'] in 10s
[2026-01-04 01:31:29] [INFO ] TopBarNavigation - waitForElementToBeClickable: By.xpath: //h3[text()='Đăng Ký'] in 10s
[2026-01-04 01:31:30] [INFO ] TestListener - onTestStart
[2026-01-04 01:31:30] [INFO ] RegisterTest - TC_Negative_Register_Test_Cases - Full name with numbers
[2026-01-04 01:31:30] [INFO ] RegisterPage - enterAccount: newuser123
[2026-01-04 01:31:30] [INFO ] RegisterPage - sendKeys: By.id: taiKhoan with newuser123 in 10s
[2026-01-04 01:31:30] [INFO ] RegisterPage - waitForVisibilityOfElementLocated: By.id: taiKhoan in 10s
[2026-01-04 01:31:30] [INFO ] RegisterPage - enterEmail: newuser123@example.com
[2026-01-04 01:31:30] [INFO ] RegisterPage - sendKeys: By.id: email with newuser123@example.com in 10s
[2026-01-04 01:31:30] [INFO ] RegisterPage - waitForVisibilityOfElementLocated: By.id: email in 10s
[2026-01-04 01:31:31] [INFO ] RegisterPage - enterPassword: StrongPass123
[2026-01-04 01:31:31] [INFO ] RegisterPage - sendKeys: By.id: matKhau with StrongPass123 in 10s
[2026-01-04 01:31:31] [INFO ] RegisterPage - waitForVisibilityOfElementLocated: By.id: matKhau in 10s
[2026-01-04 01:31:31] [INFO ] RegisterPage - enterConfirmPassword: StrongPass123
[2026-01-04 01:31:31] [INFO ] RegisterPage - sendKeys: By.id: confirmPassWord with StrongPass123 in 10s
[2026-01-04 01:31:31] [INFO ] RegisterPage - waitForVisibilityOfElementLocated: By.id: confirmPassWord in 10s
[2026-01-04 01:31:32] [INFO ] RegisterPage - enterName: John123
[2026-01-04 01:31:32] [INFO ] RegisterPage - sendKeys: By.id: hoTen with John123 in 10s
[2026-01-04 01:31:32] [INFO ] RegisterPage - waitForVisibilityOfElementLocated: By.id: hoTen in 10s
[2026-01-04 01:31:32] [INFO ] RegisterPage - clickRegister
[2026-01-04 01:31:32] [INFO ] RegisterPage - click: By.xpath: //button[.='Đăng ký'] in 10s
[2026-01-04 01:31:32] [INFO ] RegisterPage - waitForElementToBeClickable: By.xpath: //button[.='Đăng ký'] in 10s
[2026-01-04 01:31:32] [INFO ] RegisterPage - getFieldErrorMessage
[2026-01-04 01:31:32] [INFO ] RegisterPage - getText: By.id: name-helper-text in 10s
[2026-01-04 01:31:32] [INFO ] RegisterPage - waitForVisibilityOfElementLocated: By.id: name-helper-text in 10s
[2026-01-04 01:31:43] [INFO ] TestListener - onTestFailure: TC_Negative_Register_Test_Cases - FAILED
[2026-01-04 01:31:45] [INFO ] TestListener - Saved screenshot: D:\Java learning\AutomationCapstone\test-output\screenshots\TC_Negative_Register_Test_Cases_20260104_01_31_45.png
[2026-01-04 01:31:45] [INFO ] RegisterTest - Test completed
[2026-01-04 01:31:47] [INFO ] TopBarNavigation - navigateRegisterPage
[2026-01-04 01:31:47] [INFO ] TopBarNavigation - click: By.xpath: //h3[text()='Đăng Ký'] in 10s
[2026-01-04 01:31:47] [INFO ] TopBarNavigation - waitForElementToBeClickable: By.xpath: //h3[text()='Đăng Ký'] in 10s
[2026-01-04 01:31:48] [INFO ] TestListener - onTestStart
[2026-01-04 01:31:48] [INFO ] RegisterTest - TC_Negative_Register_Test_Cases - Full name with special characters
[2026-01-04 01:31:48] [INFO ] RegisterPage - enterAccount: newuser123
[2026-01-04 01:31:48] [INFO ] RegisterPage - sendKeys: By.id: taiKhoan with newuser123 in 10s
[2026-01-04 01:31:48] [INFO ] RegisterPage - waitForVisibilityOfElementLocated: By.id: taiKhoan in 10s
[2026-01-04 01:31:49] [INFO ] RegisterPage - enterEmail: newuser123@example.com
[2026-01-04 01:31:49] [INFO ] RegisterPage - sendKeys: By.id: email with newuser123@example.com in 10s
[2026-01-04 01:31:49] [INFO ] RegisterPage - waitForVisibilityOfElementLocated: By.id: email in 10s
[2026-01-04 01:31:49] [INFO ] RegisterPage - enterPassword: StrongPass123
[2026-01-04 01:31:49] [INFO ] RegisterPage - sendKeys: By.id: matKhau with StrongPass123 in 10s
[2026-01-04 01:31:49] [INFO ] RegisterPage - waitForVisibilityOfElementLocated: By.id: matKhau in 10s
[2026-01-04 01:31:49] [INFO ] RegisterPage - enterConfirmPassword: StrongPass123
[2026-01-04 01:31:49] [INFO ] RegisterPage - sendKeys: By.id: confirmPassWord with StrongPass123 in 10s
[2026-01-04 01:31:49] [INFO ] RegisterPage - waitForVisibilityOfElementLocated: By.id: confirmPassWord in 10s
[2026-01-04 01:31:50] [INFO ] RegisterPage - enterName: John@#
[2026-01-04 01:31:50] [INFO ] RegisterPage - sendKeys: By.id: hoTen with John@# in 10s
[2026-01-04 01:31:50] [INFO ] RegisterPage - waitForVisibilityOfElementLocated: By.id: hoTen in 10s
[2026-01-04 01:31:50] [INFO ] RegisterPage - clickRegister
[2026-01-04 01:31:50] [INFO ] RegisterPage - click: By.xpath: //button[.='Đăng ký'] in 10s
[2026-01-04 01:31:50] [INFO ] RegisterPage - waitForElementToBeClickable: By.xpath: //button[.='Đăng ký'] in 10s
[2026-01-04 01:31:50] [INFO ] RegisterPage - getFieldErrorMessage
[2026-01-04 01:31:50] [INFO ] RegisterPage - getText: By.id: name-helper-text in 10s
[2026-01-04 01:31:50] [INFO ] RegisterPage - waitForVisibilityOfElementLocated: By.id: name-helper-text in 10s
[2026-01-04 01:32:00] [INFO ] TestListener - onTestFailure: TC_Negative_Register_Test_Cases - FAILED
[2026-01-04 01:32:02] [INFO ] TestListener - Saved screenshot: D:\Java learning\AutomationCapstone\test-output\screenshots\TC_Negative_Register_Test_Cases_20260104_01_32_01.png
[2026-01-04 01:32:02] [INFO ] RegisterTest - Test completed
[2026-01-04 01:32:03] [INFO ] TopBarNavigation - navigateRegisterPage
[2026-01-04 01:32:03] [INFO ] TopBarNavigation - click: By.xpath: //h3[text()='Đăng Ký'] in 10s
[2026-01-04 01:32:03] [INFO ] TopBarNavigation - waitForElementToBeClickable: By.xpath: //h3[text()='Đăng Ký'] in 10s
[2026-01-04 01:32:03] [INFO ] TestListener - onTestStart
[2026-01-04 01:32:03] [INFO ] RegisterTest - TC_Negative_Register_Test_Cases - Invalid password with leading/trailing spaces
[2026-01-04 01:32:03] [INFO ] RegisterPage - enterAccount: newuser123
[2026-01-04 01:32:03] [INFO ] RegisterPage - sendKeys: By.id: taiKhoan with newuser123 in 10s
[2026-01-04 01:32:03] [INFO ] RegisterPage - waitForVisibilityOfElementLocated: By.id: taiKhoan in 10s
[2026-01-04 01:32:03] [INFO ] RegisterPage - enterEmail: newuser123@example.com
[2026-01-04 01:32:03] [INFO ] RegisterPage - sendKeys: By.id: email with newuser123@example.com in 10s
[2026-01-04 01:32:03] [INFO ] RegisterPage - waitForVisibilityOfElementLocated: By.id: email in 10s
[2026-01-04 01:32:03] [INFO ] RegisterPage - enterPassword:   StrongPass123  
[2026-01-04 01:32:03] [INFO ] RegisterPage - sendKeys: By.id: matKhau with   StrongPass123   in 10s
[2026-01-04 01:32:03] [INFO ] RegisterPage - waitForVisibilityOfElementLocated: By.id: matKhau in 10s
[2026-01-04 01:32:04] [INFO ] RegisterPage - enterConfirmPassword:   StrongPass123  
[2026-01-04 01:32:04] [INFO ] RegisterPage - sendKeys: By.id: confirmPassWord with   StrongPass123   in 10s
[2026-01-04 01:32:04] [INFO ] RegisterPage - waitForVisibilityOfElementLocated: By.id: confirmPassWord in 10s
[2026-01-04 01:32:04] [INFO ] RegisterPage - enterName: John S
[2026-01-04 01:32:04] [INFO ] RegisterPage - sendKeys: By.id: hoTen with John S in 10s
[2026-01-04 01:32:04] [INFO ] RegisterPage - waitForVisibilityOfElementLocated: By.id: hoTen in 10s
[2026-01-04 01:32:04] [INFO ] RegisterPage - clickRegister
[2026-01-04 01:32:04] [INFO ] RegisterPage - click: By.xpath: //button[.='Đăng ký'] in 10s
[2026-01-04 01:32:04] [INFO ] RegisterPage - waitForElementToBeClickable: By.xpath: //button[.='Đăng ký'] in 10s
[2026-01-04 01:32:04] [INFO ] RegisterPage - getFieldErrorMessage
[2026-01-04 01:32:04] [INFO ] RegisterPage - getText: By.id: password-helper-text in 10s
[2026-01-04 01:32:04] [INFO ] RegisterPage - waitForVisibilityOfElementLocated: By.id: password-helper-text in 10s
[2026-01-04 01:32:14] [INFO ] TestListener - onTestFailure: TC_Negative_Register_Test_Cases - FAILED
[2026-01-04 01:32:15] [INFO ] TestListener - Saved screenshot: D:\Java learning\AutomationCapstone\test-output\screenshots\TC_Negative_Register_Test_Cases_20260104_01_32_15.png
[2026-01-04 01:32:15] [INFO ] RegisterTest - Test completed
[2026-01-04 01:32:16] [INFO ] TopBarNavigation - navigateRegisterPage
[2026-01-04 01:32:16] [INFO ] TopBarNavigation - click: By.xpath: //h3[text()='Đăng Ký'] in 10s
[2026-01-04 01:32:16] [INFO ] TopBarNavigation - waitForElementToBeClickable: By.xpath: //h3[text()='Đăng Ký'] in 10s
[2026-01-04 01:32:16] [INFO ] TestListener - onTestStart
[2026-01-04 01:32:17] [INFO ] RegisterTest - Step 1: Click link 'Đăng Ký'
[2026-01-04 01:32:17] [INFO ] RegisterTest - Step 2: fill registration form with valid data
[2026-01-04 01:32:17] [INFO ] RegisterPage - enterAccount: tester_1767465137024
[2026-01-04 01:32:17] [INFO ] RegisterPage - sendKeys: By.id: taiKhoan with tester_1767465137024 in 10s
[2026-01-04 01:32:17] [INFO ] RegisterPage - waitForVisibilityOfElementLocated: By.id: taiKhoan in 10s
[2026-01-04 01:32:17] [INFO ] RegisterPage - enterEmail: tester_1767465137024@example.com
[2026-01-04 01:32:17] [INFO ] RegisterPage - sendKeys: By.id: email with tester_1767465137024@example.com in 10s
[2026-01-04 01:32:17] [INFO ] RegisterPage - waitForVisibilityOfElementLocated: By.id: email in 10s
[2026-01-04 01:32:17] [INFO ] RegisterPage - enterPassword: Test123456@
[2026-01-04 01:32:17] [INFO ] RegisterPage - sendKeys: By.id: matKhau with Test123456@ in 10s
[2026-01-04 01:32:17] [INFO ] RegisterPage - waitForVisibilityOfElementLocated: By.id: matKhau in 10s
[2026-01-04 01:32:17] [INFO ] RegisterPage - enterConfirmPassword: Test123456@
[2026-01-04 01:32:17] [INFO ] RegisterPage - sendKeys: By.id: confirmPassWord with Test123456@ in 10s
[2026-01-04 01:32:17] [INFO ] RegisterPage - waitForVisibilityOfElementLocated: By.id: confirmPassWord in 10s
[2026-01-04 01:32:17] [INFO ] RegisterPage - enterName: Tester A
[2026-01-04 01:32:18] [INFO ] RegisterPage - sendKeys: By.id: hoTen with Tester A in 10s
[2026-01-04 01:32:18] [INFO ] RegisterPage - waitForVisibilityOfElementLocated: By.id: hoTen in 10s
[2026-01-04 01:32:18] [INFO ] RegisterTest - Step 7: Click register button
[2026-01-04 01:32:18] [INFO ] RegisterPage - clickRegister
[2026-01-04 01:32:18] [INFO ] RegisterPage - click: By.xpath: //button[.='Đăng ký'] in 10s
[2026-01-04 01:32:18] [INFO ] RegisterPage - waitForElementToBeClickable: By.xpath: //button[.='Đăng ký'] in 10s
[2026-01-04 01:32:18] [INFO ] RegisterTest - Step 8: Verify user register successfully
[2026-01-04 01:32:18] [INFO ] RegisterTest - VP1: 'Đăng ký thành công' message display
[2026-01-04 01:32:18] [INFO ] RegisterPage - getRegisterMessage
[2026-01-04 01:32:18] [INFO ] RegisterPage - getText: By.id: swal2-title in 10s
[2026-01-04 01:32:18] [INFO ] RegisterPage - waitForVisibilityOfElementLocated: By.id: swal2-title in 10s
[2026-01-04 01:32:19] [INFO ] RegisterPage - waitRegisterMessageDisappear
[2026-01-04 01:32:19] [INFO ] RegisterPage - waitForInvisibilityOfElementLocated: By.id: swal2-title in 10s
[2026-01-04 01:32:21] [INFO ] RegisterTest - VP2: Check register page still displays
[2026-01-04 01:32:21] [INFO ] RegisterTest - VP3: Check new account logins successfully
[2026-01-04 01:32:21] [INFO ] RegisterTest - Click on Login button
[2026-01-04 01:32:21] [INFO ] TopBarNavigation - navigateLoginPage
[2026-01-04 01:32:21] [INFO ] TopBarNavigation - click: By.xpath: //h3[text()='Đăng Nhập']/parent::a in 10s
[2026-01-04 01:32:21] [INFO ] TopBarNavigation - waitForElementToBeClickable: By.xpath: //h3[text()='Đăng Nhập']/parent::a in 10s
[2026-01-04 01:32:21] [INFO ] RegisterTest - Enter account to login
[2026-01-04 01:32:21] [INFO ] LoginPage - enterAccount: tester_1767465137024
[2026-01-04 01:32:21] [INFO ] LoginPage - sendKeys: By.id: taiKhoan with tester_1767465137024 in 10s
[2026-01-04 01:32:21] [INFO ] LoginPage - waitForVisibilityOfElementLocated: By.id: taiKhoan in 10s
[2026-01-04 01:32:21] [INFO ] RegisterTest - Enter password to login
[2026-01-04 01:32:21] [INFO ] LoginPage - enterPassword: Test123456@
[2026-01-04 01:32:21] [INFO ] LoginPage - sendKeys: By.id: matKhau with Test123456@ in 10s
[2026-01-04 01:32:21] [INFO ] LoginPage - waitForVisibilityOfElementLocated: By.id: matKhau in 10s
[2026-01-04 01:32:21] [INFO ] RegisterTest - Click Login
[2026-01-04 01:32:21] [INFO ] LoginPage - clickLogin
[2026-01-04 01:32:21] [INFO ] LoginPage - click: By.xpath: //button[.='Đăng nhập'] in 10s
[2026-01-04 01:32:21] [INFO ] LoginPage - waitForElementToBeClickable: By.xpath: //button[.='Đăng nhập'] in 10s
[2026-01-04 01:32:21] [INFO ] RegisterTest - VP3.1: 'Đăng nhập thành công' message displays
[2026-01-04 01:32:21] [INFO ] LoginPage - getLoginMsg
[2026-01-04 01:32:21] [INFO ] LoginPage - getText: By.id: swal2-title in 10s
[2026-01-04 01:32:21] [INFO ] LoginPage - waitForVisibilityOfElementLocated: By.id: swal2-title in 10s
[2026-01-04 01:32:22] [INFO ] TestListener - onTestSuccess: TC_Register_Success_When_Account_Not_Exist - PASSED
[2026-01-04 01:32:22] [INFO ] RegisterTest - Test completed
[2026-01-04 01:32:22] [INFO ] TopBarNavigation - navigateRegisterPage
[2026-01-04 01:32:22] [INFO ] TopBarNavigation - click: By.xpath: //h3[text()='Đăng Ký'] in 10s
[2026-01-04 01:32:22] [INFO ] TopBarNavigation - waitForElementToBeClickable: By.xpath: //h3[text()='Đăng Ký'] in 10s
[2026-01-04 01:32:32] [INFO ] TestListener - onTestStart
[2026-01-04 01:32:32] [INFO ] TestListener - onTestSkipped
[2026-01-04 01:32:34] [INFO ] TestListener - onFinish
[2026-01-04 15:38:58] [INFO ] LoginTest - beforeSuite - Init Extent Report
[2026-01-04 15:38:59] [INFO ] TestListener - onStart
[2026-01-04 15:39:09] [INFO ] LoginTest - Step 1: Click 'Dang Nhap' link on the top right
[2026-01-04 15:39:09] [INFO ] TopBarNavigation - navigateLoginPage
[2026-01-04 15:39:09] [INFO ] TopBarNavigation - click: By.xpath: //h3[text()='Đăng Nhập']/parent::a in 10s
[2026-01-04 15:39:09] [INFO ] TopBarNavigation - waitForElementToBeClickable: By.xpath: //h3[text()='Đăng Nhập']/parent::a in 10s
[2026-01-04 15:39:11] [INFO ] TestListener - onTestStart
[2026-01-04 15:39:11] [INFO ] LoginTest - Step 2: enter account with invalid data
[2026-01-04 15:39:11] [INFO ] LoginPage - enterAccount: invalid123
[2026-01-04 15:39:11] [INFO ] LoginPage - sendKeys: By.id: taiKhoan with invalid123 in 10s
[2026-01-04 15:39:11] [INFO ] LoginPage - waitForVisibilityOfElementLocated: By.id: taiKhoan in 10s
[2026-01-04 15:39:11] [INFO ] LoginTest - Step 3: enter password with invalid data
[2026-01-04 15:39:11] [INFO ] LoginPage - enterPassword: invalid123
[2026-01-04 15:39:11] [INFO ] LoginPage - sendKeys: By.id: matKhau with invalid123 in 10s
[2026-01-04 15:39:11] [INFO ] LoginPage - waitForVisibilityOfElementLocated: By.id: matKhau in 10s
[2026-01-04 15:39:12] [INFO ] LoginTest - Step 4: Click Login
[2026-01-04 15:39:12] [INFO ] LoginPage - clickLogin
[2026-01-04 15:39:12] [INFO ] LoginPage - click: By.xpath: //button[.='Đăng nhập'] in 10s
[2026-01-04 15:39:12] [INFO ] LoginPage - waitForElementToBeClickable: By.xpath: //button[.='Đăng nhập'] in 10s
[2026-01-04 15:39:14] [INFO ] LoginTest - VP: Verify invalid credentials error message is shown
[2026-01-04 15:39:14] [INFO ] LoginPage - getText: By.cssSelector: .MuiAlert-standardError in 10s
[2026-01-04 15:39:14] [INFO ] LoginPage - waitForVisibilityOfElementLocated: By.cssSelector: .MuiAlert-standardError in 10s
[2026-01-04 15:39:15] [INFO ] TestListener - onTestSuccess: TC_InvalidCredentials_ShowsError - PASSED
[2026-01-04 15:39:15] [INFO ] LoginTest - Test completed
[2026-01-04 15:39:32] [INFO ] TestListener - onFinish
