<?xml version="1.0" encoding="UTF-8"?>
<!-- Generated by org.testng.reporters.JUnitReportReporter -->
<testsuite hostname="Mi-Bebecito.local" failures="0" tests="1" name="testcases.detailpage.MovieDetailBookingFlowTest" time="1.397" errors="0" timestamp="2025-12-29T19:41:12 ICT" skipped="0">
  <testcase classname="testcases.detailpage.MovieDetailBookingFlowTest" name="TC_MD_01_Verify_Booking_Flow_From_Detail_To_Purchase" time="1.397"/>
</testsuite> <!-- testcases.detailpage.MovieDetailBookingFlowTest -->
