<!DOCTYPE html>

<html>
  <head>
  <meta charset='utf-8'>
  <title>TestNG reports</title>

    <link type="text/css" href="testng-reports1.css" rel="stylesheet" id="ultra" />
    <link type="text/css" href="testng-reports.css" rel="stylesheet" id="retro" disabled="false"/>
    <script type="text/javascript" src="jquery-3.6.0.min.js"></script>
    <script type="text/javascript" src="testng-reports.js"></script>
    <script type="text/javascript" src="https://www.google.com/jsapi"></script>
    <script type='text/javascript'>
      google.load('visualization', '1', {packages:['table']});
      google.setOnLoadCallback(drawTable);
      var suiteTableInitFunctions = new Array();
      var suiteTableData = new Array();
    </script>
    <!--
      <script type="text/javascript" src="jquery-ui/js/jquery-ui-1.8.16.custom.min.js"></script>
     -->
  </head>

  <body>    <div class="top-banner-root">
      <span class="top-banner-title-font">Test results</span>
      <button id="button" class="button">Switch Retro Theme</button> <!-- button -->
      <br/>
      <span class="top-banner-font-1">1 suite, 1 failed test</span>
    </div> <!-- top-banner-root -->
    <div class="navigator-root">
      <div class="navigator-suite-header">
        <span>All suites</span>
        <a href="#" title="Collapse/expand all the suites" class="collapse-all-link">
          <img src="collapseall.gif" class="collapse-all-icon">
          </img> <!-- collapse-all-icon -->
        </a> <!-- collapse-all-link -->
      </div> <!-- navigator-suite-header -->
      <div class="suite">
        <div class="rounded-window">
          <div class="suite-header light-rounded-window-top">
            <a href="#" panel-name="suite-Gradle_suite" class="navigator-link">
              <span class="suite-name border-failed">Gradle suite</span>
            </a> <!-- navigator-link -->
          </div> <!-- suite-header light-rounded-window-top -->
          <div class="navigator-suite-content">
            <div class="suite-section-title">
              <span>Info</span>
            </div> <!-- suite-section-title -->
            <div class="suite-section-content">
              <ul>
                <li>
                  <a href="#" panel-name="test-xml-Gradle_suite" class="navigator-link ">
                    <span>[unset file name]</span>
                  </a> <!-- navigator-link  -->
                </li>
                <li>
                  <a href="#" panel-name="testlist-Gradle_suite" class="navigator-link ">
                    <span class="test-stats">1 test</span>
                  </a> <!-- navigator-link  -->
                </li>
                <li>
                  <a href="#" panel-name="group-Gradle_suite" class="navigator-link ">
                    <span>0 groups</span>
                  </a> <!-- navigator-link  -->
                </li>
                <li>
                  <a href="#" panel-name="times-Gradle_suite" class="navigator-link ">
                    <span>Times</span>
                  </a> <!-- navigator-link  -->
                </li>
                <li>
                  <a href="#" panel-name="reporter-Gradle_suite" class="navigator-link ">
                    <span>Reporter output</span>
                  </a> <!-- navigator-link  -->
                </li>
                <li>
                  <a href="#" panel-name="ignored-methods-Gradle_suite" class="navigator-link ">
                    <span>Ignored methods</span>
                  </a> <!-- navigator-link  -->
                </li>
                <li>
                  <a href="#" panel-name="chronological-Gradle_suite" class="navigator-link ">
                    <span>Chronological view</span>
                  </a> <!-- navigator-link  -->
                </li>
              </ul>
            </div> <!-- suite-section-content -->
            <div class="result-section">
              <div class="suite-section-title">
                <span>Results</span>
              </div> <!-- suite-section-title -->
              <div class="suite-section-content">
                <ul>
                  <li>
                    <span class="method-stats">9 methods, 1 failed,  8 skipped,  </span>
                  </li>
                  <li>
                    <span class="method-list-title failed">Failed methods</span>
                    <span class="show-or-hide-methods failed">
                      <a href="#" panel-name="suite-Gradle_suite" class="hide-methods failed suite-Gradle_suite"> (hide)</a> <!-- hide-methods failed suite-Gradle_suite -->
                      <a href="#" panel-name="suite-Gradle_suite" class="show-methods failed suite-Gradle_suite"> (show)</a> <!-- show-methods failed suite-Gradle_suite -->
                    </span>
                    <div class="method-list-content failed suite-Gradle_suite">
                      <span>
                        <img src="failed.png" width="3%"/>
                        <a href="#" panel-name="suite-Gradle_suite" title="testcases.register.RegisterTest" class="method navigator-link" hash-for-method="TC_Negative_Register_Test_Cases(Required fields empty, , , , , , FIELD, username, required)">TC_Negative_Register_Test_Cases(Required fields empty, , , , , , FIELD, username, required)</a> <!-- method navigator-link -->
                      </span>
                      <br/>
                    </div> <!-- method-list-content failed suite-Gradle_suite -->
                  </li>
                  <li>
                    <span class="method-list-title skipped">Skipped methods</span>
                    <span class="show-or-hide-methods skipped">
                      <a href="#" panel-name="suite-Gradle_suite" class="hide-methods skipped suite-Gradle_suite"> (hide)</a> <!-- hide-methods skipped suite-Gradle_suite -->
                      <a href="#" panel-name="suite-Gradle_suite" class="show-methods skipped suite-Gradle_suite"> (show)</a> <!-- show-methods skipped suite-Gradle_suite -->
                    </span>
                    <div class="method-list-content skipped suite-Gradle_suite">
                      <span>
                        <img src="skipped.png" width="3%"/>
                        <a href="#" panel-name="suite-Gradle_suite" title="testcases.register.RegisterTest" class="method navigator-link" hash-for-method="TC_Negative_Register_Test_Cases(Password too short, newuser123, newuser123@example.com, 123, 123, John S, FIELD, password, length)">TC_Negative_Register_Test_Cases(Password too short, newuser123, newuser123@example.com, 123, 123, John S, FIELD, password, length)</a> <!-- method navigator-link -->
                      </span>
                      <br/>
                      <span>
                        <img src="skipped.png" width="3%"/>
                        <a href="#" panel-name="suite-Gradle_suite" title="testcases.register.RegisterTest" class="method navigator-link" hash-for-method="TC_Negative_Register_Test_Cases(Passwords do not match, newuser123, newuser123@example.com, StrongPass123, StrongPass124, John S, FI...)">TC_Negative_Register_Test_Cases(Passwords do not match, newuser123, newuser123@example.com, StrongPass123, StrongPass124, John S, FI...)</a> <!-- method navigator-link -->
                      </span>
                      <br/>
                      <span>
                        <img src="skipped.png" width="3%"/>
                        <a href="#" panel-name="suite-Gradle_suite" title="testcases.register.RegisterTest" class="method navigator-link" hash-for-method="TC_Negative_Register_Test_Cases(Full name with numbers, newuser123, newuser123@example.com, StrongPass123, StrongPass123, John123, F...)">TC_Negative_Register_Test_Cases(Full name with numbers, newuser123, newuser123@example.com, StrongPass123, StrongPass123, John123, F...)</a> <!-- method navigator-link -->
                      </span>
                      <br/>
                      <span>
                        <img src="skipped.png" width="3%"/>
                        <a href="#" panel-name="suite-Gradle_suite" title="testcases.register.RegisterTest" class="method navigator-link" hash-for-method="TC_Negative_Register_Test_Cases(Full name with special characters, newuser123, newuser123@example.com, StrongPass123, StrongPass123,...)">TC_Negative_Register_Test_Cases(Full name with special characters, newuser123, newuser123@example.com, StrongPass123, StrongPass123,...)</a> <!-- method navigator-link -->
                      </span>
                      <br/>
                      <span>
                        <img src="skipped.png" width="3%"/>
                        <a href="#" panel-name="suite-Gradle_suite" title="testcases.register.RegisterTest" class="method navigator-link" hash-for-method="TC_Negative_Register_Test_Cases(Username already exists, tester01, , , , John S, GLOBAL, , username already exists)">TC_Negative_Register_Test_Cases(Username already exists, tester01, , , , John S, GLOBAL, , username already exists)</a> <!-- method navigator-link -->
                      </span>
                      <br/>
                      <span>
                        <img src="skipped.png" width="3%"/>
                        <a href="#" panel-name="suite-Gradle_suite" title="testcases.register.RegisterTest" class="method navigator-link" hash-for-method="TC_Negative_Register_Test_Cases(Email already exists, newuser123, tester01@example.com, StrongPass123, StrongPass123, John S, GLOBAL...)">TC_Negative_Register_Test_Cases(Email already exists, newuser123, tester01@example.com, StrongPass123, StrongPass123, John S, GLOBAL...)</a> <!-- method navigator-link -->
                      </span>
                      <br/>
                      <span>
                        <img src="skipped.png" width="3%"/>
                        <a href="#" panel-name="suite-Gradle_suite" title="testcases.register.RegisterTest" class="method navigator-link" hash-for-method="TC_Negative_Register_Test_Cases(Invalid email missing @, newuser123, test.user.example.com, StrongPass123, StrongPass123, John S, FI...)">TC_Negative_Register_Test_Cases(Invalid email missing @, newuser123, test.user.example.com, StrongPass123, StrongPass123, John S, FI...)</a> <!-- method navigator-link -->
                      </span>
                      <br/>
                      <span>
                        <img src="skipped.png" width="3%"/>
                        <a href="#" panel-name="suite-Gradle_suite" title="testcases.register.RegisterTest" class="method navigator-link" hash-for-method="TC_Negative_Register_Test_Cases(Invalid password with leading/trailing spaces, newuser123, newuser123@example.com,   StrongPass123  ...)">TC_Negative_Register_Test_Cases(Invalid password with leading/trailing spaces, newuser123, newuser123@example.com,   StrongPass123  ...)</a> <!-- method navigator-link -->
                      </span>
                      <br/>
                    </div> <!-- method-list-content skipped suite-Gradle_suite -->
                  </li>
                </ul>
              </div> <!-- suite-section-content -->
            </div> <!-- result-section -->
          </div> <!-- navigator-suite-content -->
        </div> <!-- rounded-window -->
      </div> <!-- suite -->
    </div> <!-- navigator-root -->
    <div class="wrapper">
      <div class="main-panel-root">
        <div panel-name="suite-Gradle_suite" class="panel Gradle_suite">
          <div class="suite-Gradle_suite-class-failed">
            <div class="main-panel-header rounded-window-top">
              <img src="failed.png"/>
              <span class="class-name">testcases.register.RegisterTest</span>
            </div> <!-- main-panel-header rounded-window-top -->
            <div class="main-panel-content rounded-window-bottom">
              <div class="method">
                <div class="method-content">
                  <a name="TC_Negative_Register_Test_Cases(Required fields empty, , , , , , FIELD, username, required)">
                  </a> <!-- TC_Negative_Register_Test_Cases(Required fields empty, , , , , , FIELD, username, required) -->
                  <span class="method-name">TC_Negative_Register_Test_Cases</span>
                  <span class="parameters">(Required fields empty,,,,,,FIELD,username,required)</span>
                  <div class="stack-trace">org.openqa.selenium.TimeoutException: Expected condition failed: waiting for visibility of element located by By.id: username-helper-text (tried for 10 second(s) with 500 milliseconds interval)
Build info: version: &apos;4.35.0&apos;, revision: &apos;1c58e5028b&apos;
System info: os.name: &apos;Windows 11&apos;, os.arch: &apos;amd64&apos;, os.version: &apos;10.0&apos;, java.version: &apos;21.0.8&apos;
Driver info: org.openqa.selenium.chrome.ChromeDriver
Capabilities {acceptInsecureCerts: false, browserName: chrome, browserVersion: 143.0.7499.170, chrome: {chromedriverVersion: 143.0.7499.169 (164b20aab62..., userDataDir: C:\Users\Admin\AppData\Loca...}, fedcm:accounts: true, goog:chromeOptions: {debuggerAddress: localhost:51259}, goog:processID: 448, networkConnectionEnabled: false, pageLoadStrategy: normal, platformName: windows, proxy: Proxy(), se:cdp: ws://localhost:51259/devtoo..., se:cdpVersion: 143.0.7499.170, setWindowRect: true, strictFileInteractability: false, timeouts: {implicit: 0, pageLoad: 300000, script: 30000}, unhandledPromptBehavior: dismiss and notify, webauthn:extension:credBlob: true, webauthn:extension:largeBlob: true, webauthn:extension:minPinLength: true, webauthn:extension:prf: true, webauthn:virtualAuthenticators: true}
Session ID: 961192d10e793226978f0d7c772e333d
	at org.openqa.selenium.support.ui.WebDriverWait.timeoutException(WebDriverWait.java:84)
	at org.openqa.selenium.support.ui.FluentWait.until(FluentWait.java:228)
	at base.BasePage.waitForVisibilityOfElementLocated(BasePage.java:24)
	at base.BasePage.getText(BasePage.java:71)
	at base.BasePage.getText(BasePage.java:76)
	at pages.RegisterPage.getFieldErrorMessage(RegisterPage.java:105)
	at testcases.register.RegisterTest.TC_Negative_Register_Test_Cases(RegisterTest.java:186)
	at java.base/java.util.ArrayList.forEach(ArrayList.java:1596)
	at jdk.proxy1/jdk.proxy1.$Proxy4.stop(Unknown Source)
... Removed 40 stack frames
</div> <!-- stack-trace -->
                  <em>
(TC_Negative_Register_Test_Cases)                  </em>
                </div> <!-- method-content -->
              </div> <!-- method -->
            </div> <!-- main-panel-content rounded-window-bottom -->
          </div> <!-- suite-Gradle_suite-class-failed -->
          <div class="suite-Gradle_suite-class-skipped">
            <div class="main-panel-header rounded-window-top">
              <img src="skipped.png"/>
              <span class="class-name">testcases.register.RegisterTest</span>
            </div> <!-- main-panel-header rounded-window-top -->
            <div class="main-panel-content rounded-window-bottom">
              <div class="method">
                <div class="method-content">
                  <a name="TC_Negative_Register_Test_Cases(Password too short, newuser123, newuser123@example.com, 123, 123, John S, FIELD, password, length)">
                  </a> <!-- TC_Negative_Register_Test_Cases(Password too short, newuser123, newuser123@example.com, 123, 123, John S, FIELD, password, length) -->
                  <span class="method-name">TC_Negative_Register_Test_Cases</span>
                  <span class="parameters">(Password too short,newuser123,newuser123@example.com,123,123,John S,FIELD,password,length)</span>
                  <div class="stack-trace">org.openqa.selenium.TimeoutException: Expected condition failed: waiting for element to be clickable: By.xpath: //h3[text()=&apos;Đăng Ký&apos;] (tried for 10 second(s) with 500 milliseconds interval)
Build info: version: &apos;4.35.0&apos;, revision: &apos;1c58e5028b&apos;
System info: os.name: &apos;Windows 11&apos;, os.arch: &apos;amd64&apos;, os.version: &apos;10.0&apos;, java.version: &apos;21.0.8&apos;
Driver info: org.openqa.selenium.chrome.ChromeDriver
Capabilities {acceptInsecureCerts: false, browserName: chrome, browserVersion: 143.0.7499.170, chrome: {chromedriverVersion: 143.0.7499.169 (164b20aab62..., userDataDir: C:\Users\Admin\AppData\Loca...}, fedcm:accounts: true, goog:chromeOptions: {debuggerAddress: localhost:51259}, goog:processID: 448, networkConnectionEnabled: false, pageLoadStrategy: normal, platformName: windows, proxy: Proxy(), se:cdp: ws://localhost:51259/devtoo..., se:cdpVersion: 143.0.7499.170, setWindowRect: true, strictFileInteractability: false, timeouts: {implicit: 0, pageLoad: 300000, script: 30000}, unhandledPromptBehavior: dismiss and notify, webauthn:extension:credBlob: true, webauthn:extension:largeBlob: true, webauthn:extension:minPinLength: true, webauthn:extension:prf: true, webauthn:virtualAuthenticators: true}
Session ID: 961192d10e793226978f0d7c772e333d
	at org.openqa.selenium.support.ui.WebDriverWait.timeoutException(WebDriverWait.java:84)
	at org.openqa.selenium.support.ui.FluentWait.until(FluentWait.java:228)
	at base.BasePage.waitForElementToBeClickable(BasePage.java:33)
	at base.BasePage.click(BasePage.java:61)
	at base.BasePage.click(BasePage.java:66)
	at components.TopBarNavigation.navigateRegisterPage(TopBarNavigation.java:63)
	at testcases.register.RegisterTest.setupPages(RegisterTest.java:28)
	at java.base/java.util.ArrayList.forEach(ArrayList.java:1596)
	at jdk.proxy1/jdk.proxy1.$Proxy4.stop(Unknown Source)
... Removed 44 stack frames
</div> <!-- stack-trace -->
                  <em>
(TC_Negative_Register_Test_Cases)                  </em>
                </div> <!-- method-content -->
              </div> <!-- method -->
              <div class="method">
                <div class="method-content">
                  <a name="TC_Negative_Register_Test_Cases(Passwords do not match, newuser123, newuser123@example.com, StrongPass123, StrongPass124, John S, FI...)">
                  </a> <!-- TC_Negative_Register_Test_Cases(Passwords do not match, newuser123, newuser123@example.com, StrongPass123, StrongPass124, John S, FI...) -->
                  <span class="method-name">TC_Negative_Register_Test_Cases</span>
                  <span class="parameters">(Passwords do not match,newuser123,newuser123@example.com,StrongPass123,StrongPass124,John S,FIELD,confirm,match)</span>
                  <div class="stack-trace">org.openqa.selenium.TimeoutException: Expected condition failed: waiting for element to be clickable: By.xpath: //h3[text()=&apos;Đăng Ký&apos;] (tried for 10 second(s) with 500 milliseconds interval)
Build info: version: &apos;4.35.0&apos;, revision: &apos;1c58e5028b&apos;
System info: os.name: &apos;Windows 11&apos;, os.arch: &apos;amd64&apos;, os.version: &apos;10.0&apos;, java.version: &apos;21.0.8&apos;
Driver info: org.openqa.selenium.chrome.ChromeDriver
Capabilities {acceptInsecureCerts: false, browserName: chrome, browserVersion: 143.0.7499.170, chrome: {chromedriverVersion: 143.0.7499.169 (164b20aab62..., userDataDir: C:\Users\Admin\AppData\Loca...}, fedcm:accounts: true, goog:chromeOptions: {debuggerAddress: localhost:51259}, goog:processID: 448, networkConnectionEnabled: false, pageLoadStrategy: normal, platformName: windows, proxy: Proxy(), se:cdp: ws://localhost:51259/devtoo..., se:cdpVersion: 143.0.7499.170, setWindowRect: true, strictFileInteractability: false, timeouts: {implicit: 0, pageLoad: 300000, script: 30000}, unhandledPromptBehavior: dismiss and notify, webauthn:extension:credBlob: true, webauthn:extension:largeBlob: true, webauthn:extension:minPinLength: true, webauthn:extension:prf: true, webauthn:virtualAuthenticators: true}
Session ID: 961192d10e793226978f0d7c772e333d
	at org.openqa.selenium.support.ui.WebDriverWait.timeoutException(WebDriverWait.java:84)
	at org.openqa.selenium.support.ui.FluentWait.until(FluentWait.java:228)
	at base.BasePage.waitForElementToBeClickable(BasePage.java:33)
	at base.BasePage.click(BasePage.java:61)
	at base.BasePage.click(BasePage.java:66)
	at components.TopBarNavigation.navigateRegisterPage(TopBarNavigation.java:63)
	at testcases.register.RegisterTest.setupPages(RegisterTest.java:28)
	at java.base/java.util.ArrayList.forEach(ArrayList.java:1596)
	at jdk.proxy1/jdk.proxy1.$Proxy4.stop(Unknown Source)
... Removed 44 stack frames
</div> <!-- stack-trace -->
                  <em>
(TC_Negative_Register_Test_Cases)                  </em>
                </div> <!-- method-content -->
              </div> <!-- method -->
              <div class="method">
                <div class="method-content">
                  <a name="TC_Negative_Register_Test_Cases(Full name with numbers, newuser123, newuser123@example.com, StrongPass123, StrongPass123, John123, F...)">
                  </a> <!-- TC_Negative_Register_Test_Cases(Full name with numbers, newuser123, newuser123@example.com, StrongPass123, StrongPass123, John123, F...) -->
                  <span class="method-name">TC_Negative_Register_Test_Cases</span>
                  <span class="parameters">(Full name with numbers,newuser123,newuser123@example.com,StrongPass123,StrongPass123,John123,FIELD,name,invalid)</span>
                  <div class="stack-trace">org.openqa.selenium.TimeoutException: Expected condition failed: waiting for element to be clickable: By.xpath: //h3[text()=&apos;Đăng Ký&apos;] (tried for 10 second(s) with 500 milliseconds interval)
Build info: version: &apos;4.35.0&apos;, revision: &apos;1c58e5028b&apos;
System info: os.name: &apos;Windows 11&apos;, os.arch: &apos;amd64&apos;, os.version: &apos;10.0&apos;, java.version: &apos;21.0.8&apos;
Driver info: org.openqa.selenium.chrome.ChromeDriver
Capabilities {acceptInsecureCerts: false, browserName: chrome, browserVersion: 143.0.7499.170, chrome: {chromedriverVersion: 143.0.7499.169 (164b20aab62..., userDataDir: C:\Users\Admin\AppData\Loca...}, fedcm:accounts: true, goog:chromeOptions: {debuggerAddress: localhost:51259}, goog:processID: 448, networkConnectionEnabled: false, pageLoadStrategy: normal, platformName: windows, proxy: Proxy(), se:cdp: ws://localhost:51259/devtoo..., se:cdpVersion: 143.0.7499.170, setWindowRect: true, strictFileInteractability: false, timeouts: {implicit: 0, pageLoad: 300000, script: 30000}, unhandledPromptBehavior: dismiss and notify, webauthn:extension:credBlob: true, webauthn:extension:largeBlob: true, webauthn:extension:minPinLength: true, webauthn:extension:prf: true, webauthn:virtualAuthenticators: true}
Session ID: 961192d10e793226978f0d7c772e333d
	at org.openqa.selenium.support.ui.WebDriverWait.timeoutException(WebDriverWait.java:84)
	at org.openqa.selenium.support.ui.FluentWait.until(FluentWait.java:228)
	at base.BasePage.waitForElementToBeClickable(BasePage.java:33)
	at base.BasePage.click(BasePage.java:61)
	at base.BasePage.click(BasePage.java:66)
	at components.TopBarNavigation.navigateRegisterPage(TopBarNavigation.java:63)
	at testcases.register.RegisterTest.setupPages(RegisterTest.java:28)
	at java.base/java.util.ArrayList.forEach(ArrayList.java:1596)
	at jdk.proxy1/jdk.proxy1.$Proxy4.stop(Unknown Source)
... Removed 44 stack frames
</div> <!-- stack-trace -->
                  <em>
(TC_Negative_Register_Test_Cases)                  </em>
                </div> <!-- method-content -->
              </div> <!-- method -->
              <div class="method">
                <div class="method-content">
                  <a name="TC_Negative_Register_Test_Cases(Full name with special characters, newuser123, newuser123@example.com, StrongPass123, StrongPass123,...)">
                  </a> <!-- TC_Negative_Register_Test_Cases(Full name with special characters, newuser123, newuser123@example.com, StrongPass123, StrongPass123,...) -->
                  <span class="method-name">TC_Negative_Register_Test_Cases</span>
                  <span class="parameters">(Full name with special characters,newuser123,newuser123@example.com,StrongPass123,StrongPass123,John@#,FIELD,name,invalid)</span>
                  <div class="stack-trace">org.openqa.selenium.TimeoutException: Expected condition failed: waiting for element to be clickable: By.xpath: //h3[text()=&apos;Đăng Ký&apos;] (tried for 10 second(s) with 500 milliseconds interval)
Build info: version: &apos;4.35.0&apos;, revision: &apos;1c58e5028b&apos;
System info: os.name: &apos;Windows 11&apos;, os.arch: &apos;amd64&apos;, os.version: &apos;10.0&apos;, java.version: &apos;21.0.8&apos;
Driver info: org.openqa.selenium.chrome.ChromeDriver
Capabilities {acceptInsecureCerts: false, browserName: chrome, browserVersion: 143.0.7499.170, chrome: {chromedriverVersion: 143.0.7499.169 (164b20aab62..., userDataDir: C:\Users\Admin\AppData\Loca...}, fedcm:accounts: true, goog:chromeOptions: {debuggerAddress: localhost:51259}, goog:processID: 448, networkConnectionEnabled: false, pageLoadStrategy: normal, platformName: windows, proxy: Proxy(), se:cdp: ws://localhost:51259/devtoo..., se:cdpVersion: 143.0.7499.170, setWindowRect: true, strictFileInteractability: false, timeouts: {implicit: 0, pageLoad: 300000, script: 30000}, unhandledPromptBehavior: dismiss and notify, webauthn:extension:credBlob: true, webauthn:extension:largeBlob: true, webauthn:extension:minPinLength: true, webauthn:extension:prf: true, webauthn:virtualAuthenticators: true}
Session ID: 961192d10e793226978f0d7c772e333d
	at org.openqa.selenium.support.ui.WebDriverWait.timeoutException(WebDriverWait.java:84)
	at org.openqa.selenium.support.ui.FluentWait.until(FluentWait.java:228)
	at base.BasePage.waitForElementToBeClickable(BasePage.java:33)
	at base.BasePage.click(BasePage.java:61)
	at base.BasePage.click(BasePage.java:66)
	at components.TopBarNavigation.navigateRegisterPage(TopBarNavigation.java:63)
	at testcases.register.RegisterTest.setupPages(RegisterTest.java:28)
	at java.base/java.util.ArrayList.forEach(ArrayList.java:1596)
	at jdk.proxy1/jdk.proxy1.$Proxy4.stop(Unknown Source)
... Removed 44 stack frames
</div> <!-- stack-trace -->
                  <em>
(TC_Negative_Register_Test_Cases)                  </em>
                </div> <!-- method-content -->
              </div> <!-- method -->
              <div class="method">
                <div class="method-content">
                  <a name="TC_Negative_Register_Test_Cases(Username already exists, tester01, , , , John S, GLOBAL, , username already exists)">
                  </a> <!-- TC_Negative_Register_Test_Cases(Username already exists, tester01, , , , John S, GLOBAL, , username already exists) -->
                  <span class="method-name">TC_Negative_Register_Test_Cases</span>
                  <span class="parameters">(Username already exists,tester01,,,,John S,GLOBAL,,username already exists)</span>
                  <div class="stack-trace">org.openqa.selenium.TimeoutException: Expected condition failed: waiting for element to be clickable: By.xpath: //h3[text()=&apos;Đăng Ký&apos;] (tried for 10 second(s) with 500 milliseconds interval)
Build info: version: &apos;4.35.0&apos;, revision: &apos;1c58e5028b&apos;
System info: os.name: &apos;Windows 11&apos;, os.arch: &apos;amd64&apos;, os.version: &apos;10.0&apos;, java.version: &apos;21.0.8&apos;
Driver info: org.openqa.selenium.chrome.ChromeDriver
Capabilities {acceptInsecureCerts: false, browserName: chrome, browserVersion: 143.0.7499.170, chrome: {chromedriverVersion: 143.0.7499.169 (164b20aab62..., userDataDir: C:\Users\Admin\AppData\Loca...}, fedcm:accounts: true, goog:chromeOptions: {debuggerAddress: localhost:51259}, goog:processID: 448, networkConnectionEnabled: false, pageLoadStrategy: normal, platformName: windows, proxy: Proxy(), se:cdp: ws://localhost:51259/devtoo..., se:cdpVersion: 143.0.7499.170, setWindowRect: true, strictFileInteractability: false, timeouts: {implicit: 0, pageLoad: 300000, script: 30000}, unhandledPromptBehavior: dismiss and notify, webauthn:extension:credBlob: true, webauthn:extension:largeBlob: true, webauthn:extension:minPinLength: true, webauthn:extension:prf: true, webauthn:virtualAuthenticators: true}
Session ID: 961192d10e793226978f0d7c772e333d
	at org.openqa.selenium.support.ui.WebDriverWait.timeoutException(WebDriverWait.java:84)
	at org.openqa.selenium.support.ui.FluentWait.until(FluentWait.java:228)
	at base.BasePage.waitForElementToBeClickable(BasePage.java:33)
	at base.BasePage.click(BasePage.java:61)
	at base.BasePage.click(BasePage.java:66)
	at components.TopBarNavigation.navigateRegisterPage(TopBarNavigation.java:63)
	at testcases.register.RegisterTest.setupPages(RegisterTest.java:28)
	at java.base/java.util.ArrayList.forEach(ArrayList.java:1596)
	at jdk.proxy1/jdk.proxy1.$Proxy4.stop(Unknown Source)
... Removed 44 stack frames
</div> <!-- stack-trace -->
                  <em>
(TC_Negative_Register_Test_Cases)                  </em>
                </div> <!-- method-content -->
              </div> <!-- method -->
              <div class="method">
                <div class="method-content">
                  <a name="TC_Negative_Register_Test_Cases(Email already exists, newuser123, tester01@example.com, StrongPass123, StrongPass123, John S, GLOBAL...)">
                  </a> <!-- TC_Negative_Register_Test_Cases(Email already exists, newuser123, tester01@example.com, StrongPass123, StrongPass123, John S, GLOBAL...) -->
                  <span class="method-name">TC_Negative_Register_Test_Cases</span>
                  <span class="parameters">(Email already exists,newuser123,tester01@example.com,StrongPass123,StrongPass123,John S,GLOBAL,,email)</span>
                  <div class="stack-trace">org.openqa.selenium.TimeoutException: Expected condition failed: waiting for element to be clickable: By.xpath: //h3[text()=&apos;Đăng Ký&apos;] (tried for 10 second(s) with 500 milliseconds interval)
Build info: version: &apos;4.35.0&apos;, revision: &apos;1c58e5028b&apos;
System info: os.name: &apos;Windows 11&apos;, os.arch: &apos;amd64&apos;, os.version: &apos;10.0&apos;, java.version: &apos;21.0.8&apos;
Driver info: org.openqa.selenium.chrome.ChromeDriver
Capabilities {acceptInsecureCerts: false, browserName: chrome, browserVersion: 143.0.7499.170, chrome: {chromedriverVersion: 143.0.7499.169 (164b20aab62..., userDataDir: C:\Users\Admin\AppData\Loca...}, fedcm:accounts: true, goog:chromeOptions: {debuggerAddress: localhost:51259}, goog:processID: 448, networkConnectionEnabled: false, pageLoadStrategy: normal, platformName: windows, proxy: Proxy(), se:cdp: ws://localhost:51259/devtoo..., se:cdpVersion: 143.0.7499.170, setWindowRect: true, strictFileInteractability: false, timeouts: {implicit: 0, pageLoad: 300000, script: 30000}, unhandledPromptBehavior: dismiss and notify, webauthn:extension:credBlob: true, webauthn:extension:largeBlob: true, webauthn:extension:minPinLength: true, webauthn:extension:prf: true, webauthn:virtualAuthenticators: true}
Session ID: 961192d10e793226978f0d7c772e333d
	at org.openqa.selenium.support.ui.WebDriverWait.timeoutException(WebDriverWait.java:84)
	at org.openqa.selenium.support.ui.FluentWait.until(FluentWait.java:228)
	at base.BasePage.waitForElementToBeClickable(BasePage.java:33)
	at base.BasePage.click(BasePage.java:61)
	at base.BasePage.click(BasePage.java:66)
	at components.TopBarNavigation.navigateRegisterPage(TopBarNavigation.java:63)
	at testcases.register.RegisterTest.setupPages(RegisterTest.java:28)
	at java.base/java.util.ArrayList.forEach(ArrayList.java:1596)
	at jdk.proxy1/jdk.proxy1.$Proxy4.stop(Unknown Source)
... Removed 44 stack frames
</div> <!-- stack-trace -->
                  <em>
(TC_Negative_Register_Test_Cases)                  </em>
                </div> <!-- method-content -->
              </div> <!-- method -->
              <div class="method">
                <div class="method-content">
                  <a name="TC_Negative_Register_Test_Cases(Invalid email missing @, newuser123, test.user.example.com, StrongPass123, StrongPass123, John S, FI...)">
                  </a> <!-- TC_Negative_Register_Test_Cases(Invalid email missing @, newuser123, test.user.example.com, StrongPass123, StrongPass123, John S, FI...) -->
                  <span class="method-name">TC_Negative_Register_Test_Cases</span>
                  <span class="parameters">(Invalid email missing @,newuser123,test.user.example.com,StrongPass123,StrongPass123,John S,FIELD,email,valid)</span>
                  <div class="stack-trace">org.openqa.selenium.TimeoutException: Expected condition failed: waiting for element to be clickable: By.xpath: //h3[text()=&apos;Đăng Ký&apos;] (tried for 10 second(s) with 500 milliseconds interval)
Build info: version: &apos;4.35.0&apos;, revision: &apos;1c58e5028b&apos;
System info: os.name: &apos;Windows 11&apos;, os.arch: &apos;amd64&apos;, os.version: &apos;10.0&apos;, java.version: &apos;21.0.8&apos;
Driver info: org.openqa.selenium.chrome.ChromeDriver
Capabilities {acceptInsecureCerts: false, browserName: chrome, browserVersion: 143.0.7499.170, chrome: {chromedriverVersion: 143.0.7499.169 (164b20aab62..., userDataDir: C:\Users\Admin\AppData\Loca...}, fedcm:accounts: true, goog:chromeOptions: {debuggerAddress: localhost:51259}, goog:processID: 448, networkConnectionEnabled: false, pageLoadStrategy: normal, platformName: windows, proxy: Proxy(), se:cdp: ws://localhost:51259/devtoo..., se:cdpVersion: 143.0.7499.170, setWindowRect: true, strictFileInteractability: false, timeouts: {implicit: 0, pageLoad: 300000, script: 30000}, unhandledPromptBehavior: dismiss and notify, webauthn:extension:credBlob: true, webauthn:extension:largeBlob: true, webauthn:extension:minPinLength: true, webauthn:extension:prf: true, webauthn:virtualAuthenticators: true}
Session ID: 961192d10e793226978f0d7c772e333d
	at org.openqa.selenium.support.ui.WebDriverWait.timeoutException(WebDriverWait.java:84)
	at org.openqa.selenium.support.ui.FluentWait.until(FluentWait.java:228)
	at base.BasePage.waitForElementToBeClickable(BasePage.java:33)
	at base.BasePage.click(BasePage.java:61)
	at base.BasePage.click(BasePage.java:66)
	at components.TopBarNavigation.navigateRegisterPage(TopBarNavigation.java:63)
	at testcases.register.RegisterTest.setupPages(RegisterTest.java:28)
	at java.base/java.util.ArrayList.forEach(ArrayList.java:1596)
	at jdk.proxy1/jdk.proxy1.$Proxy4.stop(Unknown Source)
... Removed 44 stack frames
</div> <!-- stack-trace -->
                  <em>
(TC_Negative_Register_Test_Cases)                  </em>
                </div> <!-- method-content -->
              </div> <!-- method -->
              <div class="method">
                <div class="method-content">
                  <a name="TC_Negative_Register_Test_Cases(Invalid password with leading/trailing spaces, newuser123, newuser123@example.com,   StrongPass123  ...)">
                  </a> <!-- TC_Negative_Register_Test_Cases(Invalid password with leading/trailing spaces, newuser123, newuser123@example.com,   StrongPass123  ...) -->
                  <span class="method-name">TC_Negative_Register_Test_Cases</span>
                  <span class="parameters">(Invalid password with leading/trailing spaces,newuser123,newuser123@example.com,  StrongPass123  ,  StrongPass123  ,John S,FIELD,password,no leading or trailing spaces)</span>
                  <div class="stack-trace">org.openqa.selenium.TimeoutException: Expected condition failed: waiting for element to be clickable: By.xpath: //h3[text()=&apos;Đăng Ký&apos;] (tried for 10 second(s) with 500 milliseconds interval)
Build info: version: &apos;4.35.0&apos;, revision: &apos;1c58e5028b&apos;
System info: os.name: &apos;Windows 11&apos;, os.arch: &apos;amd64&apos;, os.version: &apos;10.0&apos;, java.version: &apos;21.0.8&apos;
Driver info: org.openqa.selenium.chrome.ChromeDriver
Capabilities {acceptInsecureCerts: false, browserName: chrome, browserVersion: 143.0.7499.170, chrome: {chromedriverVersion: 143.0.7499.169 (164b20aab62..., userDataDir: C:\Users\Admin\AppData\Loca...}, fedcm:accounts: true, goog:chromeOptions: {debuggerAddress: localhost:51259}, goog:processID: 448, networkConnectionEnabled: false, pageLoadStrategy: normal, platformName: windows, proxy: Proxy(), se:cdp: ws://localhost:51259/devtoo..., se:cdpVersion: 143.0.7499.170, setWindowRect: true, strictFileInteractability: false, timeouts: {implicit: 0, pageLoad: 300000, script: 30000}, unhandledPromptBehavior: dismiss and notify, webauthn:extension:credBlob: true, webauthn:extension:largeBlob: true, webauthn:extension:minPinLength: true, webauthn:extension:prf: true, webauthn:virtualAuthenticators: true}
Session ID: 961192d10e793226978f0d7c772e333d
	at org.openqa.selenium.support.ui.WebDriverWait.timeoutException(WebDriverWait.java:84)
	at org.openqa.selenium.support.ui.FluentWait.until(FluentWait.java:228)
	at base.BasePage.waitForElementToBeClickable(BasePage.java:33)
	at base.BasePage.click(BasePage.java:61)
	at base.BasePage.click(BasePage.java:66)
	at components.TopBarNavigation.navigateRegisterPage(TopBarNavigation.java:63)
	at testcases.register.RegisterTest.setupPages(RegisterTest.java:28)
	at java.base/java.util.ArrayList.forEach(ArrayList.java:1596)
	at jdk.proxy1/jdk.proxy1.$Proxy4.stop(Unknown Source)
... Removed 44 stack frames
</div> <!-- stack-trace -->
                  <em>
(TC_Negative_Register_Test_Cases)                  </em>
                </div> <!-- method-content -->
              </div> <!-- method -->
            </div> <!-- main-panel-content rounded-window-bottom -->
          </div> <!-- suite-Gradle_suite-class-skipped -->
        </div> <!-- panel Gradle_suite -->
        <div panel-name="test-xml-Gradle_suite" class="panel">
          <div class="main-panel-header rounded-window-top">
          </div> <!-- main-panel-header rounded-window-top -->
          <div class="main-panel-content rounded-window-bottom">
            <pre>
&lt;?xml version=&quot;1.0&quot; encoding=&quot;UTF-8&quot;?&gt;
&lt;!DOCTYPE suite SYSTEM &quot;https://testng.org/testng-1.0.dtd&quot;&gt;
&lt;suite name=&quot;Gradle suite&quot; verbose=&quot;0&quot;&gt;
  &lt;test thread-count=&quot;5&quot; name=&quot;Gradle test&quot; verbose=&quot;0&quot; preserve-order=&quot;false&quot;&gt;
    &lt;classes&gt;
      &lt;class name=&quot;testcases.register.RegisterTest&quot;/&gt;
    &lt;/classes&gt;
  &lt;/test&gt; &lt;!-- Gradle test --&gt;
&lt;/suite&gt; &lt;!-- Gradle suite --&gt;
            </pre>
          </div> <!-- main-panel-content rounded-window-bottom -->
        </div> <!-- panel -->
        <div panel-name="testlist-Gradle_suite" class="panel">
          <div class="main-panel-header rounded-window-top">
            <span class="header-content">Tests for Gradle suite</span>
          </div> <!-- main-panel-header rounded-window-top -->
          <div class="main-panel-content rounded-window-bottom">
            <ul>
              <li>
                <span class="test-name">Gradle test (1 class)</span>
              </li>
            </ul>
          </div> <!-- main-panel-content rounded-window-bottom -->
        </div> <!-- panel -->
        <div panel-name="group-Gradle_suite" class="panel">
          <div class="main-panel-header rounded-window-top">
            <span class="header-content">Groups for Gradle suite</span>
          </div> <!-- main-panel-header rounded-window-top -->
          <div class="main-panel-content rounded-window-bottom">
          </div> <!-- main-panel-content rounded-window-bottom -->
        </div> <!-- panel -->
        <div panel-name="times-Gradle_suite" class="panel">
          <div class="main-panel-header rounded-window-top">
            <span class="header-content">Times for Gradle suite</span>
          </div> <!-- main-panel-header rounded-window-top -->
          <div class="main-panel-content rounded-window-bottom">
            <div class="times-div">
              <script type="text/javascript">
suiteTableInitFunctions.push('tableData_Gradle_suite');
function tableData_Gradle_suite() {
var data = new google.visualization.DataTable();
data.addColumn('number', 'Number');
data.addColumn('string', 'Method');
data.addColumn('string', 'Class');
data.addColumn('number', 'Time (ms)');
data.addRows(9);
data.setCell(0, 0, 0)
data.setCell(0, 1, 'TC_Negative_Register_Test_Cases')
data.setCell(0, 2, 'testcases.register.RegisterTest')
data.setCell(0, 3, 13999);
data.setCell(1, 0, 1)
data.setCell(1, 1, 'TC_Negative_Register_Test_Cases')
data.setCell(1, 2, 'testcases.register.RegisterTest')
data.setCell(1, 3, 15);
data.setCell(2, 0, 2)
data.setCell(2, 1, 'TC_Negative_Register_Test_Cases')
data.setCell(2, 2, 'testcases.register.RegisterTest')
data.setCell(2, 3, 1);
data.setCell(3, 0, 3)
data.setCell(3, 1, 'TC_Negative_Register_Test_Cases')
data.setCell(3, 2, 'testcases.register.RegisterTest')
data.setCell(3, 3, 0);
data.setCell(4, 0, 4)
data.setCell(4, 1, 'TC_Negative_Register_Test_Cases')
data.setCell(4, 2, 'testcases.register.RegisterTest')
data.setCell(4, 3, 0);
data.setCell(5, 0, 5)
data.setCell(5, 1, 'TC_Negative_Register_Test_Cases')
data.setCell(5, 2, 'testcases.register.RegisterTest')
data.setCell(5, 3, 0);
data.setCell(6, 0, 6)
data.setCell(6, 1, 'TC_Negative_Register_Test_Cases')
data.setCell(6, 2, 'testcases.register.RegisterTest')
data.setCell(6, 3, 0);
data.setCell(7, 0, 7)
data.setCell(7, 1, 'TC_Negative_Register_Test_Cases')
data.setCell(7, 2, 'testcases.register.RegisterTest')
data.setCell(7, 3, 0);
data.setCell(8, 0, 8)
data.setCell(8, 1, 'TC_Negative_Register_Test_Cases')
data.setCell(8, 2, 'testcases.register.RegisterTest')
data.setCell(8, 3, 0);
window.suiteTableData['Gradle_suite']= { tableData: data, tableDiv: 'times-div-Gradle_suite'}
return data;
}
              </script>
              <span class="suite-total-time">Total running time: 14 seconds</span>
              <div id="times-div-Gradle_suite">
              </div> <!-- times-div-Gradle_suite -->
            </div> <!-- times-div -->
          </div> <!-- main-panel-content rounded-window-bottom -->
        </div> <!-- panel -->
        <div panel-name="reporter-Gradle_suite" class="panel">
          <div class="main-panel-header rounded-window-top">
            <span class="header-content">Reporter output for Gradle suite</span>
          </div> <!-- main-panel-header rounded-window-top -->
          <div class="main-panel-content rounded-window-bottom">
          </div> <!-- main-panel-content rounded-window-bottom -->
        </div> <!-- panel -->
        <div panel-name="ignored-methods-Gradle_suite" class="panel">
          <div class="main-panel-header rounded-window-top">
            <span class="header-content">0 ignored methods</span>
          </div> <!-- main-panel-header rounded-window-top -->
          <div class="main-panel-content rounded-window-bottom">
          </div> <!-- main-panel-content rounded-window-bottom -->
        </div> <!-- panel -->
        <div panel-name="chronological-Gradle_suite" class="panel">
          <div class="main-panel-header rounded-window-top">
            <span class="header-content">Methods in chronological order</span>
          </div> <!-- main-panel-header rounded-window-top -->
          <div class="main-panel-content rounded-window-bottom">
            <div class="chronological-class">
              <div class="chronological-class-name">testcases.register.RegisterTest</div> <!-- chronological-class-name -->
              <div class="configuration-suite before">
                <span class="method-name">beforeSuite</span>
                <span class="method-start">0 ms</span>
              </div> <!-- configuration-suite before -->
              <div class="configuration-class before">
                <span class="method-name">beforeClass</span>
                <span class="method-start">327 ms</span>
              </div> <!-- configuration-class before -->
              <div class="configuration-method before">
                <span class="method-name">beforeMethod([TestResult name={null} status=CREATED method=RegisterTest.TC_Negative_Register_Test_Cases(java.lang...)</span>
                <span class="method-start">12916 ms</span>
              </div> <!-- configuration-method before -->
              <div class="configuration-method before">
                <span class="method-name">setupPages</span>
                <span class="method-start">17839 ms</span>
              </div> <!-- configuration-method before -->
              <div class="test-method">
                <img src="failed.png">
                </img>
                <span class="method-name">TC_Negative_Register_Test_Cases(Required fields empty, , , , , , FIELD, username, required)</span>
                <span class="method-start">21265 ms</span>
              </div> <!-- test-method -->
              <div class="configuration-method after">
                <span class="method-name">afterMethod([TestResult name=TC_Negative_Register_Test_Cases status=FAILURE method=RegisterTest.TC_Negative_Regi...)</span>
                <span class="method-start">40423 ms</span>
              </div> <!-- configuration-method after -->
              <div class="configuration-method before">
                <span class="method-name">beforeMethod([TestResult name={null} status=CREATED method=RegisterTest.TC_Negative_Register_Test_Cases(java.lang...)</span>
                <span class="method-start">41768 ms</span>
              </div> <!-- configuration-method before -->
              <div class="configuration-method before">
                <img src="failed.png">
                </img>
                <span class="method-name">setupPages</span>
                <span class="method-start">45095 ms</span>
              </div> <!-- configuration-method before -->
              <div class="test-method">
                <span class="method-name">TC_Negative_Register_Test_Cases(Username already exists, tester01, , , , John S, GLOBAL, , username already exists)</span>
                <span class="method-start">56202 ms</span>
              </div> <!-- test-method -->
              <div class="configuration-method after">
                <span class="method-name">afterMethod</span>
                <span class="method-start">56419 ms</span>
              </div> <!-- configuration-method after -->
              <div class="configuration-method before">
                <span class="method-name">beforeMethod</span>
                <span class="method-start">56667 ms</span>
              </div> <!-- configuration-method before -->
              <div class="test-method">
                <span class="method-name">TC_Negative_Register_Test_Cases(Email already exists, newuser123, tester01@example.com, StrongPass123, StrongPass123, John S, GLOBAL...)</span>
                <span class="method-start">56667 ms</span>
              </div> <!-- test-method -->
              <div class="configuration-method before">
                <span class="method-name">setupPages</span>
                <span class="method-start">56667 ms</span>
              </div> <!-- configuration-method before -->
              <div class="test-method">
                <span class="method-name">TC_Negative_Register_Test_Cases(Passwords do not match, newuser123, newuser123@example.com, StrongPass123, StrongPass124, John S, FI...)</span>
                <span class="method-start">56683 ms</span>
              </div> <!-- test-method -->
              <div class="configuration-method before">
                <span class="method-name">setupPages</span>
                <span class="method-start">56683 ms</span>
              </div> <!-- configuration-method before -->
              <div class="configuration-method before">
                <span class="method-name">beforeMethod</span>
                <span class="method-start">56683 ms</span>
              </div> <!-- configuration-method before -->
              <div class="configuration-method after">
                <span class="method-name">afterMethod</span>
                <span class="method-start">56683 ms</span>
              </div> <!-- configuration-method after -->
              <div class="configuration-method after">
                <span class="method-name">afterMethod</span>
                <span class="method-start">56699 ms</span>
              </div> <!-- configuration-method after -->
              <div class="configuration-method before">
                <span class="method-name">beforeMethod</span>
                <span class="method-start">56699 ms</span>
              </div> <!-- configuration-method before -->
              <div class="configuration-method after">
                <span class="method-name">afterMethod</span>
                <span class="method-start">56714 ms</span>
              </div> <!-- configuration-method after -->
              <div class="configuration-method before">
                <span class="method-name">setupPages</span>
                <span class="method-start">56714 ms</span>
              </div> <!-- configuration-method before -->
              <div class="test-method">
                <span class="method-name">TC_Negative_Register_Test_Cases(Invalid email missing @, newuser123, test.user.example.com, StrongPass123, StrongPass123, John S, FI...)</span>
                <span class="method-start">56714 ms</span>
              </div> <!-- test-method -->
              <div class="configuration-method before">
                <span class="method-name">beforeMethod</span>
                <span class="method-start">56797 ms</span>
              </div> <!-- configuration-method before -->
              <div class="configuration-method before">
                <span class="method-name">setupPages</span>
                <span class="method-start">56814 ms</span>
              </div> <!-- configuration-method before -->
              <div class="test-method">
                <span class="method-name">TC_Negative_Register_Test_Cases(Password too short, newuser123, newuser123@example.com, 123, 123, John S, FIELD, password, length)</span>
                <span class="method-start">57343 ms</span>
              </div> <!-- test-method -->
              <div class="configuration-method after">
                <span class="method-name">afterMethod</span>
                <span class="method-start">57348 ms</span>
              </div> <!-- configuration-method after -->
              <div class="configuration-method before">
                <span class="method-name">beforeMethod</span>
                <span class="method-start">57351 ms</span>
              </div> <!-- configuration-method before -->
              <div class="configuration-method before">
                <span class="method-name">setupPages</span>
                <span class="method-start">57352 ms</span>
              </div> <!-- configuration-method before -->
              <div class="test-method">
                <span class="method-name">TC_Negative_Register_Test_Cases(Full name with numbers, newuser123, newuser123@example.com, StrongPass123, StrongPass123, John123, F...)</span>
                <span class="method-start">57352 ms</span>
              </div> <!-- test-method -->
              <div class="configuration-method after">
                <span class="method-name">afterMethod</span>
                <span class="method-start">57355 ms</span>
              </div> <!-- configuration-method after -->
              <div class="configuration-method before">
                <span class="method-name">beforeMethod</span>
                <span class="method-start">57358 ms</span>
              </div> <!-- configuration-method before -->
              <div class="configuration-method before">
                <span class="method-name">setupPages</span>
                <span class="method-start">57359 ms</span>
              </div> <!-- configuration-method before -->
              <div class="test-method">
                <span class="method-name">TC_Negative_Register_Test_Cases(Full name with special characters, newuser123, newuser123@example.com, StrongPass123, StrongPass123,...)</span>
                <span class="method-start">57360 ms</span>
              </div> <!-- test-method -->
              <div class="configuration-method after">
                <span class="method-name">afterMethod</span>
                <span class="method-start">57362 ms</span>
              </div> <!-- configuration-method after -->
              <div class="configuration-method before">
                <span class="method-name">beforeMethod</span>
                <span class="method-start">57363 ms</span>
              </div> <!-- configuration-method before -->
              <div class="configuration-method before">
                <span class="method-name">setupPages</span>
                <span class="method-start">57364 ms</span>
              </div> <!-- configuration-method before -->
              <div class="test-method">
                <span class="method-name">TC_Negative_Register_Test_Cases(Invalid password with leading/trailing spaces, newuser123, newuser123@example.com,   StrongPass123  ...)</span>
                <span class="method-start">57364 ms</span>
              </div> <!-- test-method -->
              <div class="configuration-method after">
                <span class="method-name">afterMethod</span>
                <span class="method-start">57367 ms</span>
              </div> <!-- configuration-method after -->
          </div> <!-- main-panel-content rounded-window-bottom -->
        </div> <!-- panel -->
      </div> <!-- main-panel-root -->
    </div> <!-- wrapper -->
  </body>
<script type="text/javascript" src="testng-reports2.js"></script>
</html>
