<?xml version="1.0" encoding="UTF-8"?>
<testng-results ignored="0" total="13" passed="8" failed="5" skipped="0">
  <reporter-output>
  </reporter-output>
  <suite started-at="2026-01-04T16:23:25 ICT" name="Gradle suite" finished-at="2026-01-04T16:24:42 ICT" duration-ms="77202">
    <groups>
    </groups>
    <test started-at="2026-01-04T16:23:25 ICT" name="Gradle test" finished-at="2026-01-04T16:24:42 ICT" duration-ms="77202">
      <class name="testcases.register.RegisterTest">
        <test-method is-config="true" signature="beforeSuite()[pri:0, instance:testcases.register.RegisterTest@6e4de19b]" started-at="2026-01-04T16:23:25 ICT" name="beforeSuite" finished-at="2026-01-04T16:23:25 ICT" duration-ms="251" status="PASS">
          <reporter-output>
          </reporter-output>
        </test-method> <!-- beforeSuite -->
        <test-method is-config="true" signature="beforeClass()[pri:0, instance:testcases.register.RegisterTest@6e4de19b]" started-at="2026-01-04T16:23:25 ICT" name="beforeClass" finished-at="2026-01-04T16:23:30 ICT" duration-ms="5319" status="PASS">
          <reporter-output>
          </reporter-output>
        </test-method> <!-- beforeClass -->
        <test-method is-config="true" signature="beforeMethod(org.testng.ITestResult)[pri:0, instance:testcases.register.RegisterTest@6e4de19b]" started-at="2026-01-04T16:23:30 ICT" name="beforeMethod" finished-at="2026-01-04T16:23:30 ICT" duration-ms="232" status="PASS">
          <params>
            <param index="0">
              <value>
                <![CDATA[[TestResult name={null} status=CREATED method=RegisterTest.TC_Toggle_Password_Eye_Icon()[pri:-1, instance:testcases.register.RegisterTest@6e4de19b] output={null}]]]>
              </value>
            </param>
          </params>
          <reporter-output>
          </reporter-output>
        </test-method> <!-- beforeMethod -->
        <test-method is-config="true" signature="setupPages()[pri:0, instance:testcases.register.RegisterTest@6e4de19b]" started-at="2026-01-04T16:23:30 ICT" name="setupPages" finished-at="2026-01-04T16:23:33 ICT" duration-ms="2793" status="PASS">
          <reporter-output>
          </reporter-output>
        </test-method> <!-- setupPages -->
        <test-method signature="TC_Toggle_Password_Eye_Icon()[pri:-1, instance:testcases.register.RegisterTest@6e4de19b]" started-at="2026-01-04T16:23:33 ICT" name="TC_Toggle_Password_Eye_Icon" description="TC_Toggle_Password_Eye_Icon" finished-at="2026-01-04T16:23:44 ICT" duration-ms="10887" status="FAIL">
          <exception class="org.openqa.selenium.TimeoutException">
            <message>
              <![CDATA[Expected condition failed: waiting for element to be clickable: By.cssSelector: button#matKhau (tried for 10 second(s) with 500 milliseconds interval)
Build info: version: '4.35.0', revision: '1c58e5028b'
System info: os.name: 'Windows 11', os.arch: 'amd64', os.version: '10.0', java.version: '21.0.8'
Driver info: org.openqa.selenium.chrome.ChromeDriver
Capabilities {acceptInsecureCerts: false, browserName: chrome, browserVersion: 143.0.7499.170, chrome: {chromedriverVersion: 143.0.7499.169 (164b20aab62..., userDataDir: C:\Users\Admin\AppData\Loca...}, fedcm:accounts: true, goog:chromeOptions: {debuggerAddress: localhost:61260}, goog:processID: 5000, networkConnectionEnabled: false, pageLoadStrategy: normal, platformName: windows, proxy: Proxy(), se:cdp: ws://localhost:61260/devtoo..., se:cdpVersion: 143.0.7499.170, setWindowRect: true, strictFileInteractability: false, timeouts: {implicit: 0, pageLoad: 300000, script: 30000}, unhandledPromptBehavior: dismiss and notify, webauthn:extension:credBlob: true, webauthn:extension:largeBlob: true, webauthn:extension:minPinLength: true, webauthn:extension:prf: true, webauthn:virtualAuthenticators: true}
Session ID: 1b153fccdba17205bd67a2c01d74f465]]>
            </message>
            <full-stacktrace>
              <![CDATA[org.openqa.selenium.TimeoutException: Expected condition failed: waiting for element to be clickable: By.cssSelector: button#matKhau (tried for 10 second(s) with 500 milliseconds interval)
Build info: version: '4.35.0', revision: '1c58e5028b'
System info: os.name: 'Windows 11', os.arch: 'amd64', os.version: '10.0', java.version: '21.0.8'
Driver info: org.openqa.selenium.chrome.ChromeDriver
Capabilities {acceptInsecureCerts: false, browserName: chrome, browserVersion: 143.0.7499.170, chrome: {chromedriverVersion: 143.0.7499.169 (164b20aab62..., userDataDir: C:\Users\Admin\AppData\Loca...}, fedcm:accounts: true, goog:chromeOptions: {debuggerAddress: localhost:61260}, goog:processID: 5000, networkConnectionEnabled: false, pageLoadStrategy: normal, platformName: windows, proxy: Proxy(), se:cdp: ws://localhost:61260/devtoo..., se:cdpVersion: 143.0.7499.170, setWindowRect: true, strictFileInteractability: false, timeouts: {implicit: 0, pageLoad: 300000, script: 30000}, unhandledPromptBehavior: dismiss and notify, webauthn:extension:credBlob: true, webauthn:extension:largeBlob: true, webauthn:extension:minPinLength: true, webauthn:extension:prf: true, webauthn:virtualAuthenticators: true}
Session ID: 1b153fccdba17205bd67a2c01d74f465
at org.openqa.selenium.support.ui.WebDriverWait.timeoutException(WebDriverWait.java:84)
at org.openqa.selenium.support.ui.FluentWait.until(FluentWait.java:228)
at base.BasePage.waitForElementToBeClickable(BasePage.java:33)
at base.BasePage.click(BasePage.java:61)
at base.BasePage.click(BasePage.java:66)
at pages.RegisterPage.togglePassword(RegisterPage.java:95)
at testcases.register.RegisterTest.TC_Toggle_Password_Eye_Icon(RegisterTest.java:116)
at java.base/jdk.internal.reflect.DirectMethodHandleAccessor.invoke(DirectMethodHandleAccessor.java:103)
at java.base/java.lang.reflect.Method.invoke(Method.java:580)
at org.testng.internal.invokers.MethodInvocationHelper.invokeMethod(MethodInvocationHelper.java:141)
at org.testng.internal.invokers.TestInvoker.invokeMethod(TestInvoker.java:687)
at org.testng.internal.invokers.TestInvoker.invokeTestMethod(TestInvoker.java:230)
at org.testng.internal.invokers.MethodRunner.runInSequence(MethodRunner.java:63)
at org.testng.internal.invokers.TestInvoker$MethodInvocationAgent.invoke(TestInvoker.java:995)
at org.testng.internal.invokers.TestInvoker.invokeTestMethods(TestInvoker.java:203)
at org.testng.internal.invokers.TestMethodWorker.invokeTestMethods(TestMethodWorker.java:154)
at org.testng.internal.invokers.TestMethodWorker.run(TestMethodWorker.java:134)
at java.base/java.util.ArrayList.forEach(ArrayList.java:1596)
at org.testng.TestRunner.privateRun(TestRunner.java:741)
at org.testng.TestRunner.run(TestRunner.java:616)
at org.testng.SuiteRunner.runTest(SuiteRunner.java:421)
at org.testng.SuiteRunner.runSequentially(SuiteRunner.java:413)
at org.testng.SuiteRunner.privateRun(SuiteRunner.java:373)
at org.testng.SuiteRunner.run(SuiteRunner.java:312)
at org.testng.SuiteRunnerWorker.runSuite(SuiteRunnerWorker.java:52)
at org.testng.SuiteRunnerWorker.run(SuiteRunnerWorker.java:95)
at org.testng.TestNG.runSuitesSequentially(TestNG.java:1274)
at org.testng.TestNG.runSuitesLocally(TestNG.java:1208)
at org.testng.TestNG.runSuites(TestNG.java:1112)
at org.testng.TestNG.run(TestNG.java:1079)
at org.gradle.api.internal.tasks.testing.testng.TestNGTestClassProcessor.runTests(TestNGTestClassProcessor.java:153)
at org.gradle.api.internal.tasks.testing.testng.TestNGTestClassProcessor.stop(TestNGTestClassProcessor.java:95)
at org.gradle.api.internal.tasks.testing.SuiteTestClassProcessor.stop(SuiteTestClassProcessor.java:63)
at java.base/jdk.internal.reflect.DirectMethodHandleAccessor.invoke(DirectMethodHandleAccessor.java:103)
at java.base/java.lang.reflect.Method.invoke(Method.java:580)
at org.gradle.internal.dispatch.ReflectionDispatch.dispatch(ReflectionDispatch.java:36)
at org.gradle.internal.dispatch.ReflectionDispatch.dispatch(ReflectionDispatch.java:24)
at org.gradle.internal.dispatch.ContextClassLoaderDispatch.dispatch(ContextClassLoaderDispatch.java:33)
at org.gradle.internal.dispatch.ProxyDispatchAdapter$DispatchingInvocationHandler.invoke(ProxyDispatchAdapter.java:92)
at jdk.proxy1/jdk.proxy1.$Proxy4.stop(Unknown Source)
at org.gradle.api.internal.tasks.testing.worker.TestWorker$3.run(TestWorker.java:200)
at org.gradle.api.internal.tasks.testing.worker.TestWorker.executeAndMaintainThreadName(TestWorker.java:132)
at org.gradle.api.internal.tasks.testing.worker.TestWorker.execute(TestWorker.java:103)
at org.gradle.api.internal.tasks.testing.worker.TestWorker.execute(TestWorker.java:63)
at org.gradle.process.internal.worker.child.ActionExecutionWorker.execute(ActionExecutionWorker.java:56)
at org.gradle.process.internal.worker.child.SystemApplicationClassLoaderWorker.call(SystemApplicationClassLoaderWorker.java:122)
at org.gradle.process.internal.worker.child.SystemApplicationClassLoaderWorker.call(SystemApplicationClassLoaderWorker.java:72)
at worker.org.gradle.process.internal.worker.GradleWorkerMain.run(GradleWorkerMain.java:69)
at worker.org.gradle.process.internal.worker.GradleWorkerMain.main(GradleWorkerMain.java:74)
]]>
            </full-stacktrace>
          </exception> <!-- org.openqa.selenium.TimeoutException -->
          <reporter-output>
          </reporter-output>
        </test-method> <!-- TC_Toggle_Password_Eye_Icon -->
        <test-method is-config="true" signature="afterMethod(org.testng.ITestResult)[pri:0, instance:testcases.register.RegisterTest@6e4de19b]" started-at="2026-01-04T16:23:45 ICT" name="afterMethod" finished-at="2026-01-04T16:23:46 ICT" duration-ms="509" status="PASS">
          <params>
            <param index="0">
              <value>
                <![CDATA[[TestResult name=TC_Toggle_Password_Eye_Icon status=FAILURE method=RegisterTest.TC_Toggle_Password_Eye_Icon()[pri:-1, instance:testcases.register.RegisterTest@6e4de19b] output={null}]]]>
              </value>
            </param>
          </params>
          <reporter-output>
          </reporter-output>
        </test-method> <!-- afterMethod -->
        <test-method is-config="true" signature="beforeMethod(org.testng.ITestResult)[pri:0, instance:testcases.register.RegisterTest@6e4de19b]" started-at="2026-01-04T16:23:46 ICT" name="beforeMethod" finished-at="2026-01-04T16:23:46 ICT" duration-ms="78" status="PASS">
          <params>
            <param index="0">
              <value>
                <![CDATA[[TestResult name={null} status=CREATED method=RegisterTest.TC_Already_Have_Account_Link_Redirects_Login()[pri:0, instance:testcases.register.RegisterTest@6e4de19b] output={null}]]]>
              </value>
            </param>
          </params>
          <reporter-output>
          </reporter-output>
        </test-method> <!-- beforeMethod -->
        <test-method is-config="true" signature="setupPages()[pri:0, instance:testcases.register.RegisterTest@6e4de19b]" started-at="2026-01-04T16:23:46 ICT" name="setupPages" finished-at="2026-01-04T16:23:46 ICT" duration-ms="598" status="PASS">
          <reporter-output>
          </reporter-output>
        </test-method> <!-- setupPages -->
        <test-method signature="TC_Already_Have_Account_Link_Redirects_Login()[pri:0, instance:testcases.register.RegisterTest@6e4de19b]" started-at="2026-01-04T16:23:46 ICT" name="TC_Already_Have_Account_Link_Redirects_Login" description="TC_Already_Have_Account_Link_Redirects_Login" finished-at="2026-01-04T16:23:47 ICT" duration-ms="875" status="PASS">
          <reporter-output>
          </reporter-output>
        </test-method> <!-- TC_Already_Have_Account_Link_Redirects_Login -->
        <test-method is-config="true" signature="afterMethod(org.testng.ITestResult)[pri:0, instance:testcases.register.RegisterTest@6e4de19b]" started-at="2026-01-04T16:23:47 ICT" name="afterMethod" finished-at="2026-01-04T16:23:47 ICT" duration-ms="2" status="PASS">
          <params>
            <param index="0">
              <value>
                <![CDATA[[TestResult name=TC_Already_Have_Account_Link_Redirects_Login status=SUCCESS method=RegisterTest.TC_Already_Have_Account_Link_Redirects_Login()[pri:0, instance:testcases.register.RegisterTest@6e4de19b] output={null}]]]>
              </value>
            </param>
          </params>
          <reporter-output>
          </reporter-output>
        </test-method> <!-- afterMethod -->
        <test-method is-config="true" signature="beforeMethod(org.testng.ITestResult)[pri:0, instance:testcases.register.RegisterTest@6e4de19b]" started-at="2026-01-04T16:23:47 ICT" name="beforeMethod" finished-at="2026-01-04T16:23:47 ICT" duration-ms="155" status="PASS">
          <params>
            <param index="0">
              <value>
                <![CDATA[[TestResult name={null} status=CREATED method=RegisterTest.TC_Double_Click_Register_Only_One_Request()[pri:0, instance:testcases.register.RegisterTest@6e4de19b] output={null}]]]>
              </value>
            </param>
          </params>
          <reporter-output>
          </reporter-output>
        </test-method> <!-- beforeMethod -->
        <test-method is-config="true" signature="setupPages()[pri:0, instance:testcases.register.RegisterTest@6e4de19b]" started-at="2026-01-04T16:23:47 ICT" name="setupPages" finished-at="2026-01-04T16:23:48 ICT" duration-ms="358" status="PASS">
          <reporter-output>
          </reporter-output>
        </test-method> <!-- setupPages -->
        <test-method signature="TC_Double_Click_Register_Only_One_Request()[pri:0, instance:testcases.register.RegisterTest@6e4de19b]" started-at="2026-01-04T16:23:48 ICT" name="TC_Double_Click_Register_Only_One_Request" finished-at="2026-01-04T16:23:50 ICT" duration-ms="2708" status="FAIL">
          <exception class="org.openqa.selenium.ElementClickInterceptedException">
            <message>
              <![CDATA[element click intercepted: Element <button class="MuiButtonBase-root MuiButton-root MuiButton-contained jss83 MuiButton-containedPrimary MuiButton-fullWidth" tabindex="0" type="submit">...</button> is not clickable at point (760, 617). Other element would receive the click: <div class="swal2-container swal2-center swal2-backdrop-show" style="overflow-y: auto;">...</div>
  (Session info: chrome=143.0.7499.170)
Build info: version: '4.35.0', revision: '1c58e5028b'
System info: os.name: 'Windows 11', os.arch: 'amd64', os.version: '10.0', java.version: '21.0.8'
Driver info: org.openqa.selenium.chrome.ChromeDriver
Command: [1b153fccdba17205bd67a2c01d74f465, clickElement {id=f.6C840D8C0DBC880388C9563D169849A3.d.30A175AC7FE0FC45E08A63C8A159E691.e.69}]
Capabilities {acceptInsecureCerts: false, browserName: chrome, browserVersion: 143.0.7499.170, chrome: {chromedriverVersion: 143.0.7499.169 (164b20aab62..., userDataDir: C:\Users\Admin\AppData\Loca...}, fedcm:accounts: true, goog:chromeOptions: {debuggerAddress: localhost:61260}, goog:processID: 5000, networkConnectionEnabled: false, pageLoadStrategy: normal, platformName: windows, proxy: Proxy(), se:cdp: ws://localhost:61260/devtoo..., se:cdpVersion: 143.0.7499.170, setWindowRect: true, strictFileInteractability: false, timeouts: {implicit: 0, pageLoad: 300000, script: 30000}, unhandledPromptBehavior: dismiss and notify, webauthn:extension:credBlob: true, webauthn:extension:largeBlob: true, webauthn:extension:minPinLength: true, webauthn:extension:prf: true, webauthn:virtualAuthenticators: true}
Element: [[ChromeDriver: chrome on windows (1b153fccdba17205bd67a2c01d74f465)] -> xpath: //button[.='Đăng ký']]
Session ID: 1b153fccdba17205bd67a2c01d74f465]]>
            </message>
            <full-stacktrace>
              <![CDATA[org.openqa.selenium.ElementClickInterceptedException: element click intercepted: Element <button class="MuiButtonBase-root MuiButton-root MuiButton-contained jss83 MuiButton-containedPrimary MuiButton-fullWidth" tabindex="0" type="submit">...</button> is not clickable at point (760, 617). Other element would receive the click: <div class="swal2-container swal2-center swal2-backdrop-show" style="overflow-y: auto;">...</div>
  (Session info: chrome=143.0.7499.170)
Build info: version: '4.35.0', revision: '1c58e5028b'
System info: os.name: 'Windows 11', os.arch: 'amd64', os.version: '10.0', java.version: '21.0.8'
Driver info: org.openqa.selenium.chrome.ChromeDriver
Command: [1b153fccdba17205bd67a2c01d74f465, clickElement {id=f.6C840D8C0DBC880388C9563D169849A3.d.30A175AC7FE0FC45E08A63C8A159E691.e.69}]
Capabilities {acceptInsecureCerts: false, browserName: chrome, browserVersion: 143.0.7499.170, chrome: {chromedriverVersion: 143.0.7499.169 (164b20aab62..., userDataDir: C:\Users\Admin\AppData\Loca...}, fedcm:accounts: true, goog:chromeOptions: {debuggerAddress: localhost:61260}, goog:processID: 5000, networkConnectionEnabled: false, pageLoadStrategy: normal, platformName: windows, proxy: Proxy(), se:cdp: ws://localhost:61260/devtoo..., se:cdpVersion: 143.0.7499.170, setWindowRect: true, strictFileInteractability: false, timeouts: {implicit: 0, pageLoad: 300000, script: 30000}, unhandledPromptBehavior: dismiss and notify, webauthn:extension:credBlob: true, webauthn:extension:largeBlob: true, webauthn:extension:minPinLength: true, webauthn:extension:prf: true, webauthn:virtualAuthenticators: true}
Element: [[ChromeDriver: chrome on windows (1b153fccdba17205bd67a2c01d74f465)] -> xpath: //button[.='Đăng ký']]
Session ID: 1b153fccdba17205bd67a2c01d74f465
at java.base/jdk.internal.reflect.DirectConstructorHandleAccessor.newInstance(DirectConstructorHandleAccessor.java:62)
at java.base/java.lang.reflect.Constructor.newInstanceWithCaller(Constructor.java:502)
at java.base/java.lang.reflect.Constructor.newInstance(Constructor.java:486)
at org.openqa.selenium.remote.ErrorCodec.decode(ErrorCodec.java:167)
at org.openqa.selenium.remote.codec.w3c.W3CHttpResponseCodec.decode(W3CHttpResponseCodec.java:138)
at org.openqa.selenium.remote.codec.w3c.W3CHttpResponseCodec.decode(W3CHttpResponseCodec.java:50)
at org.openqa.selenium.remote.HttpCommandExecutor.execute(HttpCommandExecutor.java:215)
at org.openqa.selenium.remote.service.DriverCommandExecutor.invokeExecute(DriverCommandExecutor.java:216)
at org.openqa.selenium.remote.service.DriverCommandExecutor.execute(DriverCommandExecutor.java:174)
at org.openqa.selenium.remote.RemoteWebDriver.execute(RemoteWebDriver.java:557)
at org.openqa.selenium.remote.RemoteWebElement.execute(RemoteWebElement.java:223)
at org.openqa.selenium.remote.RemoteWebElement.click(RemoteWebElement.java:76)
at base.BasePage.click(BasePage.java:62)
at base.BasePage.click(BasePage.java:66)
at pages.RegisterPage.clickRegister(RegisterPage.java:73)
at testcases.register.RegisterTest.TC_Double_Click_Register_Only_One_Request(RegisterTest.java:235)
at java.base/jdk.internal.reflect.DirectMethodHandleAccessor.invoke(DirectMethodHandleAccessor.java:103)
at java.base/java.lang.reflect.Method.invoke(Method.java:580)
at org.testng.internal.invokers.MethodInvocationHelper.invokeMethod(MethodInvocationHelper.java:141)
at org.testng.internal.invokers.TestInvoker.invokeMethod(TestInvoker.java:687)
at org.testng.internal.invokers.TestInvoker.invokeTestMethod(TestInvoker.java:230)
at org.testng.internal.invokers.MethodRunner.runInSequence(MethodRunner.java:63)
at org.testng.internal.invokers.TestInvoker$MethodInvocationAgent.invoke(TestInvoker.java:995)
at org.testng.internal.invokers.TestInvoker.invokeTestMethods(TestInvoker.java:203)
at org.testng.internal.invokers.TestMethodWorker.invokeTestMethods(TestMethodWorker.java:154)
at org.testng.internal.invokers.TestMethodWorker.run(TestMethodWorker.java:134)
at java.base/java.util.ArrayList.forEach(ArrayList.java:1596)
at org.testng.TestRunner.privateRun(TestRunner.java:741)
at org.testng.TestRunner.run(TestRunner.java:616)
at org.testng.SuiteRunner.runTest(SuiteRunner.java:421)
at org.testng.SuiteRunner.runSequentially(SuiteRunner.java:413)
at org.testng.SuiteRunner.privateRun(SuiteRunner.java:373)
at org.testng.SuiteRunner.run(SuiteRunner.java:312)
at org.testng.SuiteRunnerWorker.runSuite(SuiteRunnerWorker.java:52)
at org.testng.SuiteRunnerWorker.run(SuiteRunnerWorker.java:95)
at org.testng.TestNG.runSuitesSequentially(TestNG.java:1274)
at org.testng.TestNG.runSuitesLocally(TestNG.java:1208)
at org.testng.TestNG.runSuites(TestNG.java:1112)
at org.testng.TestNG.run(TestNG.java:1079)
at org.gradle.api.internal.tasks.testing.testng.TestNGTestClassProcessor.runTests(TestNGTestClassProcessor.java:153)
at org.gradle.api.internal.tasks.testing.testng.TestNGTestClassProcessor.stop(TestNGTestClassProcessor.java:95)
at org.gradle.api.internal.tasks.testing.SuiteTestClassProcessor.stop(SuiteTestClassProcessor.java:63)
at java.base/jdk.internal.reflect.DirectMethodHandleAccessor.invoke(DirectMethodHandleAccessor.java:103)
at java.base/java.lang.reflect.Method.invoke(Method.java:580)
at org.gradle.internal.dispatch.ReflectionDispatch.dispatch(ReflectionDispatch.java:36)
at org.gradle.internal.dispatch.ReflectionDispatch.dispatch(ReflectionDispatch.java:24)
at org.gradle.internal.dispatch.ContextClassLoaderDispatch.dispatch(ContextClassLoaderDispatch.java:33)
at org.gradle.internal.dispatch.ProxyDispatchAdapter$DispatchingInvocationHandler.invoke(ProxyDispatchAdapter.java:92)
at jdk.proxy1/jdk.proxy1.$Proxy4.stop(Unknown Source)
at org.gradle.api.internal.tasks.testing.worker.TestWorker$3.run(TestWorker.java:200)
at org.gradle.api.internal.tasks.testing.worker.TestWorker.executeAndMaintainThreadName(TestWorker.java:132)
at org.gradle.api.internal.tasks.testing.worker.TestWorker.execute(TestWorker.java:103)
at org.gradle.api.internal.tasks.testing.worker.TestWorker.execute(TestWorker.java:63)
at org.gradle.process.internal.worker.child.ActionExecutionWorker.execute(ActionExecutionWorker.java:56)
at org.gradle.process.internal.worker.child.SystemApplicationClassLoaderWorker.call(SystemApplicationClassLoaderWorker.java:122)
at org.gradle.process.internal.worker.child.SystemApplicationClassLoaderWorker.call(SystemApplicationClassLoaderWorker.java:72)
at worker.org.gradle.process.internal.worker.GradleWorkerMain.run(GradleWorkerMain.java:69)
at worker.org.gradle.process.internal.worker.GradleWorkerMain.main(GradleWorkerMain.java:74)
]]>
            </full-stacktrace>
          </exception> <!-- org.openqa.selenium.ElementClickInterceptedException -->
          <reporter-output>
          </reporter-output>
        </test-method> <!-- TC_Double_Click_Register_Only_One_Request -->
        <test-method is-config="true" signature="afterMethod(org.testng.ITestResult)[pri:0, instance:testcases.register.RegisterTest@6e4de19b]" started-at="2026-01-04T16:23:52 ICT" name="afterMethod" finished-at="2026-01-04T16:23:52 ICT" duration-ms="838" status="PASS">
          <params>
            <param index="0">
              <value>
                <![CDATA[[TestResult name=TC_Double_Click_Register_Only_One_Request status=FAILURE method=RegisterTest.TC_Double_Click_Register_Only_One_Request()[pri:0, instance:testcases.register.RegisterTest@6e4de19b] output={null}]]]>
              </value>
            </param>
          </params>
          <reporter-output>
          </reporter-output>
        </test-method> <!-- afterMethod -->
        <test-method is-config="true" signature="beforeMethod(org.testng.ITestResult)[pri:0, instance:testcases.register.RegisterTest@6e4de19b]" started-at="2026-01-04T16:23:52 ICT" name="beforeMethod" finished-at="2026-01-04T16:23:52 ICT" duration-ms="75" status="PASS">
          <params>
            <param index="0">
              <value>
                <![CDATA[[TestResult name={null} status=CREATED method=RegisterTest.TC_Negative_Register_Test_Cases(java.lang.String,java.lang.String,java.lang.String,java.lang.String,java.lang.String,java.lang.String,java.lang.String,java.lang.String,java.lang.String)[pri:0, instance:testcases.register.RegisterTest@6e4de19b] output={null}]]]>
              </value>
            </param>
          </params>
          <reporter-output>
          </reporter-output>
        </test-method> <!-- beforeMethod -->
        <test-method is-config="true" signature="setupPages()[pri:0, instance:testcases.register.RegisterTest@6e4de19b]" started-at="2026-01-04T16:23:52 ICT" name="setupPages" finished-at="2026-01-04T16:23:53 ICT" duration-ms="248" status="PASS">
          <reporter-output>
          </reporter-output>
        </test-method> <!-- setupPages -->
        <test-method signature="TC_Negative_Register_Test_Cases(java.lang.String,java.lang.String,java.lang.String,java.lang.String,java.lang.String,java.lang.String,java.lang.String,java.lang.String,java.lang.String)[pri:0, instance:testcases.register.RegisterTest@6e4de19b]" started-at="2026-01-04T16:23:53 ICT" name="TC_Negative_Register_Test_Cases" description="TC_Negative_Register_Test_Cases" data-provider="negativeRegisterData" finished-at="2026-01-04T16:23:54 ICT" duration-ms="1023" status="PASS">
          <params>
            <param index="0">
              <value>
                <![CDATA[Required fields empty]]>
              </value>
            </param>
            <param index="1">
              <value>
                <![CDATA[]]>
              </value>
            </param>
            <param index="2">
              <value>
                <![CDATA[]]>
              </value>
            </param>
            <param index="3">
              <value>
                <![CDATA[]]>
              </value>
            </param>
            <param index="4">
              <value>
                <![CDATA[]]>
              </value>
            </param>
            <param index="5">
              <value>
                <![CDATA[]]>
              </value>
            </param>
            <param index="6">
              <value>
                <![CDATA[FIELD]]>
              </value>
            </param>
            <param index="7">
              <value>
                <![CDATA[taiKhoan]]>
              </value>
            </param>
            <param index="8">
              <value>
                <![CDATA[Đây là trường bắt buộc !]]>
              </value>
            </param>
          </params>
          <reporter-output>
          </reporter-output>
        </test-method> <!-- TC_Negative_Register_Test_Cases -->
        <test-method is-config="true" signature="afterMethod(org.testng.ITestResult)[pri:0, instance:testcases.register.RegisterTest@6e4de19b]" started-at="2026-01-04T16:23:54 ICT" name="afterMethod" finished-at="2026-01-04T16:23:54 ICT" duration-ms="9" status="PASS">
          <params>
            <param index="0">
              <value>
                <![CDATA[[TestResult name=TC_Negative_Register_Test_Cases status=SUCCESS method=RegisterTest.TC_Negative_Register_Test_Cases(java.lang.String,java.lang.String,java.lang.String,java.lang.String,java.lang.String,java.lang.String,java.lang.String,java.lang.String,java.lang.String)[pri:0, instance:testcases.register.RegisterTest@6e4de19b] output={null}]]]>
              </value>
            </param>
          </params>
          <reporter-output>
          </reporter-output>
        </test-method> <!-- afterMethod -->
        <test-method is-config="true" signature="beforeMethod(org.testng.ITestResult)[pri:0, instance:testcases.register.RegisterTest@6e4de19b]" started-at="2026-01-04T16:23:54 ICT" name="beforeMethod" finished-at="2026-01-04T16:23:54 ICT" duration-ms="135" status="PASS">
          <params>
            <param index="0">
              <value>
                <![CDATA[[TestResult name={null} status=CREATED method=RegisterTest.TC_Negative_Register_Test_Cases(java.lang.String,java.lang.String,java.lang.String,java.lang.String,java.lang.String,java.lang.String,java.lang.String,java.lang.String,java.lang.String)[pri:0, instance:testcases.register.RegisterTest@6e4de19b] output={null}]]]>
              </value>
            </param>
          </params>
          <reporter-output>
          </reporter-output>
        </test-method> <!-- beforeMethod -->
        <test-method is-config="true" signature="setupPages()[pri:0, instance:testcases.register.RegisterTest@6e4de19b]" started-at="2026-01-04T16:23:54 ICT" name="setupPages" finished-at="2026-01-04T16:23:54 ICT" duration-ms="153" status="PASS">
          <reporter-output>
          </reporter-output>
        </test-method> <!-- setupPages -->
        <test-method signature="TC_Negative_Register_Test_Cases(java.lang.String,java.lang.String,java.lang.String,java.lang.String,java.lang.String,java.lang.String,java.lang.String,java.lang.String,java.lang.String)[pri:0, instance:testcases.register.RegisterTest@6e4de19b]" started-at="2026-01-04T16:23:54 ICT" name="TC_Negative_Register_Test_Cases" description="TC_Negative_Register_Test_Cases" data-provider="negativeRegisterData" finished-at="2026-01-04T16:23:56 ICT" duration-ms="1528" status="PASS">
          <params>
            <param index="0">
              <value>
                <![CDATA[Username already exists]]>
              </value>
            </param>
            <param index="1">
              <value>
                <![CDATA[tester_1767361499026]]>
              </value>
            </param>
            <param index="2">
              <value>
                <![CDATA[tester_1767518632895@example.com]]>
              </value>
            </param>
            <param index="3">
              <value>
                <![CDATA[StrongPass123]]>
              </value>
            </param>
            <param index="4">
              <value>
                <![CDATA[StrongPass123]]>
              </value>
            </param>
            <param index="5">
              <value>
                <![CDATA[John S]]>
              </value>
            </param>
            <param index="6">
              <value>
                <![CDATA[GLOBAL]]>
              </value>
            </param>
            <param index="7">
              <value>
                <![CDATA[]]>
              </value>
            </param>
            <param index="8">
              <value>
                <![CDATA[Tài khoản đã tồn tại!]]>
              </value>
            </param>
          </params>
          <reporter-output>
          </reporter-output>
        </test-method> <!-- TC_Negative_Register_Test_Cases -->
        <test-method is-config="true" signature="afterMethod(org.testng.ITestResult)[pri:0, instance:testcases.register.RegisterTest@6e4de19b]" started-at="2026-01-04T16:23:56 ICT" name="afterMethod" finished-at="2026-01-04T16:23:56 ICT" duration-ms="1" status="PASS">
          <params>
            <param index="0">
              <value>
                <![CDATA[[TestResult name=TC_Negative_Register_Test_Cases status=SUCCESS method=RegisterTest.TC_Negative_Register_Test_Cases(java.lang.String,java.lang.String,java.lang.String,java.lang.String,java.lang.String,java.lang.String,java.lang.String,java.lang.String,java.lang.String)[pri:0, instance:testcases.register.RegisterTest@6e4de19b] output={null}]]]>
              </value>
            </param>
          </params>
          <reporter-output>
          </reporter-output>
        </test-method> <!-- afterMethod -->
        <test-method is-config="true" signature="beforeMethod(org.testng.ITestResult)[pri:0, instance:testcases.register.RegisterTest@6e4de19b]" started-at="2026-01-04T16:23:56 ICT" name="beforeMethod" finished-at="2026-01-04T16:23:56 ICT" duration-ms="87" status="PASS">
          <params>
            <param index="0">
              <value>
                <![CDATA[[TestResult name={null} status=CREATED method=RegisterTest.TC_Negative_Register_Test_Cases(java.lang.String,java.lang.String,java.lang.String,java.lang.String,java.lang.String,java.lang.String,java.lang.String,java.lang.String,java.lang.String)[pri:0, instance:testcases.register.RegisterTest@6e4de19b] output={null}]]]>
              </value>
            </param>
          </params>
          <reporter-output>
          </reporter-output>
        </test-method> <!-- beforeMethod -->
        <test-method is-config="true" signature="setupPages()[pri:0, instance:testcases.register.RegisterTest@6e4de19b]" started-at="2026-01-04T16:23:56 ICT" name="setupPages" finished-at="2026-01-04T16:23:56 ICT" duration-ms="113" status="PASS">
          <reporter-output>
          </reporter-output>
        </test-method> <!-- setupPages -->
        <test-method signature="TC_Negative_Register_Test_Cases(java.lang.String,java.lang.String,java.lang.String,java.lang.String,java.lang.String,java.lang.String,java.lang.String,java.lang.String,java.lang.String)[pri:0, instance:testcases.register.RegisterTest@6e4de19b]" started-at="2026-01-04T16:23:56 ICT" name="TC_Negative_Register_Test_Cases" description="TC_Negative_Register_Test_Cases" data-provider="negativeRegisterData" finished-at="2026-01-04T16:23:57 ICT" duration-ms="1160" status="PASS">
          <params>
            <param index="0">
              <value>
                <![CDATA[Email already exists]]>
              </value>
            </param>
            <param index="1">
              <value>
                <![CDATA[tester_1767518632895]]>
              </value>
            </param>
            <param index="2">
              <value>
                <![CDATA[testA@gmail.com]]>
              </value>
            </param>
            <param index="3">
              <value>
                <![CDATA[StrongPass123]]>
              </value>
            </param>
            <param index="4">
              <value>
                <![CDATA[StrongPass123]]>
              </value>
            </param>
            <param index="5">
              <value>
                <![CDATA[John S]]>
              </value>
            </param>
            <param index="6">
              <value>
                <![CDATA[GLOBAL]]>
              </value>
            </param>
            <param index="7">
              <value>
                <![CDATA[]]>
              </value>
            </param>
            <param index="8">
              <value>
                <![CDATA[Email đã tồn tại!]]>
              </value>
            </param>
          </params>
          <reporter-output>
          </reporter-output>
        </test-method> <!-- TC_Negative_Register_Test_Cases -->
        <test-method is-config="true" signature="afterMethod(org.testng.ITestResult)[pri:0, instance:testcases.register.RegisterTest@6e4de19b]" started-at="2026-01-04T16:23:57 ICT" name="afterMethod" finished-at="2026-01-04T16:23:57 ICT" duration-ms="0" status="PASS">
          <params>
            <param index="0">
              <value>
                <![CDATA[[TestResult name=TC_Negative_Register_Test_Cases status=SUCCESS method=RegisterTest.TC_Negative_Register_Test_Cases(java.lang.String,java.lang.String,java.lang.String,java.lang.String,java.lang.String,java.lang.String,java.lang.String,java.lang.String,java.lang.String)[pri:0, instance:testcases.register.RegisterTest@6e4de19b] output={null}]]]>
              </value>
            </param>
          </params>
          <reporter-output>
          </reporter-output>
        </test-method> <!-- afterMethod -->
        <test-method is-config="true" signature="beforeMethod(org.testng.ITestResult)[pri:0, instance:testcases.register.RegisterTest@6e4de19b]" started-at="2026-01-04T16:23:57 ICT" name="beforeMethod" finished-at="2026-01-04T16:23:57 ICT" duration-ms="134" status="PASS">
          <params>
            <param index="0">
              <value>
                <![CDATA[[TestResult name={null} status=CREATED method=RegisterTest.TC_Negative_Register_Test_Cases(java.lang.String,java.lang.String,java.lang.String,java.lang.String,java.lang.String,java.lang.String,java.lang.String,java.lang.String,java.lang.String)[pri:0, instance:testcases.register.RegisterTest@6e4de19b] output={null}]]]>
              </value>
            </param>
          </params>
          <reporter-output>
          </reporter-output>
        </test-method> <!-- beforeMethod -->
        <test-method is-config="true" signature="setupPages()[pri:0, instance:testcases.register.RegisterTest@6e4de19b]" started-at="2026-01-04T16:23:57 ICT" name="setupPages" finished-at="2026-01-04T16:23:57 ICT" duration-ms="128" status="PASS">
          <reporter-output>
          </reporter-output>
        </test-method> <!-- setupPages -->
        <test-method signature="TC_Negative_Register_Test_Cases(java.lang.String,java.lang.String,java.lang.String,java.lang.String,java.lang.String,java.lang.String,java.lang.String,java.lang.String,java.lang.String)[pri:0, instance:testcases.register.RegisterTest@6e4de19b]" started-at="2026-01-04T16:23:57 ICT" name="TC_Negative_Register_Test_Cases" description="TC_Negative_Register_Test_Cases" data-provider="negativeRegisterData" finished-at="2026-01-04T16:23:58 ICT" duration-ms="691" status="PASS">
          <params>
            <param index="0">
              <value>
                <![CDATA[Passwords do not match]]>
              </value>
            </param>
            <param index="1">
              <value>
                <![CDATA[tester_1767518632895]]>
              </value>
            </param>
            <param index="2">
              <value>
                <![CDATA[tester_1767518632895@example.com]]>
              </value>
            </param>
            <param index="3">
              <value>
                <![CDATA[StrongPass123]]>
              </value>
            </param>
            <param index="4">
              <value>
                <![CDATA[StrongPass124]]>
              </value>
            </param>
            <param index="5">
              <value>
                <![CDATA[John S]]>
              </value>
            </param>
            <param index="6">
              <value>
                <![CDATA[FIELD]]>
              </value>
            </param>
            <param index="7">
              <value>
                <![CDATA[confirmPassWord]]>
              </value>
            </param>
            <param index="8">
              <value>
                <![CDATA[Mật khẩu không khớp !]]>
              </value>
            </param>
          </params>
          <reporter-output>
          </reporter-output>
        </test-method> <!-- TC_Negative_Register_Test_Cases -->
        <test-method is-config="true" signature="beforeMethod(org.testng.ITestResult)[pri:0, instance:testcases.register.RegisterTest@6e4de19b]" started-at="2026-01-04T16:23:58 ICT" name="beforeMethod" finished-at="2026-01-04T16:23:58 ICT" duration-ms="138" status="PASS">
          <params>
            <param index="0">
              <value>
                <![CDATA[[TestResult name={null} status=CREATED method=RegisterTest.TC_Negative_Register_Test_Cases(java.lang.String,java.lang.String,java.lang.String,java.lang.String,java.lang.String,java.lang.String,java.lang.String,java.lang.String,java.lang.String)[pri:0, instance:testcases.register.RegisterTest@6e4de19b] output={null}]]]>
              </value>
            </param>
          </params>
          <reporter-output>
          </reporter-output>
        </test-method> <!-- beforeMethod -->
        <test-method is-config="true" signature="afterMethod(org.testng.ITestResult)[pri:0, instance:testcases.register.RegisterTest@6e4de19b]" started-at="2026-01-04T16:23:58 ICT" name="afterMethod" finished-at="2026-01-04T16:23:58 ICT" duration-ms="0" status="PASS">
          <params>
            <param index="0">
              <value>
                <![CDATA[[TestResult name=TC_Negative_Register_Test_Cases status=SUCCESS method=RegisterTest.TC_Negative_Register_Test_Cases(java.lang.String,java.lang.String,java.lang.String,java.lang.String,java.lang.String,java.lang.String,java.lang.String,java.lang.String,java.lang.String)[pri:0, instance:testcases.register.RegisterTest@6e4de19b] output={null}]]]>
              </value>
            </param>
          </params>
          <reporter-output>
          </reporter-output>
        </test-method> <!-- afterMethod -->
        <test-method is-config="true" signature="setupPages()[pri:0, instance:testcases.register.RegisterTest@6e4de19b]" started-at="2026-01-04T16:23:58 ICT" name="setupPages" finished-at="2026-01-04T16:23:58 ICT" duration-ms="153" status="PASS">
          <reporter-output>
          </reporter-output>
        </test-method> <!-- setupPages -->
        <test-method signature="TC_Negative_Register_Test_Cases(java.lang.String,java.lang.String,java.lang.String,java.lang.String,java.lang.String,java.lang.String,java.lang.String,java.lang.String,java.lang.String)[pri:0, instance:testcases.register.RegisterTest@6e4de19b]" started-at="2026-01-04T16:23:58 ICT" name="TC_Negative_Register_Test_Cases" description="TC_Negative_Register_Test_Cases" data-provider="negativeRegisterData" finished-at="2026-01-04T16:24:09 ICT" duration-ms="11080" status="FAIL">
          <params>
            <param index="0">
              <value>
                <![CDATA[Invalid email missing @]]>
              </value>
            </param>
            <param index="1">
              <value>
                <![CDATA[tester_1767518632895]]>
              </value>
            </param>
            <param index="2">
              <value>
                <![CDATA[tester.1767518632895.example.com]]>
              </value>
            </param>
            <param index="3">
              <value>
                <![CDATA[StrongPass123]]>
              </value>
            </param>
            <param index="4">
              <value>
                <![CDATA[StrongPass123]]>
              </value>
            </param>
            <param index="5">
              <value>
                <![CDATA[John S]]>
              </value>
            </param>
            <param index="6">
              <value>
                <![CDATA[FIELD]]>
              </value>
            </param>
            <param index="7">
              <value>
                <![CDATA[email]]>
              </value>
            </param>
            <param index="8">
              <value>
                <![CDATA[valid]]>
              </value>
            </param>
          </params>
          <exception class="org.openqa.selenium.TimeoutException">
            <message>
              <![CDATA[Expected condition failed: waiting for visibility of element located by By.id: email-helper-text (tried for 10 second(s) with 500 milliseconds interval)
Build info: version: '4.35.0', revision: '1c58e5028b'
System info: os.name: 'Windows 11', os.arch: 'amd64', os.version: '10.0', java.version: '21.0.8'
Driver info: org.openqa.selenium.chrome.ChromeDriver
Capabilities {acceptInsecureCerts: false, browserName: chrome, browserVersion: 143.0.7499.170, chrome: {chromedriverVersion: 143.0.7499.169 (164b20aab62..., userDataDir: C:\Users\Admin\AppData\Loca...}, fedcm:accounts: true, goog:chromeOptions: {debuggerAddress: localhost:61260}, goog:processID: 5000, networkConnectionEnabled: false, pageLoadStrategy: normal, platformName: windows, proxy: Proxy(), se:cdp: ws://localhost:61260/devtoo..., se:cdpVersion: 143.0.7499.170, setWindowRect: true, strictFileInteractability: false, timeouts: {implicit: 0, pageLoad: 300000, script: 30000}, unhandledPromptBehavior: dismiss and notify, webauthn:extension:credBlob: true, webauthn:extension:largeBlob: true, webauthn:extension:minPinLength: true, webauthn:extension:prf: true, webauthn:virtualAuthenticators: true}
Session ID: 1b153fccdba17205bd67a2c01d74f465]]>
            </message>
            <full-stacktrace>
              <![CDATA[org.openqa.selenium.TimeoutException: Expected condition failed: waiting for visibility of element located by By.id: email-helper-text (tried for 10 second(s) with 500 milliseconds interval)
Build info: version: '4.35.0', revision: '1c58e5028b'
System info: os.name: 'Windows 11', os.arch: 'amd64', os.version: '10.0', java.version: '21.0.8'
Driver info: org.openqa.selenium.chrome.ChromeDriver
Capabilities {acceptInsecureCerts: false, browserName: chrome, browserVersion: 143.0.7499.170, chrome: {chromedriverVersion: 143.0.7499.169 (164b20aab62..., userDataDir: C:\Users\Admin\AppData\Loca...}, fedcm:accounts: true, goog:chromeOptions: {debuggerAddress: localhost:61260}, goog:processID: 5000, networkConnectionEnabled: false, pageLoadStrategy: normal, platformName: windows, proxy: Proxy(), se:cdp: ws://localhost:61260/devtoo..., se:cdpVersion: 143.0.7499.170, setWindowRect: true, strictFileInteractability: false, timeouts: {implicit: 0, pageLoad: 300000, script: 30000}, unhandledPromptBehavior: dismiss and notify, webauthn:extension:credBlob: true, webauthn:extension:largeBlob: true, webauthn:extension:minPinLength: true, webauthn:extension:prf: true, webauthn:virtualAuthenticators: true}
Session ID: 1b153fccdba17205bd67a2c01d74f465
at org.openqa.selenium.support.ui.WebDriverWait.timeoutException(WebDriverWait.java:84)
at org.openqa.selenium.support.ui.FluentWait.until(FluentWait.java:228)
at base.BasePage.waitForVisibilityOfElementLocated(BasePage.java:24)
at base.BasePage.getText(BasePage.java:71)
at base.BasePage.getText(BasePage.java:76)
at pages.RegisterPage.getFieldErrorMessage(RegisterPage.java:110)
at testcases.register.RegisterTest.TC_Negative_Register_Test_Cases(RegisterTest.java:193)
at java.base/jdk.internal.reflect.DirectMethodHandleAccessor.invoke(DirectMethodHandleAccessor.java:103)
at java.base/java.lang.reflect.Method.invoke(Method.java:580)
at org.testng.internal.invokers.MethodInvocationHelper.invokeMethod(MethodInvocationHelper.java:141)
at org.testng.internal.invokers.TestInvoker.invokeMethod(TestInvoker.java:687)
at org.testng.internal.invokers.TestInvoker.invokeTestMethod(TestInvoker.java:230)
at org.testng.internal.invokers.MethodRunner.runInSequence(MethodRunner.java:63)
at org.testng.internal.invokers.TestInvoker$MethodInvocationAgent.invoke(TestInvoker.java:995)
at org.testng.internal.invokers.TestInvoker.invokeTestMethods(TestInvoker.java:203)
at org.testng.internal.invokers.TestMethodWorker.invokeTestMethods(TestMethodWorker.java:154)
at org.testng.internal.invokers.TestMethodWorker.run(TestMethodWorker.java:134)
at java.base/java.util.ArrayList.forEach(ArrayList.java:1596)
at org.testng.TestRunner.privateRun(TestRunner.java:741)
at org.testng.TestRunner.run(TestRunner.java:616)
at org.testng.SuiteRunner.runTest(SuiteRunner.java:421)
at org.testng.SuiteRunner.runSequentially(SuiteRunner.java:413)
at org.testng.SuiteRunner.privateRun(SuiteRunner.java:373)
at org.testng.SuiteRunner.run(SuiteRunner.java:312)
at org.testng.SuiteRunnerWorker.runSuite(SuiteRunnerWorker.java:52)
at org.testng.SuiteRunnerWorker.run(SuiteRunnerWorker.java:95)
at org.testng.TestNG.runSuitesSequentially(TestNG.java:1274)
at org.testng.TestNG.runSuitesLocally(TestNG.java:1208)
at org.testng.TestNG.runSuites(TestNG.java:1112)
at org.testng.TestNG.run(TestNG.java:1079)
at org.gradle.api.internal.tasks.testing.testng.TestNGTestClassProcessor.runTests(TestNGTestClassProcessor.java:153)
at org.gradle.api.internal.tasks.testing.testng.TestNGTestClassProcessor.stop(TestNGTestClassProcessor.java:95)
at org.gradle.api.internal.tasks.testing.SuiteTestClassProcessor.stop(SuiteTestClassProcessor.java:63)
at java.base/jdk.internal.reflect.DirectMethodHandleAccessor.invoke(DirectMethodHandleAccessor.java:103)
at java.base/java.lang.reflect.Method.invoke(Method.java:580)
at org.gradle.internal.dispatch.ReflectionDispatch.dispatch(ReflectionDispatch.java:36)
at org.gradle.internal.dispatch.ReflectionDispatch.dispatch(ReflectionDispatch.java:24)
at org.gradle.internal.dispatch.ContextClassLoaderDispatch.dispatch(ContextClassLoaderDispatch.java:33)
at org.gradle.internal.dispatch.ProxyDispatchAdapter$DispatchingInvocationHandler.invoke(ProxyDispatchAdapter.java:92)
at jdk.proxy1/jdk.proxy1.$Proxy4.stop(Unknown Source)
at org.gradle.api.internal.tasks.testing.worker.TestWorker$3.run(TestWorker.java:200)
at org.gradle.api.internal.tasks.testing.worker.TestWorker.executeAndMaintainThreadName(TestWorker.java:132)
at org.gradle.api.internal.tasks.testing.worker.TestWorker.execute(TestWorker.java:103)
at org.gradle.api.internal.tasks.testing.worker.TestWorker.execute(TestWorker.java:63)
at org.gradle.process.internal.worker.child.ActionExecutionWorker.execute(ActionExecutionWorker.java:56)
at org.gradle.process.internal.worker.child.SystemApplicationClassLoaderWorker.call(SystemApplicationClassLoaderWorker.java:122)
at org.gradle.process.internal.worker.child.SystemApplicationClassLoaderWorker.call(SystemApplicationClassLoaderWorker.java:72)
at worker.org.gradle.process.internal.worker.GradleWorkerMain.run(GradleWorkerMain.java:69)
at worker.org.gradle.process.internal.worker.GradleWorkerMain.main(GradleWorkerMain.java:74)
]]>
            </full-stacktrace>
          </exception> <!-- org.openqa.selenium.TimeoutException -->
          <reporter-output>
          </reporter-output>
        </test-method> <!-- TC_Negative_Register_Test_Cases -->
        <test-method is-config="true" signature="afterMethod(org.testng.ITestResult)[pri:0, instance:testcases.register.RegisterTest@6e4de19b]" started-at="2026-01-04T16:24:10 ICT" name="afterMethod" finished-at="2026-01-04T16:24:10 ICT" duration-ms="406" status="PASS">
          <params>
            <param index="0">
              <value>
                <![CDATA[[TestResult name=TC_Negative_Register_Test_Cases status=FAILURE method=RegisterTest.TC_Negative_Register_Test_Cases(java.lang.String,java.lang.String,java.lang.String,java.lang.String,java.lang.String,java.lang.String,java.lang.String,java.lang.String,java.lang.String)[pri:0, instance:testcases.register.RegisterTest@6e4de19b] output={null}]]]>
              </value>
            </param>
          </params>
          <reporter-output>
          </reporter-output>
        </test-method> <!-- afterMethod -->
        <test-method is-config="true" signature="beforeMethod(org.testng.ITestResult)[pri:0, instance:testcases.register.RegisterTest@6e4de19b]" started-at="2026-01-04T16:24:10 ICT" name="beforeMethod" finished-at="2026-01-04T16:24:10 ICT" duration-ms="113" status="PASS">
          <params>
            <param index="0">
              <value>
                <![CDATA[[TestResult name={null} status=CREATED method=RegisterTest.TC_Negative_Register_Test_Cases(java.lang.String,java.lang.String,java.lang.String,java.lang.String,java.lang.String,java.lang.String,java.lang.String,java.lang.String,java.lang.String)[pri:0, instance:testcases.register.RegisterTest@6e4de19b] output={null}]]]>
              </value>
            </param>
          </params>
          <reporter-output>
          </reporter-output>
        </test-method> <!-- beforeMethod -->
        <test-method is-config="true" signature="setupPages()[pri:0, instance:testcases.register.RegisterTest@6e4de19b]" started-at="2026-01-04T16:24:10 ICT" name="setupPages" finished-at="2026-01-04T16:24:10 ICT" duration-ms="160" status="PASS">
          <reporter-output>
          </reporter-output>
        </test-method> <!-- setupPages -->
        <test-method signature="TC_Negative_Register_Test_Cases(java.lang.String,java.lang.String,java.lang.String,java.lang.String,java.lang.String,java.lang.String,java.lang.String,java.lang.String,java.lang.String)[pri:0, instance:testcases.register.RegisterTest@6e4de19b]" started-at="2026-01-04T16:24:10 ICT" name="TC_Negative_Register_Test_Cases" description="TC_Negative_Register_Test_Cases" data-provider="negativeRegisterData" finished-at="2026-01-04T16:24:11 ICT" duration-ms="879" status="PASS">
          <params>
            <param index="0">
              <value>
                <![CDATA[Password too short]]>
              </value>
            </param>
            <param index="1">
              <value>
                <![CDATA[tester_1767518632895]]>
              </value>
            </param>
            <param index="2">
              <value>
                <![CDATA[tester_1767518632895@example.com]]>
              </value>
            </param>
            <param index="3">
              <value>
                <![CDATA[123]]>
              </value>
            </param>
            <param index="4">
              <value>
                <![CDATA[123]]>
              </value>
            </param>
            <param index="5">
              <value>
                <![CDATA[John S]]>
              </value>
            </param>
            <param index="6">
              <value>
                <![CDATA[FIELD]]>
              </value>
            </param>
            <param index="7">
              <value>
                <![CDATA[matKhau]]>
              </value>
            </param>
            <param index="8">
              <value>
                <![CDATA[Mật khẩu phải có ít nhất 6 kí tự !]]>
              </value>
            </param>
          </params>
          <reporter-output>
          </reporter-output>
        </test-method> <!-- TC_Negative_Register_Test_Cases -->
        <test-method is-config="true" signature="afterMethod(org.testng.ITestResult)[pri:0, instance:testcases.register.RegisterTest@6e4de19b]" started-at="2026-01-04T16:24:11 ICT" name="afterMethod" finished-at="2026-01-04T16:24:11 ICT" duration-ms="0" status="PASS">
          <params>
            <param index="0">
              <value>
                <![CDATA[[TestResult name=TC_Negative_Register_Test_Cases status=SUCCESS method=RegisterTest.TC_Negative_Register_Test_Cases(java.lang.String,java.lang.String,java.lang.String,java.lang.String,java.lang.String,java.lang.String,java.lang.String,java.lang.String,java.lang.String)[pri:0, instance:testcases.register.RegisterTest@6e4de19b] output={null}]]]>
              </value>
            </param>
          </params>
          <reporter-output>
          </reporter-output>
        </test-method> <!-- afterMethod -->
        <test-method is-config="true" signature="beforeMethod(org.testng.ITestResult)[pri:0, instance:testcases.register.RegisterTest@6e4de19b]" started-at="2026-01-04T16:24:11 ICT" name="beforeMethod" finished-at="2026-01-04T16:24:11 ICT" duration-ms="50" status="PASS">
          <params>
            <param index="0">
              <value>
                <![CDATA[[TestResult name={null} status=CREATED method=RegisterTest.TC_Negative_Register_Test_Cases(java.lang.String,java.lang.String,java.lang.String,java.lang.String,java.lang.String,java.lang.String,java.lang.String,java.lang.String,java.lang.String)[pri:0, instance:testcases.register.RegisterTest@6e4de19b] output={null}]]]>
              </value>
            </param>
          </params>
          <reporter-output>
          </reporter-output>
        </test-method> <!-- beforeMethod -->
        <test-method is-config="true" signature="setupPages()[pri:0, instance:testcases.register.RegisterTest@6e4de19b]" started-at="2026-01-04T16:24:11 ICT" name="setupPages" finished-at="2026-01-04T16:24:12 ICT" duration-ms="283" status="PASS">
          <reporter-output>
          </reporter-output>
        </test-method> <!-- setupPages -->
        <test-method signature="TC_Negative_Register_Test_Cases(java.lang.String,java.lang.String,java.lang.String,java.lang.String,java.lang.String,java.lang.String,java.lang.String,java.lang.String,java.lang.String)[pri:0, instance:testcases.register.RegisterTest@6e4de19b]" started-at="2026-01-04T16:24:12 ICT" name="TC_Negative_Register_Test_Cases" description="TC_Negative_Register_Test_Cases" data-provider="negativeRegisterData" finished-at="2026-01-04T16:24:12 ICT" duration-ms="648" status="PASS">
          <params>
            <param index="0">
              <value>
                <![CDATA[Full name with numbers]]>
              </value>
            </param>
            <param index="1">
              <value>
                <![CDATA[tester_1767518632895]]>
              </value>
            </param>
            <param index="2">
              <value>
                <![CDATA[tester_1767518632895@example.com]]>
              </value>
            </param>
            <param index="3">
              <value>
                <![CDATA[StrongPass123]]>
              </value>
            </param>
            <param index="4">
              <value>
                <![CDATA[StrongPass123]]>
              </value>
            </param>
            <param index="5">
              <value>
                <![CDATA[John123]]>
              </value>
            </param>
            <param index="6">
              <value>
                <![CDATA[FIELD]]>
              </value>
            </param>
            <param index="7">
              <value>
                <![CDATA[hoTen]]>
              </value>
            </param>
            <param index="8">
              <value>
                <![CDATA[Họ và tên không chứa số !]]>
              </value>
            </param>
          </params>
          <reporter-output>
          </reporter-output>
        </test-method> <!-- TC_Negative_Register_Test_Cases -->
        <test-method is-config="true" signature="beforeMethod(org.testng.ITestResult)[pri:0, instance:testcases.register.RegisterTest@6e4de19b]" started-at="2026-01-04T16:24:12 ICT" name="beforeMethod" finished-at="2026-01-04T16:24:12 ICT" duration-ms="86" status="PASS">
          <params>
            <param index="0">
              <value>
                <![CDATA[[TestResult name={null} status=CREATED method=RegisterTest.TC_Negative_Register_Test_Cases(java.lang.String,java.lang.String,java.lang.String,java.lang.String,java.lang.String,java.lang.String,java.lang.String,java.lang.String,java.lang.String)[pri:0, instance:testcases.register.RegisterTest@6e4de19b] output={null}]]]>
              </value>
            </param>
          </params>
          <reporter-output>
          </reporter-output>
        </test-method> <!-- beforeMethod -->
        <test-method is-config="true" signature="afterMethod(org.testng.ITestResult)[pri:0, instance:testcases.register.RegisterTest@6e4de19b]" started-at="2026-01-04T16:24:12 ICT" name="afterMethod" finished-at="2026-01-04T16:24:12 ICT" duration-ms="0" status="PASS">
          <params>
            <param index="0">
              <value>
                <![CDATA[[TestResult name=TC_Negative_Register_Test_Cases status=SUCCESS method=RegisterTest.TC_Negative_Register_Test_Cases(java.lang.String,java.lang.String,java.lang.String,java.lang.String,java.lang.String,java.lang.String,java.lang.String,java.lang.String,java.lang.String)[pri:0, instance:testcases.register.RegisterTest@6e4de19b] output={null}]]]>
              </value>
            </param>
          </params>
          <reporter-output>
          </reporter-output>
        </test-method> <!-- afterMethod -->
        <test-method is-config="true" signature="setupPages()[pri:0, instance:testcases.register.RegisterTest@6e4de19b]" started-at="2026-01-04T16:24:12 ICT" name="setupPages" finished-at="2026-01-04T16:24:13 ICT" duration-ms="129" status="PASS">
          <reporter-output>
          </reporter-output>
        </test-method> <!-- setupPages -->
        <test-method signature="TC_Negative_Register_Test_Cases(java.lang.String,java.lang.String,java.lang.String,java.lang.String,java.lang.String,java.lang.String,java.lang.String,java.lang.String,java.lang.String)[pri:0, instance:testcases.register.RegisterTest@6e4de19b]" started-at="2026-01-04T16:24:13 ICT" name="TC_Negative_Register_Test_Cases" description="TC_Negative_Register_Test_Cases" data-provider="negativeRegisterData" finished-at="2026-01-04T16:24:23 ICT" duration-ms="10947" status="FAIL">
          <params>
            <param index="0">
              <value>
                <![CDATA[Full name with special characters]]>
              </value>
            </param>
            <param index="1">
              <value>
                <![CDATA[tester_1767518632895]]>
              </value>
            </param>
            <param index="2">
              <value>
                <![CDATA[tester_1767518632895@example.com]]>
              </value>
            </param>
            <param index="3">
              <value>
                <![CDATA[StrongPass123]]>
              </value>
            </param>
            <param index="4">
              <value>
                <![CDATA[StrongPass123]]>
              </value>
            </param>
            <param index="5">
              <value>
                <![CDATA[John@#]]>
              </value>
            </param>
            <param index="6">
              <value>
                <![CDATA[FIELD]]>
              </value>
            </param>
            <param index="7">
              <value>
                <![CDATA[hoTen]]>
              </value>
            </param>
            <param index="8">
              <value>
                <![CDATA[invalid]]>
              </value>
            </param>
          </params>
          <exception class="org.openqa.selenium.TimeoutException">
            <message>
              <![CDATA[Expected condition failed: waiting for visibility of element located by By.id: hoTen-helper-text (tried for 10 second(s) with 500 milliseconds interval)
Build info: version: '4.35.0', revision: '1c58e5028b'
System info: os.name: 'Windows 11', os.arch: 'amd64', os.version: '10.0', java.version: '21.0.8'
Driver info: org.openqa.selenium.chrome.ChromeDriver
Capabilities {acceptInsecureCerts: false, browserName: chrome, browserVersion: 143.0.7499.170, chrome: {chromedriverVersion: 143.0.7499.169 (164b20aab62..., userDataDir: C:\Users\Admin\AppData\Loca...}, fedcm:accounts: true, goog:chromeOptions: {debuggerAddress: localhost:61260}, goog:processID: 5000, networkConnectionEnabled: false, pageLoadStrategy: normal, platformName: windows, proxy: Proxy(), se:cdp: ws://localhost:61260/devtoo..., se:cdpVersion: 143.0.7499.170, setWindowRect: true, strictFileInteractability: false, timeouts: {implicit: 0, pageLoad: 300000, script: 30000}, unhandledPromptBehavior: dismiss and notify, webauthn:extension:credBlob: true, webauthn:extension:largeBlob: true, webauthn:extension:minPinLength: true, webauthn:extension:prf: true, webauthn:virtualAuthenticators: true}
Session ID: 1b153fccdba17205bd67a2c01d74f465]]>
            </message>
            <full-stacktrace>
              <![CDATA[org.openqa.selenium.TimeoutException: Expected condition failed: waiting for visibility of element located by By.id: hoTen-helper-text (tried for 10 second(s) with 500 milliseconds interval)
Build info: version: '4.35.0', revision: '1c58e5028b'
System info: os.name: 'Windows 11', os.arch: 'amd64', os.version: '10.0', java.version: '21.0.8'
Driver info: org.openqa.selenium.chrome.ChromeDriver
Capabilities {acceptInsecureCerts: false, browserName: chrome, browserVersion: 143.0.7499.170, chrome: {chromedriverVersion: 143.0.7499.169 (164b20aab62..., userDataDir: C:\Users\Admin\AppData\Loca...}, fedcm:accounts: true, goog:chromeOptions: {debuggerAddress: localhost:61260}, goog:processID: 5000, networkConnectionEnabled: false, pageLoadStrategy: normal, platformName: windows, proxy: Proxy(), se:cdp: ws://localhost:61260/devtoo..., se:cdpVersion: 143.0.7499.170, setWindowRect: true, strictFileInteractability: false, timeouts: {implicit: 0, pageLoad: 300000, script: 30000}, unhandledPromptBehavior: dismiss and notify, webauthn:extension:credBlob: true, webauthn:extension:largeBlob: true, webauthn:extension:minPinLength: true, webauthn:extension:prf: true, webauthn:virtualAuthenticators: true}
Session ID: 1b153fccdba17205bd67a2c01d74f465
at org.openqa.selenium.support.ui.WebDriverWait.timeoutException(WebDriverWait.java:84)
at org.openqa.selenium.support.ui.FluentWait.until(FluentWait.java:228)
at base.BasePage.waitForVisibilityOfElementLocated(BasePage.java:24)
at base.BasePage.getText(BasePage.java:71)
at base.BasePage.getText(BasePage.java:76)
at pages.RegisterPage.getFieldErrorMessage(RegisterPage.java:110)
at testcases.register.RegisterTest.TC_Negative_Register_Test_Cases(RegisterTest.java:193)
at java.base/jdk.internal.reflect.DirectMethodHandleAccessor.invoke(DirectMethodHandleAccessor.java:103)
at java.base/java.lang.reflect.Method.invoke(Method.java:580)
at org.testng.internal.invokers.MethodInvocationHelper.invokeMethod(MethodInvocationHelper.java:141)
at org.testng.internal.invokers.TestInvoker.invokeMethod(TestInvoker.java:687)
at org.testng.internal.invokers.TestInvoker.invokeTestMethod(TestInvoker.java:230)
at org.testng.internal.invokers.MethodRunner.runInSequence(MethodRunner.java:63)
at org.testng.internal.invokers.TestInvoker$MethodInvocationAgent.invoke(TestInvoker.java:995)
at org.testng.internal.invokers.TestInvoker.invokeTestMethods(TestInvoker.java:203)
at org.testng.internal.invokers.TestMethodWorker.invokeTestMethods(TestMethodWorker.java:154)
at org.testng.internal.invokers.TestMethodWorker.run(TestMethodWorker.java:134)
at java.base/java.util.ArrayList.forEach(ArrayList.java:1596)
at org.testng.TestRunner.privateRun(TestRunner.java:741)
at org.testng.TestRunner.run(TestRunner.java:616)
at org.testng.SuiteRunner.runTest(SuiteRunner.java:421)
at org.testng.SuiteRunner.runSequentially(SuiteRunner.java:413)
at org.testng.SuiteRunner.privateRun(SuiteRunner.java:373)
at org.testng.SuiteRunner.run(SuiteRunner.java:312)
at org.testng.SuiteRunnerWorker.runSuite(SuiteRunnerWorker.java:52)
at org.testng.SuiteRunnerWorker.run(SuiteRunnerWorker.java:95)
at org.testng.TestNG.runSuitesSequentially(TestNG.java:1274)
at org.testng.TestNG.runSuitesLocally(TestNG.java:1208)
at org.testng.TestNG.runSuites(TestNG.java:1112)
at org.testng.TestNG.run(TestNG.java:1079)
at org.gradle.api.internal.tasks.testing.testng.TestNGTestClassProcessor.runTests(TestNGTestClassProcessor.java:153)
at org.gradle.api.internal.tasks.testing.testng.TestNGTestClassProcessor.stop(TestNGTestClassProcessor.java:95)
at org.gradle.api.internal.tasks.testing.SuiteTestClassProcessor.stop(SuiteTestClassProcessor.java:63)
at java.base/jdk.internal.reflect.DirectMethodHandleAccessor.invoke(DirectMethodHandleAccessor.java:103)
at java.base/java.lang.reflect.Method.invoke(Method.java:580)
at org.gradle.internal.dispatch.ReflectionDispatch.dispatch(ReflectionDispatch.java:36)
at org.gradle.internal.dispatch.ReflectionDispatch.dispatch(ReflectionDispatch.java:24)
at org.gradle.internal.dispatch.ContextClassLoaderDispatch.dispatch(ContextClassLoaderDispatch.java:33)
at org.gradle.internal.dispatch.ProxyDispatchAdapter$DispatchingInvocationHandler.invoke(ProxyDispatchAdapter.java:92)
at jdk.proxy1/jdk.proxy1.$Proxy4.stop(Unknown Source)
at org.gradle.api.internal.tasks.testing.worker.TestWorker$3.run(TestWorker.java:200)
at org.gradle.api.internal.tasks.testing.worker.TestWorker.executeAndMaintainThreadName(TestWorker.java:132)
at org.gradle.api.internal.tasks.testing.worker.TestWorker.execute(TestWorker.java:103)
at org.gradle.api.internal.tasks.testing.worker.TestWorker.execute(TestWorker.java:63)
at org.gradle.process.internal.worker.child.ActionExecutionWorker.execute(ActionExecutionWorker.java:56)
at org.gradle.process.internal.worker.child.SystemApplicationClassLoaderWorker.call(SystemApplicationClassLoaderWorker.java:122)
at org.gradle.process.internal.worker.child.SystemApplicationClassLoaderWorker.call(SystemApplicationClassLoaderWorker.java:72)
at worker.org.gradle.process.internal.worker.GradleWorkerMain.run(GradleWorkerMain.java:69)
at worker.org.gradle.process.internal.worker.GradleWorkerMain.main(GradleWorkerMain.java:74)
]]>
            </full-stacktrace>
          </exception> <!-- org.openqa.selenium.TimeoutException -->
          <reporter-output>
          </reporter-output>
        </test-method> <!-- TC_Negative_Register_Test_Cases -->
        <test-method is-config="true" signature="afterMethod(org.testng.ITestResult)[pri:0, instance:testcases.register.RegisterTest@6e4de19b]" started-at="2026-01-04T16:24:24 ICT" name="afterMethod" finished-at="2026-01-04T16:24:24 ICT" duration-ms="398" status="PASS">
          <params>
            <param index="0">
              <value>
                <![CDATA[[TestResult name=TC_Negative_Register_Test_Cases status=FAILURE method=RegisterTest.TC_Negative_Register_Test_Cases(java.lang.String,java.lang.String,java.lang.String,java.lang.String,java.lang.String,java.lang.String,java.lang.String,java.lang.String,java.lang.String)[pri:0, instance:testcases.register.RegisterTest@6e4de19b] output={null}]]]>
              </value>
            </param>
          </params>
          <reporter-output>
          </reporter-output>
        </test-method> <!-- afterMethod -->
        <test-method is-config="true" signature="beforeMethod(org.testng.ITestResult)[pri:0, instance:testcases.register.RegisterTest@6e4de19b]" started-at="2026-01-04T16:24:24 ICT" name="beforeMethod" finished-at="2026-01-04T16:24:24 ICT" duration-ms="96" status="PASS">
          <params>
            <param index="0">
              <value>
                <![CDATA[[TestResult name={null} status=CREATED method=RegisterTest.TC_Negative_Register_Test_Cases(java.lang.String,java.lang.String,java.lang.String,java.lang.String,java.lang.String,java.lang.String,java.lang.String,java.lang.String,java.lang.String)[pri:0, instance:testcases.register.RegisterTest@6e4de19b] output={null}]]]>
              </value>
            </param>
          </params>
          <reporter-output>
          </reporter-output>
        </test-method> <!-- beforeMethod -->
        <test-method is-config="true" signature="setupPages()[pri:0, instance:testcases.register.RegisterTest@6e4de19b]" started-at="2026-01-04T16:24:24 ICT" name="setupPages" finished-at="2026-01-04T16:24:25 ICT" duration-ms="126" status="PASS">
          <reporter-output>
          </reporter-output>
        </test-method> <!-- setupPages -->
        <test-method signature="TC_Negative_Register_Test_Cases(java.lang.String,java.lang.String,java.lang.String,java.lang.String,java.lang.String,java.lang.String,java.lang.String,java.lang.String,java.lang.String)[pri:0, instance:testcases.register.RegisterTest@6e4de19b]" started-at="2026-01-04T16:24:25 ICT" name="TC_Negative_Register_Test_Cases" description="TC_Negative_Register_Test_Cases" data-provider="negativeRegisterData" finished-at="2026-01-04T16:24:35 ICT" duration-ms="10958" status="FAIL">
          <params>
            <param index="0">
              <value>
                <![CDATA[Invalid password with leading/trailing spaces]]>
              </value>
            </param>
            <param index="1">
              <value>
                <![CDATA[tester_1767518632895]]>
              </value>
            </param>
            <param index="2">
              <value>
                <![CDATA[tester_1767518632895@example.com]]>
              </value>
            </param>
            <param index="3">
              <value>
                <![CDATA[  StrongPass123  ]]>
              </value>
            </param>
            <param index="4">
              <value>
                <![CDATA[  StrongPass123  ]]>
              </value>
            </param>
            <param index="5">
              <value>
                <![CDATA[John S]]>
              </value>
            </param>
            <param index="6">
              <value>
                <![CDATA[FIELD]]>
              </value>
            </param>
            <param index="7">
              <value>
                <![CDATA[matKhau]]>
              </value>
            </param>
            <param index="8">
              <value>
                <![CDATA[no leading or trailing spaces]]>
              </value>
            </param>
          </params>
          <exception class="org.openqa.selenium.TimeoutException">
            <message>
              <![CDATA[Expected condition failed: waiting for visibility of element located by By.id: matKhau-helper-text (tried for 10 second(s) with 500 milliseconds interval)
Build info: version: '4.35.0', revision: '1c58e5028b'
System info: os.name: 'Windows 11', os.arch: 'amd64', os.version: '10.0', java.version: '21.0.8'
Driver info: org.openqa.selenium.chrome.ChromeDriver
Capabilities {acceptInsecureCerts: false, browserName: chrome, browserVersion: 143.0.7499.170, chrome: {chromedriverVersion: 143.0.7499.169 (164b20aab62..., userDataDir: C:\Users\Admin\AppData\Loca...}, fedcm:accounts: true, goog:chromeOptions: {debuggerAddress: localhost:61260}, goog:processID: 5000, networkConnectionEnabled: false, pageLoadStrategy: normal, platformName: windows, proxy: Proxy(), se:cdp: ws://localhost:61260/devtoo..., se:cdpVersion: 143.0.7499.170, setWindowRect: true, strictFileInteractability: false, timeouts: {implicit: 0, pageLoad: 300000, script: 30000}, unhandledPromptBehavior: dismiss and notify, webauthn:extension:credBlob: true, webauthn:extension:largeBlob: true, webauthn:extension:minPinLength: true, webauthn:extension:prf: true, webauthn:virtualAuthenticators: true}
Session ID: 1b153fccdba17205bd67a2c01d74f465]]>
            </message>
            <full-stacktrace>
              <![CDATA[org.openqa.selenium.TimeoutException: Expected condition failed: waiting for visibility of element located by By.id: matKhau-helper-text (tried for 10 second(s) with 500 milliseconds interval)
Build info: version: '4.35.0', revision: '1c58e5028b'
System info: os.name: 'Windows 11', os.arch: 'amd64', os.version: '10.0', java.version: '21.0.8'
Driver info: org.openqa.selenium.chrome.ChromeDriver
Capabilities {acceptInsecureCerts: false, browserName: chrome, browserVersion: 143.0.7499.170, chrome: {chromedriverVersion: 143.0.7499.169 (164b20aab62..., userDataDir: C:\Users\Admin\AppData\Loca...}, fedcm:accounts: true, goog:chromeOptions: {debuggerAddress: localhost:61260}, goog:processID: 5000, networkConnectionEnabled: false, pageLoadStrategy: normal, platformName: windows, proxy: Proxy(), se:cdp: ws://localhost:61260/devtoo..., se:cdpVersion: 143.0.7499.170, setWindowRect: true, strictFileInteractability: false, timeouts: {implicit: 0, pageLoad: 300000, script: 30000}, unhandledPromptBehavior: dismiss and notify, webauthn:extension:credBlob: true, webauthn:extension:largeBlob: true, webauthn:extension:minPinLength: true, webauthn:extension:prf: true, webauthn:virtualAuthenticators: true}
Session ID: 1b153fccdba17205bd67a2c01d74f465
at org.openqa.selenium.support.ui.WebDriverWait.timeoutException(WebDriverWait.java:84)
at org.openqa.selenium.support.ui.FluentWait.until(FluentWait.java:228)
at base.BasePage.waitForVisibilityOfElementLocated(BasePage.java:24)
at base.BasePage.getText(BasePage.java:71)
at base.BasePage.getText(BasePage.java:76)
at pages.RegisterPage.getFieldErrorMessage(RegisterPage.java:110)
at testcases.register.RegisterTest.TC_Negative_Register_Test_Cases(RegisterTest.java:193)
at java.base/jdk.internal.reflect.DirectMethodHandleAccessor.invoke(DirectMethodHandleAccessor.java:103)
at java.base/java.lang.reflect.Method.invoke(Method.java:580)
at org.testng.internal.invokers.MethodInvocationHelper.invokeMethod(MethodInvocationHelper.java:141)
at org.testng.internal.invokers.TestInvoker.invokeMethod(TestInvoker.java:687)
at org.testng.internal.invokers.TestInvoker.invokeTestMethod(TestInvoker.java:230)
at org.testng.internal.invokers.MethodRunner.runInSequence(MethodRunner.java:63)
at org.testng.internal.invokers.TestInvoker$MethodInvocationAgent.invoke(TestInvoker.java:995)
at org.testng.internal.invokers.TestInvoker.invokeTestMethods(TestInvoker.java:203)
at org.testng.internal.invokers.TestMethodWorker.invokeTestMethods(TestMethodWorker.java:154)
at org.testng.internal.invokers.TestMethodWorker.run(TestMethodWorker.java:134)
at java.base/java.util.ArrayList.forEach(ArrayList.java:1596)
at org.testng.TestRunner.privateRun(TestRunner.java:741)
at org.testng.TestRunner.run(TestRunner.java:616)
at org.testng.SuiteRunner.runTest(SuiteRunner.java:421)
at org.testng.SuiteRunner.runSequentially(SuiteRunner.java:413)
at org.testng.SuiteRunner.privateRun(SuiteRunner.java:373)
at org.testng.SuiteRunner.run(SuiteRunner.java:312)
at org.testng.SuiteRunnerWorker.runSuite(SuiteRunnerWorker.java:52)
at org.testng.SuiteRunnerWorker.run(SuiteRunnerWorker.java:95)
at org.testng.TestNG.runSuitesSequentially(TestNG.java:1274)
at org.testng.TestNG.runSuitesLocally(TestNG.java:1208)
at org.testng.TestNG.runSuites(TestNG.java:1112)
at org.testng.TestNG.run(TestNG.java:1079)
at org.gradle.api.internal.tasks.testing.testng.TestNGTestClassProcessor.runTests(TestNGTestClassProcessor.java:153)
at org.gradle.api.internal.tasks.testing.testng.TestNGTestClassProcessor.stop(TestNGTestClassProcessor.java:95)
at org.gradle.api.internal.tasks.testing.SuiteTestClassProcessor.stop(SuiteTestClassProcessor.java:63)
at java.base/jdk.internal.reflect.DirectMethodHandleAccessor.invoke(DirectMethodHandleAccessor.java:103)
at java.base/java.lang.reflect.Method.invoke(Method.java:580)
at org.gradle.internal.dispatch.ReflectionDispatch.dispatch(ReflectionDispatch.java:36)
at org.gradle.internal.dispatch.ReflectionDispatch.dispatch(ReflectionDispatch.java:24)
at org.gradle.internal.dispatch.ContextClassLoaderDispatch.dispatch(ContextClassLoaderDispatch.java:33)
at org.gradle.internal.dispatch.ProxyDispatchAdapter$DispatchingInvocationHandler.invoke(ProxyDispatchAdapter.java:92)
at jdk.proxy1/jdk.proxy1.$Proxy4.stop(Unknown Source)
at org.gradle.api.internal.tasks.testing.worker.TestWorker$3.run(TestWorker.java:200)
at org.gradle.api.internal.tasks.testing.worker.TestWorker.executeAndMaintainThreadName(TestWorker.java:132)
at org.gradle.api.internal.tasks.testing.worker.TestWorker.execute(TestWorker.java:103)
at org.gradle.api.internal.tasks.testing.worker.TestWorker.execute(TestWorker.java:63)
at org.gradle.process.internal.worker.child.ActionExecutionWorker.execute(ActionExecutionWorker.java:56)
at org.gradle.process.internal.worker.child.SystemApplicationClassLoaderWorker.call(SystemApplicationClassLoaderWorker.java:122)
at org.gradle.process.internal.worker.child.SystemApplicationClassLoaderWorker.call(SystemApplicationClassLoaderWorker.java:72)
at worker.org.gradle.process.internal.worker.GradleWorkerMain.run(GradleWorkerMain.java:69)
at worker.org.gradle.process.internal.worker.GradleWorkerMain.main(GradleWorkerMain.java:74)
]]>
            </full-stacktrace>
          </exception> <!-- org.openqa.selenium.TimeoutException -->
          <reporter-output>
          </reporter-output>
        </test-method> <!-- TC_Negative_Register_Test_Cases -->
        <test-method is-config="true" signature="afterMethod(org.testng.ITestResult)[pri:0, instance:testcases.register.RegisterTest@6e4de19b]" started-at="2026-01-04T16:24:36 ICT" name="afterMethod" finished-at="2026-01-04T16:24:36 ICT" duration-ms="400" status="PASS">
          <params>
            <param index="0">
              <value>
                <![CDATA[[TestResult name=TC_Negative_Register_Test_Cases status=FAILURE method=RegisterTest.TC_Negative_Register_Test_Cases(java.lang.String,java.lang.String,java.lang.String,java.lang.String,java.lang.String,java.lang.String,java.lang.String,java.lang.String,java.lang.String)[pri:0, instance:testcases.register.RegisterTest@6e4de19b] output={null}]]]>
              </value>
            </param>
          </params>
          <reporter-output>
          </reporter-output>
        </test-method> <!-- afterMethod -->
        <test-method is-config="true" signature="beforeMethod(org.testng.ITestResult)[pri:0, instance:testcases.register.RegisterTest@6e4de19b]" started-at="2026-01-04T16:24:36 ICT" name="beforeMethod" finished-at="2026-01-04T16:24:37 ICT" duration-ms="179" status="PASS">
          <params>
            <param index="0">
              <value>
                <![CDATA[[TestResult name={null} status=CREATED method=RegisterTest.TC_Register_Success_When_Account_Not_Exist()[pri:0, instance:testcases.register.RegisterTest@6e4de19b] output={null}]]]>
              </value>
            </param>
          </params>
          <reporter-output>
          </reporter-output>
        </test-method> <!-- beforeMethod -->
        <test-method is-config="true" signature="setupPages()[pri:0, instance:testcases.register.RegisterTest@6e4de19b]" started-at="2026-01-04T16:24:37 ICT" name="setupPages" finished-at="2026-01-04T16:24:37 ICT" duration-ms="245" status="PASS">
          <reporter-output>
          </reporter-output>
        </test-method> <!-- setupPages -->
        <test-method signature="TC_Register_Success_When_Account_Not_Exist()[pri:0, instance:testcases.register.RegisterTest@6e4de19b]" started-at="2026-01-04T16:24:37 ICT" name="TC_Register_Success_When_Account_Not_Exist" description="TC_Register_Success_When_Account_Not_Exist" finished-at="2026-01-04T16:24:41 ICT" duration-ms="4548" status="PASS">
          <reporter-output>
          </reporter-output>
        </test-method> <!-- TC_Register_Success_When_Account_Not_Exist -->
        <test-method is-config="true" signature="afterMethod(org.testng.ITestResult)[pri:0, instance:testcases.register.RegisterTest@6e4de19b]" started-at="2026-01-04T16:24:41 ICT" name="afterMethod" finished-at="2026-01-04T16:24:41 ICT" duration-ms="0" status="PASS">
          <params>
            <param index="0">
              <value>
                <![CDATA[[TestResult name=TC_Register_Success_When_Account_Not_Exist status=SUCCESS method=RegisterTest.TC_Register_Success_When_Account_Not_Exist()[pri:0, instance:testcases.register.RegisterTest@6e4de19b] output={null}]]]>
              </value>
            </param>
          </params>
          <reporter-output>
          </reporter-output>
        </test-method> <!-- afterMethod -->
        <test-method is-config="true" signature="afterClass()[pri:0, instance:testcases.register.RegisterTest@6e4de19b]" started-at="2026-01-04T16:24:41 ICT" name="afterClass" finished-at="2026-01-04T16:24:42 ICT" duration-ms="657" status="PASS">
          <reporter-output>
          </reporter-output>
        </test-method> <!-- afterClass -->
        <test-method is-config="true" signature="afterSuite()[pri:0, instance:testcases.register.RegisterTest@6e4de19b]" started-at="2026-01-04T16:24:42 ICT" name="afterSuite" finished-at="2026-01-04T16:24:42 ICT" duration-ms="374" status="PASS">
          <reporter-output>
          </reporter-output>
        </test-method> <!-- afterSuite -->
      </class> <!-- testcases.register.RegisterTest -->
    </test> <!-- Gradle test -->
  </suite> <!-- Gradle suite -->
</testng-results>
