<?xml version="1.0" encoding="UTF-8"?>
<testng-results ignored="0" total="1" passed="1" failed="0" skipped="0">
  <reporter-output>
  </reporter-output>
  <suite started-at="2025-12-25T21:08:47 ICT" name="Gradle suite" finished-at="2025-12-25T21:08:52 ICT" duration-ms="4428">
    <groups>
    </groups>
    <test started-at="2025-12-25T21:08:47 ICT" name="Gradle test" finished-at="2025-12-25T21:08:52 ICT" duration-ms="4428">
      <class name="testcases.purchasepage.SeatSelectionTest">
        <test-method is-config="true" signature="beforeSuite()[pri:0, instance:testcases.purchasepage.SeatSelectionTest@56c9bbd8]" started-at="2025-12-25T21:08:47 ICT" name="beforeSuite" finished-at="2025-12-25T21:08:47 ICT" duration-ms="52" status="PASS">
          <reporter-output>
          </reporter-output>
        </test-method> <!-- beforeSuite -->
        <test-method is-config="true" signature="beforeClass()[pri:0, instance:testcases.purchasepage.SeatSelectionTest@56c9bbd8]" started-at="2025-12-25T21:08:47 ICT" name="beforeClass" finished-at="2025-12-25T21:08:48 ICT" duration-ms="1145" status="PASS">
          <reporter-output>
          </reporter-output>
        </test-method> <!-- beforeClass -->
        <test-method is-config="true" signature="beforeMethod(org.testng.ITestResult)[pri:0, instance:testcases.purchasepage.SeatSelectionTest@56c9bbd8]" started-at="2025-12-25T21:08:48 ICT" name="beforeMethod" finished-at="2025-12-25T21:08:49 ICT" duration-ms="658" status="PASS">
          <params>
            <param index="0">
              <value>
                <![CDATA[[TestResult name={null} status=CREATED method=SeatSelectionTest.TC02_Verify_Summary_And_Booking_Success()[pri:0, instance:testcases.purchasepage.SeatSelectionTest@56c9bbd8] output={null}]]]>
              </value>
            </param>
          </params>
          <reporter-output>
          </reporter-output>
        </test-method> <!-- beforeMethod -->
        <test-method is-config="true" signature="setupPages()[pri:0, instance:testcases.purchasepage.SeatSelectionTest@56c9bbd8]" started-at="2025-12-25T21:08:49 ICT" name="setupPages" finished-at="2025-12-25T21:08:49 ICT" duration-ms="3" status="PASS">
          <reporter-output>
          </reporter-output>
        </test-method> <!-- setupPages -->
        <test-method signature="TC02_Verify_Summary_And_Booking_Success()[pri:0, instance:testcases.purchasepage.SeatSelectionTest@56c9bbd8]" started-at="2025-12-25T21:08:49 ICT" name="TC02_Verify_Summary_And_Booking_Success" finished-at="2025-12-25T21:08:51 ICT" duration-ms="2526" status="PASS">
          <reporter-output>
          </reporter-output>
        </test-method> <!-- TC02_Verify_Summary_And_Booking_Success -->
        <test-method is-config="true" signature="afterMethod(org.testng.ITestResult)[pri:0, instance:testcases.purchasepage.SeatSelectionTest@56c9bbd8]" started-at="2025-12-25T21:08:51 ICT" name="afterMethod" finished-at="2025-12-25T21:08:51 ICT" duration-ms="0" status="PASS">
          <params>
            <param index="0">
              <value>
                <![CDATA[[TestResult name=TC02_Verify_Summary_And_Booking_Success status=SUCCESS method=SeatSelectionTest.TC02_Verify_Summary_And_Booking_Success()[pri:0, instance:testcases.purchasepage.SeatSelectionTest@56c9bbd8] output={null}]]]>
              </value>
            </param>
          </params>
          <reporter-output>
          </reporter-output>
        </test-method> <!-- afterMethod -->
        <test-method is-config="true" signature="afterClass()[pri:0, instance:testcases.purchasepage.SeatSelectionTest@56c9bbd8]" started-at="2025-12-25T21:08:51 ICT" name="afterClass" finished-at="2025-12-25T21:08:52 ICT" duration-ms="87" status="PASS">
          <reporter-output>
          </reporter-output>
        </test-method> <!-- afterClass -->
        <test-method is-config="true" signature="afterSuite()[pri:0, instance:testcases.purchasepage.SeatSelectionTest@56c9bbd8]" started-at="2025-12-25T21:08:52 ICT" name="afterSuite" finished-at="2025-12-25T21:08:52 ICT" duration-ms="83" status="PASS">
          <reporter-output>
          </reporter-output>
        </test-method> <!-- afterSuite -->
      </class> <!-- testcases.purchasepage.SeatSelectionTest -->
    </test> <!-- Gradle test -->
  </suite> <!-- Gradle suite -->
</testng-results>
