<?xml version="1.0" encoding="UTF-8"?>
<testng-results ignored="0" total="1" passed="1" failed="0" skipped="0">
  <reporter-output>
  </reporter-output>
  <suite started-at="2026-01-04T15:38:59 ICT" name="Gradle suite" finished-at="2026-01-04T15:39:32 ICT" duration-ms="33453">
    <groups>
    </groups>
    <test started-at="2026-01-04T15:38:59 ICT" name="Gradle test" finished-at="2026-01-04T15:39:32 ICT" duration-ms="33453">
      <class name="testcases.login.LoginTest">
        <test-method is-config="true" signature="beforeSuite()[pri:0, instance:testcases.login.LoginTest@39dcf4b0]" started-at="2026-01-04T15:38:58 ICT" name="beforeSuite" finished-at="2026-01-04T15:38:59 ICT" duration-ms="362" status="PASS">
          <reporter-output>
          </reporter-output>
        </test-method> <!-- beforeSuite -->
        <test-method is-config="true" signature="beforeClass()[pri:0, instance:testcases.login.LoginTest@39dcf4b0]" started-at="2026-01-04T15:38:59 ICT" name="beforeClass" finished-at="2026-01-04T15:39:08 ICT" duration-ms="9537" status="PASS">
          <reporter-output>
          </reporter-output>
        </test-method> <!-- beforeClass -->
        <test-method is-config="true" signature="setUpPages()[pri:0, instance:testcases.login.LoginTest@39dcf4b0]" started-at="2026-01-04T15:39:08 ICT" name="setUpPages" finished-at="2026-01-04T15:39:08 ICT" duration-ms="54" status="PASS">
          <reporter-output>
          </reporter-output>
        </test-method> <!-- setUpPages -->
        <test-method is-config="true" signature="beforeMethod(org.testng.ITestResult)[pri:0, instance:testcases.login.LoginTest@39dcf4b0]" started-at="2026-01-04T15:39:08 ICT" name="beforeMethod" finished-at="2026-01-04T15:39:09 ICT" duration-ms="310" status="PASS">
          <params>
            <param index="0">
              <value>
                <![CDATA[[TestResult name={null} status=CREATED method=LoginTest.TC_InvalidCredentials_ShowsError()[pri:0, instance:testcases.login.LoginTest@39dcf4b0] output={null}]]]>
              </value>
            </param>
          </params>
          <reporter-output>
          </reporter-output>
        </test-method> <!-- beforeMethod -->
        <test-method is-config="true" signature="navigateToLoginPage()[pri:0, instance:testcases.login.LoginTest@39dcf4b0]" started-at="2026-01-04T15:39:09 ICT" name="navigateToLoginPage" finished-at="2026-01-04T15:39:11 ICT" duration-ms="2352" status="PASS">
          <reporter-output>
          </reporter-output>
        </test-method> <!-- navigateToLoginPage -->
        <test-method signature="TC_InvalidCredentials_ShowsError()[pri:0, instance:testcases.login.LoginTest@39dcf4b0]" started-at="2026-01-04T15:39:11 ICT" name="TC_InvalidCredentials_ShowsError" description="Login with invalid data" finished-at="2026-01-04T15:39:15 ICT" duration-ms="3688" status="PASS">
          <reporter-output>
          </reporter-output>
        </test-method> <!-- TC_InvalidCredentials_ShowsError -->
        <test-method is-config="true" signature="afterMethod(org.testng.ITestResult)[pri:0, instance:testcases.login.LoginTest@39dcf4b0]" started-at="2026-01-04T15:39:15 ICT" name="afterMethod" finished-at="2026-01-04T15:39:15 ICT" duration-ms="42" status="PASS">
          <params>
            <param index="0">
              <value>
                <![CDATA[[TestResult name=TC_InvalidCredentials_ShowsError status=SUCCESS method=LoginTest.TC_InvalidCredentials_ShowsError()[pri:0, instance:testcases.login.LoginTest@39dcf4b0] output={null}]]]>
              </value>
            </param>
          </params>
          <reporter-output>
          </reporter-output>
        </test-method> <!-- afterMethod -->
        <test-method is-config="true" signature="afterClass()[pri:0, instance:testcases.login.LoginTest@39dcf4b0]" started-at="2026-01-04T15:39:15 ICT" name="afterClass" finished-at="2026-01-04T15:39:32 ICT" duration-ms="17244" status="PASS">
          <reporter-output>
          </reporter-output>
        </test-method> <!-- afterClass -->
        <test-method is-config="true" signature="afterSuite()[pri:0, instance:testcases.login.LoginTest@39dcf4b0]" started-at="2026-01-04T15:39:32 ICT" name="afterSuite" finished-at="2026-01-04T15:39:33 ICT" duration-ms="804" status="PASS">
          <reporter-output>
          </reporter-output>
        </test-method> <!-- afterSuite -->
      </class> <!-- testcases.login.LoginTest -->
    </test> <!-- Gradle test -->
  </suite> <!-- Gradle suite -->
</testng-results>
